2021-09-28 00:00:13.895 | INFO     | __main__:get_sequence:126 - Column GrayStripe #5/24
2021-09-28 00:00:31.089 | INFO     | __main__:get_sequence:126 - Column GrayStripe #6/24
2021-09-28 00:00:47.475 | INFO     | __main__:get_sequence:126 - Column GrayStripe #7/24
2021-09-28 00:01:02.880 | INFO     | __main__:get_sequence:126 - Column GrayStripe #8/24
2021-09-28 00:01:17.702 | INFO     | __main__:get_sequence:126 - Column GrayStripe #9/24
2021-09-28 00:01:32.643 | INFO     | __main__:get_sequence:126 - Column GrayStripe #10/24
2021-09-28 00:01:48.179 | INFO     | __main__:get_sequence:126 - Column GrayStripe #11/24
2021-09-28 00:02:04.696 | INFO     | __main__:get_sequence:126 - Column GrayStripe #12/24
2021-09-28 00:02:20.835 | INFO     | __main__:get_sequence:126 - Column GrayStripe #13/24
2021-09-28 00:02:36.739 | INFO     | __main__:get_sequence:126 - Column GrayStripe #14/24
2021-09-28 00:02:51.591 | INFO     | __main__:get_sequence:126 - Column GrayStripe #15/24
2021-09-28 00:03:06.489 | INFO     | __main__:get_sequence:126 - Column GrayStripe #16/24
2021-09-28 00:03:21.665 | INFO     | __main__:get_sequence:126 - Column GrayStripe #17/24
2021-09-28 00:03:37.132 | INFO     | __main__:get_sequence:126 - Column GrayStripe #18/24
2021-09-28 00:03:52.489 | INFO     | __main__:get_sequence:126 - Column GrayStripe #19/24
2021-09-28 00:04:08.500 | INFO     | __main__:get_sequence:126 - Column GrayStripe #20/24
2021-09-28 00:04:24.365 | INFO     | __main__:get_sequence:126 - Column GrayStripe #21/24
2021-09-28 00:04:39.944 | INFO     | __main__:get_sequence:126 - Column GrayStripe #22/24
2021-09-28 00:04:56.079 | INFO     | __main__:get_sequence:126 - Column GrayStripe #23/24
2021-09-28 00:05:12.625 | INFO     | __main__:get_sequence:126 - Column GrayStripe #24/24
2021-09-28 00:05:28.560 | INFO     | __main__:get_sequence:152 - Row GrayStripe #1/24
2021-09-28 00:34:04.155 | INFO     | __main__:get_sequence:152 - Row GrayStripe #2/24
2021-09-28 00:35:00.570 | INFO     | __main__:get_sequence:152 - Row GrayStripe #3/24
2021-09-28 00:35:14.939 | INFO     | __main__:get_sequence:152 - Row GrayStripe #4/24
2021-09-28 00:35:27.941 | INFO     | __main__:get_sequence:152 - Row GrayStripe #5/24
2021-09-28 00:35:43.752 | INFO     | __main__:get_sequence:152 - Row GrayStripe #6/24
2021-09-28 00:35:58.933 | INFO     | __main__:get_sequence:152 - Row GrayStripe #7/24
2021-09-28 00:54:23.396 | INFO     | __main__:get_sequence:152 - Row GrayStripe #8/24
2021-09-28 00:54:44.392 | INFO     | __main__:get_sequence:152 - Row GrayStripe #9/24
2021-09-28 00:55:00.432 | INFO     | __main__:get_sequence:152 - Row GrayStripe #10/24
2021-09-28 00:55:14.657 | INFO     | __main__:get_sequence:152 - Row GrayStripe #11/24
2021-09-28 00:55:30.387 | INFO     | __main__:get_sequence:152 - Row GrayStripe #12/24
2021-09-28 00:55:44.502 | INFO     | __main__:get_sequence:152 - Row GrayStripe #13/24
2021-09-28 01:46:22.333 | INFO     | __main__:get_sequence:152 - Row GrayStripe #14/24
2021-09-28 01:47:35.673 | INFO     | __main__:get_sequence:152 - Row GrayStripe #15/24
2021-09-28 01:47:51.534 | INFO     | __main__:get_sequence:152 - Row GrayStripe #16/24
2021-09-28 01:48:05.769 | INFO     | __main__:get_sequence:152 - Row GrayStripe #17/24
2021-09-28 01:48:21.180 | INFO     | __main__:get_sequence:152 - Row GrayStripe #18/24
2021-09-28 01:48:38.464 | INFO     | __main__:get_sequence:152 - Row GrayStripe #19/24
2021-09-28 01:48:54.336 | INFO     | __main__:get_sequence:152 - Row GrayStripe #20/24
2021-09-28 01:49:08.751 | INFO     | __main__:get_sequence:152 - Row GrayStripe #21/24
2021-09-28 01:49:22.724 | INFO     | __main__:get_sequence:152 - Row GrayStripe #22/24
2021-09-28 01:49:38.094 | INFO     | __main__:get_sequence:152 - Row GrayStripe #23/24
2021-09-28 01:49:54.902 | INFO     | __main__:get_sequence:152 - Row GrayStripe #24/24
2021-09-28 01:50:11.263 | INFO     | __main__:main:223 - Pose 28 | Decoding Cols
2021-09-28 01:50:11.500 | INFO     | __main__:main:226 - Pose 28 | Decoding Rows
2021-09-28 01:50:14.309 | INFO     | __main__:main:214 - Pose29
2021-09-28 01:50:14.311 | INFO     | __main__:get_sequence:118 - All White
2021-09-28 01:50:22.159 | INFO     | __main__:get_sequence:126 - Column GrayStripe #1/24
2021-09-28 01:50:36.497 | INFO     | __main__:get_sequence:126 - Column GrayStripe #2/24
2021-09-28 01:50:51.081 | INFO     | __main__:get_sequence:126 - Column GrayStripe #3/24
2021-09-28 01:51:05.486 | INFO     | __main__:get_sequence:126 - Column GrayStripe #4/24
2021-09-28 01:51:20.497 | INFO     | __main__:get_sequence:126 - Column GrayStripe #5/24
2021-09-28 01:51:35.830 | INFO     | __main__:get_sequence:126 - Column GrayStripe #6/24
2021-09-28 01:51:50.839 | INFO     | __main__:get_sequence:126 - Column GrayStripe #7/24
2021-09-28 01:52:05.444 | INFO     | __main__:get_sequence:126 - Column GrayStripe #8/24
2021-09-28 01:52:20.620 | INFO     | __main__:get_sequence:126 - Column GrayStripe #9/24
2021-09-28 01:52:35.369 | INFO     | __main__:get_sequence:126 - Column GrayStripe #10/24
2021-09-28 01:52:49.975 | INFO     | __main__:get_sequence:126 - Column GrayStripe #11/24
2021-09-28 01:53:07.055 | INFO     | __main__:get_sequence:126 - Column GrayStripe #12/24
2021-09-28 01:53:26.326 | INFO     | __main__:get_sequence:126 - Column GrayStripe #13/24
2021-09-28 01:53:45.652 | INFO     | __main__:get_sequence:126 - Column GrayStripe #14/24
2021-09-28 01:54:00.805 | INFO     | __main__:get_sequence:126 - Column GrayStripe #15/24
2021-09-28 01:54:15.206 | INFO     | __main__:get_sequence:126 - Column GrayStripe #16/24
2021-09-28 01:54:29.416 | INFO     | __main__:get_sequence:126 - Column GrayStripe #17/24
2021-09-28 01:54:46.130 | INFO     | __main__:get_sequence:126 - Column GrayStripe #18/24
2021-09-28 01:55:07.969 | INFO     | __main__:get_sequence:126 - Column GrayStripe #19/24
2021-09-28 01:55:30.598 | INFO     | __main__:get_sequence:126 - Column GrayStripe #20/24
2021-09-28 01:55:51.132 | INFO     | __main__:get_sequence:126 - Column GrayStripe #21/24
2021-09-28 01:56:06.889 | INFO     | __main__:get_sequence:126 - Column GrayStripe #22/24
2021-09-28 01:56:22.541 | INFO     | __main__:get_sequence:126 - Column GrayStripe #23/24
2021-09-28 01:56:37.104 | INFO     | __main__:get_sequence:126 - Column GrayStripe #24/24
2021-09-28 01:56:52.571 | INFO     | __main__:get_sequence:152 - Row GrayStripe #1/24
2021-09-28 01:57:08.314 | INFO     | __main__:get_sequence:152 - Row GrayStripe #2/24
2021-09-28 01:57:24.300 | INFO     | __main__:get_sequence:152 - Row GrayStripe #3/24
2021-09-28 01:57:39.317 | INFO     | __main__:get_sequence:152 - Row GrayStripe #4/24
2021-09-28 01:57:54.230 | INFO     | __main__:get_sequence:152 - Row GrayStripe #5/24
2021-09-28 01:58:13.880 | INFO     | __main__:get_sequence:152 - Row GrayStripe #6/24
2021-09-28 01:58:29.141 | INFO     | __main__:get_sequence:152 - Row GrayStripe #7/24
2021-09-28 01:58:44.737 | INFO     | __main__:get_sequence:152 - Row GrayStripe #8/24
2021-09-28 01:59:00.798 | INFO     | __main__:get_sequence:152 - Row GrayStripe #9/24
2021-09-28 01:59:16.086 | INFO     | __main__:get_sequence:152 - Row GrayStripe #10/24
2021-09-28 01:59:31.159 | INFO     | __main__:get_sequence:152 - Row GrayStripe #11/24
2021-09-28 01:59:47.395 | INFO     | __main__:get_sequence:152 - Row GrayStripe #12/24
2021-09-28 02:00:04.796 | INFO     | __main__:get_sequence:152 - Row GrayStripe #13/24
2021-09-28 02:00:22.632 | INFO     | __main__:get_sequence:152 - Row GrayStripe #14/24
2021-09-28 02:00:38.462 | INFO     | __main__:get_sequence:152 - Row GrayStripe #15/24
2021-09-28 02:00:53.322 | INFO     | __main__:get_sequence:152 - Row GrayStripe #16/24
2021-09-28 02:01:08.071 | INFO     | __main__:get_sequence:152 - Row GrayStripe #17/24
2021-09-28 02:01:23.099 | INFO     | __main__:get_sequence:152 - Row GrayStripe #18/24
2021-09-28 02:01:39.890 | INFO     | __main__:get_sequence:152 - Row GrayStripe #19/24
2021-09-28 02:01:55.940 | INFO     | __main__:get_sequence:152 - Row GrayStripe #20/24
2021-09-28 02:02:11.137 | INFO     | __main__:get_sequence:152 - Row GrayStripe #21/24
2021-09-28 02:02:26.396 | INFO     | __main__:get_sequence:152 - Row GrayStripe #22/24
2021-09-28 02:02:42.166 | INFO     | __main__:get_sequence:152 - Row GrayStripe #23/24
2021-09-28 02:02:57.832 | INFO     | __main__:get_sequence:152 - Row GrayStripe #24/24
2021-09-28 02:03:14.031 | INFO     | __main__:main:223 - Pose 29 | Decoding Cols
2021-09-28 02:03:14.302 | INFO     | __main__:main:226 - Pose 29 | Decoding Rows
2021-09-28 02:03:17.248 | INFO     | __main__:main:214 - Pose30
2021-09-28 02:03:17.250 | INFO     | __main__:get_sequence:118 - All White
2021-09-28 02:03:25.009 | INFO     | __main__:get_sequence:126 - Column GrayStripe #1/24
2021-09-28 02:03:41.200 | INFO     | __main__:get_sequence:126 - Column GrayStripe #2/24
2021-09-28 02:03:56.760 | INFO     | __main__:get_sequence:126 - Column GrayStripe #3/24
2021-09-28 02:04:11.844 | INFO     | __main__:get_sequence:126 - Column GrayStripe #4/24
2021-09-28 02:04:27.806 | INFO     | __main__:get_sequence:126 - Column GrayStripe #5/24
2021-09-28 02:04:44.035 | INFO     | __main__:get_sequence:126 - Column GrayStripe #6/24
2021-09-28 02:04:59.249 | INFO     | __main__:get_sequence:126 - Column GrayStripe #7/24
2021-09-28 02:05:14.272 | INFO     | __main__:get_sequence:126 - Column GrayStripe #8/24
2021-09-28 02:05:29.845 | INFO     | __main__:get_sequence:126 - Column GrayStripe #9/24
2021-09-28 02:05:45.698 | INFO     | __main__:get_sequence:126 - Column GrayStripe #10/24
2021-09-28 02:06:01.865 | INFO     | __main__:get_sequence:126 - Column GrayStripe #11/24
2021-09-28 02:06:18.647 | INFO     | __main__:get_sequence:126 - Column GrayStripe #12/24
2021-09-28 02:06:33.933 | INFO     | __main__:get_sequence:126 - Column GrayStripe #13/24
2021-09-28 02:06:49.088 | INFO     | __main__:get_sequence:126 - Column GrayStripe #14/24
2021-09-28 02:07:05.008 | INFO     | __main__:get_sequence:126 - Column GrayStripe #15/24
2021-09-28 02:07:21.182 | INFO     | __main__:get_sequence:126 - Column GrayStripe #16/24
2021-09-28 02:07:37.231 | INFO     | __main__:get_sequence:126 - Column GrayStripe #17/24
2021-09-28 02:07:52.272 | INFO     | __main__:get_sequence:126 - Column GrayStripe #18/24
2021-09-28 02:08:07.239 | INFO     | __main__:get_sequence:126 - Column GrayStripe #19/24
2021-09-28 02:08:22.983 | INFO     | __main__:get_sequence:126 - Column GrayStripe #20/24
2021-09-28 02:08:38.696 | INFO     | __main__:get_sequence:126 - Column GrayStripe #21/24
2021-09-28 02:08:55.229 | INFO     | __main__:get_sequence:126 - Column GrayStripe #22/24
2021-09-28 02:09:10.718 | INFO     | __main__:get_sequence:126 - Column GrayStripe #23/24
2021-09-28 02:09:25.658 | INFO     | __main__:get_sequence:126 - Column GrayStripe #24/24
2021-09-28 02:09:40.390 | INFO     | __main__:get_sequence:152 - Row GrayStripe #1/24
2021-09-28 02:09:58.385 | INFO     | __main__:get_sequence:152 - Row GrayStripe #2/24
2021-09-28 02:10:16.752 | INFO     | __main__:get_sequence:152 - Row GrayStripe #3/24
2021-09-28 02:10:33.806 | INFO     | __main__:get_sequence:152 - Row GrayStripe #4/24
2021-09-28 02:10:48.412 | INFO     | __main__:get_sequence:152 - Row GrayStripe #5/24
2021-09-28 02:11:02.959 | INFO     | __main__:get_sequence:152 - Row GrayStripe #6/24
2021-09-28 02:11:18.732 | INFO     | __main__:get_sequence:152 - Row GrayStripe #7/24
2021-09-28 02:11:34.691 | INFO     | __main__:get_sequence:152 - Row GrayStripe #8/24
2021-09-28 02:11:51.644 | INFO     | __main__:get_sequence:152 - Row GrayStripe #9/24
2021-09-28 02:12:07.102 | INFO     | __main__:get_sequence:152 - Row GrayStripe #10/24
2021-09-28 02:12:22.202 | INFO     | __main__:get_sequence:152 - Row GrayStripe #11/24
2021-09-28 02:12:37.074 | INFO     | __main__:get_sequence:152 - Row GrayStripe #12/24
2021-09-28 02:12:55.526 | INFO     | __main__:get_sequence:152 - Row GrayStripe #13/24
2021-09-28 02:13:10.678 | INFO     | __main__:get_sequence:152 - Row GrayStripe #14/24
2021-09-28 02:13:26.364 | INFO     | __main__:get_sequence:152 - Row GrayStripe #15/24
2021-09-28 02:13:42.195 | INFO     | __main__:get_sequence:152 - Row GrayStripe #16/24
2021-09-28 02:13:58.146 | INFO     | __main__:get_sequence:152 - Row GrayStripe #17/24
2021-09-28 02:14:13.214 | INFO     | __main__:get_sequence:152 - Row GrayStripe #18/24
2021-09-28 02:14:28.219 | INFO     | __main__:get_sequence:152 - Row GrayStripe #19/24
2021-09-28 02:14:43.766 | INFO     | __main__:get_sequence:152 - Row GrayStripe #20/24
2021-09-28 02:15:00.186 | INFO     | __main__:get_sequence:152 - Row GrayStripe #21/24
2021-09-28 02:15:16.458 | INFO     | __main__:get_sequence:152 - Row GrayStripe #22/24
2021-09-28 02:15:32.368 | INFO     | __main__:get_sequence:152 - Row GrayStripe #23/24
2021-09-28 02:15:47.754 | INFO     | __main__:get_sequence:152 - Row GrayStripe #24/24
2021-09-28 02:16:02.819 | INFO     | __main__:main:223 - Pose 30 | Decoding Cols
2021-09-28 02:16:03.049 | INFO     | __main__:main:226 - Pose 30 | Decoding Rows
