2021-10-22 10:36:03.718 | INFO     | __main__:main:336 - Generating repetition_conv_77 code LUT, decoding func
2021-10-22 10:36:03.747 | INFO     | __main__:get_binary_gt_sequence:180 - All White
2021-10-22 10:36:03.767 | INFO     | __main__:get_binary_gt_sequence:189 - Sequence #1/11
2021-10-22 10:36:06.134 | INFO     | __main__:get_binary_gt_sequence:189 - Sequence #2/11
2021-10-22 10:36:07.227 | INFO     | __main__:get_binary_gt_sequence:189 - Sequence #3/11
2021-10-22 10:36:08.255 | INFO     | __main__:get_binary_gt_sequence:189 - Sequence #4/11
2021-10-22 10:36:09.289 | INFO     | __main__:get_binary_gt_sequence:189 - Sequence #5/11
2021-10-22 10:36:10.433 | INFO     | __main__:get_binary_gt_sequence:189 - Sequence #6/11
2021-10-22 10:36:11.517 | INFO     | __main__:get_binary_gt_sequence:189 - Sequence #7/11
2021-10-22 10:36:12.555 | INFO     | __main__:get_binary_gt_sequence:189 - Sequence #8/11
2021-10-22 10:36:13.656 | INFO     | __main__:get_binary_gt_sequence:189 - Sequence #9/11
2021-10-22 10:36:14.680 | INFO     | __main__:get_binary_gt_sequence:189 - Sequence #10/11
2021-10-22 10:36:15.834 | INFO     | __main__:get_binary_gt_sequence:189 - Sequence #11/11
2021-10-22 10:36:16.924 | INFO     | __main__:main:349 - Decoding repetition_conv_77 GT
2021-10-22 10:36:16.950 | INFO     | __main__:main:352 - Decoding repetition_conv_77 binary
2021-10-22 10:36:17.013 | INFO     | __main__:main:336 - Generating repetition_conv_143 code LUT, decoding func
2021-10-22 10:36:17.019 | INFO     | __main__:get_binary_gt_sequence:180 - All White
2021-10-22 10:36:17.023 | INFO     | __main__:get_binary_gt_sequence:189 - Sequence #1/11
2021-10-22 10:36:17.666 | INFO     | __main__:get_binary_gt_sequence:189 - Sequence #2/11
2021-10-22 10:36:18.227 | INFO     | __main__:get_binary_gt_sequence:189 - Sequence #3/11
2021-10-22 10:36:18.793 | INFO     | __main__:get_binary_gt_sequence:189 - Sequence #4/11
2021-10-22 10:36:19.330 | INFO     | __main__:get_binary_gt_sequence:189 - Sequence #5/11
2021-10-22 10:36:19.878 | INFO     | __main__:get_binary_gt_sequence:189 - Sequence #6/11
2021-10-22 10:36:20.409 | INFO     | __main__:get_binary_gt_sequence:189 - Sequence #7/11
2021-10-22 10:36:20.974 | INFO     | __main__:get_binary_gt_sequence:189 - Sequence #8/11
2021-10-22 10:36:21.530 | INFO     | __main__:get_binary_gt_sequence:189 - Sequence #9/11
2021-10-22 10:36:22.080 | INFO     | __main__:get_binary_gt_sequence:189 - Sequence #10/11
2021-10-22 10:36:22.608 | INFO     | __main__:get_binary_gt_sequence:189 - Sequence #11/11
2021-10-22 10:36:23.186 | INFO     | __main__:main:349 - Decoding repetition_conv_143 GT
2021-10-22 10:36:23.223 | INFO     | __main__:main:352 - Decoding repetition_conv_143 binary
2021-10-22 10:36:23.289 | INFO     | __main__:main:336 - Generating repetition_conv_275 code LUT, decoding func
2021-10-22 10:36:23.295 | INFO     | __main__:get_binary_gt_sequence:180 - All White
2021-10-22 10:36:23.300 | INFO     | __main__:get_binary_gt_sequence:189 - Sequence #1/11
2021-10-22 10:36:23.953 | INFO     | __main__:get_binary_gt_sequence:189 - Sequence #2/11
2021-10-22 10:36:24.500 | INFO     | __main__:get_binary_gt_sequence:189 - Sequence #3/11
2021-10-22 10:36:25.067 | INFO     | __main__:get_binary_gt_sequence:189 - Sequence #4/11
2021-10-22 10:36:25.605 | INFO     | __main__:get_binary_gt_sequence:189 - Sequence #5/11
2021-10-22 10:36:26.152 | INFO     | __main__:get_binary_gt_sequence:189 - Sequence #6/11
2021-10-22 10:36:26.756 | INFO     | __main__:get_binary_gt_sequence:189 - Sequence #7/11
2021-10-22 10:36:27.321 | INFO     | __main__:get_binary_gt_sequence:189 - Sequence #8/11
2021-10-22 10:36:27.871 | INFO     | __main__:get_binary_gt_sequence:189 - Sequence #9/11
2021-10-22 10:36:28.465 | INFO     | __main__:get_binary_gt_sequence:189 - Sequence #10/11
2021-10-22 10:36:29.024 | INFO     | __main__:get_binary_gt_sequence:189 - Sequence #11/11
2021-10-22 10:36:29.651 | INFO     | __main__:main:349 - Decoding repetition_conv_275 GT
2021-10-22 10:36:29.709 | INFO     | __main__:main:352 - Decoding repetition_conv_275 binary
2021-10-22 10:36:29.792 | INFO     | __main__:main:336 - Generating repetition_long_77 code LUT, decoding func
2021-10-22 10:36:29.799 | INFO     | __main__:get_binary_gt_sequence:180 - All White
2021-10-22 10:36:29.803 | INFO     | __main__:get_binary_gt_sequence:189 - Sequence #1/11
2021-10-22 10:36:31.799 | INFO     | __main__:get_binary_gt_sequence:189 - Sequence #2/11
2021-10-22 10:36:34.088 | INFO     | __main__:get_binary_gt_sequence:189 - Sequence #3/11
2021-10-22 10:36:36.309 | INFO     | __main__:get_binary_gt_sequence:189 - Sequence #4/11
2021-10-22 10:36:38.334 | INFO     | __main__:get_binary_gt_sequence:189 - Sequence #5/11
2021-10-22 10:36:40.415 | INFO     | __main__:get_binary_gt_sequence:189 - Sequence #6/11
2021-10-22 10:36:42.471 | INFO     | __main__:get_binary_gt_sequence:189 - Sequence #7/11
2021-10-22 10:36:44.426 | INFO     | __main__:get_binary_gt_sequence:189 - Sequence #8/11
2021-10-22 10:36:46.439 | INFO     | __main__:get_binary_gt_sequence:189 - Sequence #9/11
2021-10-22 10:36:48.200 | INFO     | __main__:get_binary_gt_sequence:189 - Sequence #10/11
2021-10-22 10:36:49.999 | INFO     | __main__:get_binary_gt_sequence:189 - Sequence #11/11
2021-10-22 10:36:52.013 | INFO     | __main__:main:349 - Decoding repetition_long_77 GT
2021-10-22 10:36:52.041 | INFO     | __main__:main:352 - Decoding repetition_long_77 binary
2021-10-22 10:36:52.112 | INFO     | __main__:main:336 - Generating repetition_long_143 code LUT, decoding func
2021-10-22 10:36:52.116 | INFO     | __main__:get_binary_gt_sequence:180 - All White
2021-10-22 10:36:52.120 | INFO     | __main__:get_binary_gt_sequence:189 - Sequence #1/11
2021-10-22 10:36:53.701 | INFO     | __main__:get_binary_gt_sequence:189 - Sequence #2/11
2021-10-22 10:36:55.191 | INFO     | __main__:get_binary_gt_sequence:189 - Sequence #3/11
2021-10-22 10:36:56.780 | INFO     | __main__:get_binary_gt_sequence:189 - Sequence #4/11
2021-10-22 10:36:58.317 | INFO     | __main__:get_binary_gt_sequence:189 - Sequence #5/11
2021-10-22 10:36:59.681 | INFO     | __main__:get_binary_gt_sequence:189 - Sequence #6/11
2021-10-22 10:37:01.132 | INFO     | __main__:get_binary_gt_sequence:189 - Sequence #7/11
2021-10-22 10:37:02.621 | INFO     | __main__:get_binary_gt_sequence:189 - Sequence #8/11
2021-10-22 10:37:04.366 | INFO     | __main__:get_binary_gt_sequence:189 - Sequence #9/11
2021-10-22 10:37:05.722 | INFO     | __main__:get_binary_gt_sequence:189 - Sequence #10/11
2021-10-22 10:37:07.188 | INFO     | __main__:get_binary_gt_sequence:189 - Sequence #11/11
2021-10-22 10:37:08.612 | INFO     | __main__:main:349 - Decoding repetition_long_143 GT
2021-10-22 10:37:08.650 | INFO     | __main__:main:352 - Decoding repetition_long_143 binary
2021-10-22 10:37:08.730 | INFO     | __main__:main:336 - Generating repetition_long_275 code LUT, decoding func
2021-10-22 10:37:08.736 | INFO     | __main__:get_binary_gt_sequence:180 - All White
2021-10-22 10:37:08.742 | INFO     | __main__:get_binary_gt_sequence:189 - Sequence #1/11
2021-10-22 10:37:10.408 | INFO     | __main__:get_binary_gt_sequence:189 - Sequence #2/11
2021-10-22 10:37:12.213 | INFO     | __main__:get_binary_gt_sequence:189 - Sequence #3/11
2021-10-22 10:37:14.060 | INFO     | __main__:get_binary_gt_sequence:189 - Sequence #4/11
2021-10-22 10:37:15.742 | INFO     | __main__:get_binary_gt_sequence:189 - Sequence #5/11
2021-10-22 10:37:17.623 | INFO     | __main__:get_binary_gt_sequence:189 - Sequence #6/11
2021-10-22 10:37:19.527 | INFO     | __main__:get_binary_gt_sequence:189 - Sequence #7/11
2021-10-22 10:37:21.448 | INFO     | __main__:get_binary_gt_sequence:189 - Sequence #8/11
2021-10-22 10:37:23.278 | INFO     | __main__:get_binary_gt_sequence:189 - Sequence #9/11
2021-10-22 10:37:24.977 | INFO     | __main__:get_binary_gt_sequence:189 - Sequence #10/11
2021-10-22 10:37:26.714 | INFO     | __main__:get_binary_gt_sequence:189 - Sequence #11/11
2021-10-22 10:37:28.648 | INFO     | __main__:main:349 - Decoding repetition_long_275 GT
2021-10-22 10:37:28.711 | INFO     | __main__:main:352 - Decoding repetition_long_275 binary
2021-10-22 10:37:28.814 | INFO     | __main__:main:336 - Generating hybrid_63 code LUT, decoding func
2021-10-22 10:37:28.821 | INFO     | __main__:get_binary_gt_sequence:180 - All White
2021-10-22 10:37:28.839 | INFO     | __main__:get_binary_gt_sequence:189 - Sequence #1/77
2021-10-22 10:37:30.024 | INFO     | __main__:get_binary_gt_sequence:189 - Sequence #2/77
2021-10-22 10:37:31.350 | INFO     | __main__:get_binary_gt_sequence:189 - Sequence #3/77
2021-10-22 10:37:32.659 | INFO     | __main__:get_binary_gt_sequence:189 - Sequence #4/77
2021-10-22 10:37:33.879 | INFO     | __main__:get_binary_gt_sequence:189 - Sequence #5/77
2021-10-22 10:37:35.179 | INFO     | __main__:get_binary_gt_sequence:189 - Sequence #6/77
2021-10-22 10:37:36.456 | INFO     | __main__:get_binary_gt_sequence:189 - Sequence #7/77
2021-10-22 10:37:37.587 | INFO     | __main__:get_binary_gt_sequence:189 - Sequence #8/77
2021-10-22 10:37:38.760 | INFO     | __main__:get_binary_gt_sequence:189 - Sequence #9/77
2021-10-22 10:37:39.905 | INFO     | __main__:get_binary_gt_sequence:189 - Sequence #10/77
2021-10-22 10:37:41.162 | INFO     | __main__:get_binary_gt_sequence:189 - Sequence #11/77
2021-10-22 10:37:42.266 | INFO     | __main__:get_binary_gt_sequence:189 - Sequence #12/77
2021-10-22 10:37:43.389 | INFO     | __main__:get_binary_gt_sequence:189 - Sequence #13/77
2021-10-22 10:37:44.572 | INFO     | __main__:get_binary_gt_sequence:189 - Sequence #14/77
2021-10-22 10:37:45.638 | INFO     | __main__:get_binary_gt_sequence:189 - Sequence #15/77
2021-10-22 10:37:46.817 | INFO     | __main__:get_binary_gt_sequence:189 - Sequence #16/77
2021-10-22 10:37:48.073 | INFO     | __main__:get_binary_gt_sequence:189 - Sequence #17/77
2021-10-22 10:37:49.188 | INFO     | __main__:get_binary_gt_sequence:189 - Sequence #18/77
2021-10-22 10:37:50.424 | INFO     | __main__:get_binary_gt_sequence:189 - Sequence #19/77
2021-10-22 10:37:51.631 | INFO     | __main__:get_binary_gt_sequence:189 - Sequence #20/77
2021-10-22 10:37:52.829 | INFO     | __main__:get_binary_gt_sequence:189 - Sequence #21/77
2021-10-22 10:37:54.277 | INFO     | __main__:get_binary_gt_sequence:189 - Sequence #22/77
2021-10-22 10:37:55.551 | INFO     | __main__:get_binary_gt_sequence:189 - Sequence #23/77
2021-10-22 10:37:56.791 | INFO     | __main__:get_binary_gt_sequence:189 - Sequence #24/77
2021-10-22 10:37:58.041 | INFO     | __main__:get_binary_gt_sequence:189 - Sequence #25/77
2021-10-22 10:37:59.154 | INFO     | __main__:get_binary_gt_sequence:189 - Sequence #26/77
2021-10-22 10:38:00.406 | INFO     | __main__:get_binary_gt_sequence:189 - Sequence #27/77
2021-10-22 10:38:01.879 | INFO     | __main__:get_binary_gt_sequence:189 - Sequence #28/77
2021-10-22 10:38:03.241 | INFO     | __main__:get_binary_gt_sequence:189 - Sequence #29/77
2021-10-22 10:38:04.661 | INFO     | __main__:get_binary_gt_sequence:189 - Sequence #30/77
2021-10-22 10:38:05.943 | INFO     | __main__:get_binary_gt_sequence:189 - Sequence #31/77
2021-10-22 10:38:07.197 | INFO     | __main__:get_binary_gt_sequence:189 - Sequence #32/77
2021-10-22 10:38:08.497 | INFO     | __main__:get_binary_gt_sequence:189 - Sequence #33/77
2021-10-22 10:38:09.666 | INFO     | __main__:get_binary_gt_sequence:189 - Sequence #34/77
2021-10-22 10:38:11.027 | INFO     | __main__:get_binary_gt_sequence:189 - Sequence #35/77
2021-10-22 10:38:12.411 | INFO     | __main__:get_binary_gt_sequence:189 - Sequence #36/77
2021-10-22 10:38:13.714 | INFO     | __main__:get_binary_gt_sequence:189 - Sequence #37/77
2021-10-22 10:38:14.962 | INFO     | __main__:get_binary_gt_sequence:189 - Sequence #38/77
2021-10-22 10:38:16.150 | INFO     | __main__:get_binary_gt_sequence:189 - Sequence #39/77
2021-10-22 10:38:17.418 | INFO     | __main__:get_binary_gt_sequence:189 - Sequence #40/77
2021-10-22 10:38:18.698 | INFO     | __main__:get_binary_gt_sequence:189 - Sequence #41/77
2021-10-22 10:38:19.862 | INFO     | __main__:get_binary_gt_sequence:189 - Sequence #42/77
2021-10-22 10:38:21.250 | INFO     | __main__:get_binary_gt_sequence:189 - Sequence #43/77
2021-10-22 10:38:22.548 | INFO     | __main__:get_binary_gt_sequence:189 - Sequence #44/77
2021-10-22 10:38:23.917 | INFO     | __main__:get_binary_gt_sequence:189 - Sequence #45/77
2021-10-22 10:38:25.212 | INFO     | __main__:get_binary_gt_sequence:189 - Sequence #46/77
2021-10-22 10:38:26.387 | INFO     | __main__:get_binary_gt_sequence:189 - Sequence #47/77
2021-10-22 10:38:27.494 | INFO     | __main__:get_binary_gt_sequence:189 - Sequence #48/77
2021-10-22 10:38:28.805 | INFO     | __main__:get_binary_gt_sequence:189 - Sequence #49/77
2021-10-22 10:38:30.098 | INFO     | __main__:get_binary_gt_sequence:189 - Sequence #50/77
2021-10-22 10:38:31.582 | INFO     | __main__:get_binary_gt_sequence:189 - Sequence #51/77
2021-10-22 10:38:33.002 | INFO     | __main__:get_binary_gt_sequence:189 - Sequence #52/77
2021-10-22 10:38:34.284 | INFO     | __main__:get_binary_gt_sequence:189 - Sequence #53/77
2021-10-22 10:38:35.667 | INFO     | __main__:get_binary_gt_sequence:189 - Sequence #54/77
2021-10-22 10:38:37.363 | INFO     | __main__:get_binary_gt_sequence:189 - Sequence #55/77
2021-10-22 10:38:38.614 | INFO     | __main__:get_binary_gt_sequence:189 - Sequence #56/77
2021-10-22 10:38:40.050 | INFO     | __main__:get_binary_gt_sequence:189 - Sequence #57/77
2021-10-22 10:38:41.560 | INFO     | __main__:get_binary_gt_sequence:189 - Sequence #58/77
2021-10-22 10:38:43.042 | INFO     | __main__:get_binary_gt_sequence:189 - Sequence #59/77
2021-10-22 10:38:44.573 | INFO     | __main__:get_binary_gt_sequence:189 - Sequence #60/77
2021-10-22 10:38:46.223 | INFO     | __main__:get_binary_gt_sequence:189 - Sequence #61/77
2021-10-22 10:38:47.685 | INFO     | __main__:get_binary_gt_sequence:189 - Sequence #62/77
2021-10-22 10:38:48.984 | INFO     | __main__:get_binary_gt_sequence:189 - Sequence #63/77
2021-10-22 10:38:50.296 | INFO     | __main__:get_binary_gt_sequence:189 - Sequence #64/77
2021-10-22 10:38:51.477 | INFO     | __main__:get_binary_gt_sequence:189 - Sequence #65/77
2021-10-22 10:38:52.665 | INFO     | __main__:get_binary_gt_sequence:189 - Sequence #66/77
2021-10-22 10:38:53.805 | INFO     | __main__:get_binary_gt_sequence:189 - Sequence #67/77
2021-10-22 10:38:55.109 | INFO     | __main__:get_binary_gt_sequence:189 - Sequence #68/77
2021-10-22 10:38:56.365 | INFO     | __main__:get_binary_gt_sequence:189 - Sequence #69/77
2021-10-22 10:38:57.660 | INFO     | __main__:get_binary_gt_sequence:189 - Sequence #70/77
2021-10-22 10:38:58.867 | INFO     | __main__:get_binary_gt_sequence:189 - Sequence #71/77
2021-10-22 10:39:00.019 | INFO     | __main__:get_binary_gt_sequence:189 - Sequence #72/77
2021-10-22 10:39:01.206 | INFO     | __main__:get_binary_gt_sequence:189 - Sequence #73/77
2021-10-22 10:39:02.466 | INFO     | __main__:get_binary_gt_sequence:189 - Sequence #74/77
2021-10-22 10:39:03.788 | INFO     | __main__:get_binary_gt_sequence:189 - Sequence #75/77
2021-10-22 10:39:05.094 | INFO     | __main__:get_binary_gt_sequence:189 - Sequence #76/77
2021-10-22 10:39:06.318 | INFO     | __main__:get_binary_gt_sequence:189 - Sequence #77/77
2021-10-22 10:39:07.599 | INFO     | __main__:main:349 - Decoding hybrid_63 GT
2021-10-22 10:39:07.815 | INFO     | __main__:main:352 - Decoding hybrid_63 binary
2021-10-22 10:39:08.013 | INFO     | __main__:main:336 - Generating hybrid_127 code LUT, decoding func
2021-10-22 10:39:08.021 | INFO     | __main__:get_binary_gt_sequence:180 - All White
2021-10-22 10:39:08.032 | INFO     | __main__:get_binary_gt_sequence:189 - Sequence #1/143
2021-10-22 10:39:08.816 | INFO     | __main__:get_binary_gt_sequence:189 - Sequence #2/143
2021-10-22 10:39:09.507 | INFO     | __main__:get_binary_gt_sequence:189 - Sequence #3/143
2021-10-22 10:39:10.263 | INFO     | __main__:get_binary_gt_sequence:189 - Sequence #4/143
2021-10-22 10:39:10.912 | INFO     | __main__:get_binary_gt_sequence:189 - Sequence #5/143
2021-10-22 10:39:11.557 | INFO     | __main__:get_binary_gt_sequence:189 - Sequence #6/143
2021-10-22 10:39:12.224 | INFO     | __main__:get_binary_gt_sequence:189 - Sequence #7/143
2021-10-22 10:39:13.008 | INFO     | __main__:get_binary_gt_sequence:189 - Sequence #8/143
2021-10-22 10:39:13.843 | INFO     | __main__:get_binary_gt_sequence:189 - Sequence #9/143
2021-10-22 10:39:14.550 | INFO     | __main__:get_binary_gt_sequence:189 - Sequence #10/143
2021-10-22 10:39:15.350 | INFO     | __main__:get_binary_gt_sequence:189 - Sequence #11/143
2021-10-22 10:39:16.212 | INFO     | __main__:get_binary_gt_sequence:189 - Sequence #12/143
2021-10-22 10:39:17.078 | INFO     | __main__:get_binary_gt_sequence:189 - Sequence #13/143
2021-10-22 10:39:17.909 | INFO     | __main__:get_binary_gt_sequence:189 - Sequence #14/143
2021-10-22 10:39:18.646 | INFO     | __main__:get_binary_gt_sequence:189 - Sequence #15/143
2021-10-22 10:39:19.333 | INFO     | __main__:get_binary_gt_sequence:189 - Sequence #16/143
2021-10-22 10:39:20.014 | INFO     | __main__:get_binary_gt_sequence:189 - Sequence #17/143
2021-10-22 10:39:20.798 | INFO     | __main__:get_binary_gt_sequence:189 - Sequence #18/143
2021-10-22 10:39:21.505 | INFO     | __main__:get_binary_gt_sequence:189 - Sequence #19/143
2021-10-22 10:39:22.198 | INFO     | __main__:get_binary_gt_sequence:189 - Sequence #20/143
2021-10-22 10:39:22.955 | INFO     | __main__:get_binary_gt_sequence:189 - Sequence #21/143
2021-10-22 10:39:23.655 | INFO     | __main__:get_binary_gt_sequence:189 - Sequence #22/143
2021-10-22 10:39:24.443 | INFO     | __main__:get_binary_gt_sequence:189 - Sequence #23/143
2021-10-22 10:39:25.240 | INFO     | __main__:get_binary_gt_sequence:189 - Sequence #24/143
2021-10-22 10:39:25.964 | INFO     | __main__:get_binary_gt_sequence:189 - Sequence #25/143
2021-10-22 10:39:26.738 | INFO     | __main__:get_binary_gt_sequence:189 - Sequence #26/143
2021-10-22 10:39:27.557 | INFO     | __main__:get_binary_gt_sequence:189 - Sequence #27/143
2021-10-22 10:39:28.356 | INFO     | __main__:get_binary_gt_sequence:189 - Sequence #28/143
2021-10-22 10:39:29.148 | INFO     | __main__:get_binary_gt_sequence:189 - Sequence #29/143
2021-10-22 10:39:29.814 | INFO     | __main__:get_binary_gt_sequence:189 - Sequence #30/143
2021-10-22 10:39:30.610 | INFO     | __main__:get_binary_gt_sequence:189 - Sequence #31/143
2021-10-22 10:39:31.334 | INFO     | __main__:get_binary_gt_sequence:189 - Sequence #32/143
2021-10-22 10:39:32.065 | INFO     | __main__:get_binary_gt_sequence:189 - Sequence #33/143
2021-10-22 10:39:32.832 | INFO     | __main__:get_binary_gt_sequence:189 - Sequence #34/143
2021-10-22 10:39:33.587 | INFO     | __main__:get_binary_gt_sequence:189 - Sequence #35/143
2021-10-22 10:39:34.380 | INFO     | __main__:get_binary_gt_sequence:189 - Sequence #36/143
2021-10-22 10:39:35.141 | INFO     | __main__:get_binary_gt_sequence:189 - Sequence #37/143
2021-10-22 10:39:35.919 | INFO     | __main__:get_binary_gt_sequence:189 - Sequence #38/143
2021-10-22 10:39:36.717 | INFO     | __main__:get_binary_gt_sequence:189 - Sequence #39/143
2021-10-22 10:39:37.506 | INFO     | __main__:get_binary_gt_sequence:189 - Sequence #40/143
2021-10-22 10:39:38.347 | INFO     | __main__:get_binary_gt_sequence:189 - Sequence #41/143
2021-10-22 10:39:39.119 | INFO     | __main__:get_binary_gt_sequence:189 - Sequence #42/143
2021-10-22 10:39:39.783 | INFO     | __main__:get_binary_gt_sequence:189 - Sequence #43/143
2021-10-22 10:39:40.462 | INFO     | __main__:get_binary_gt_sequence:189 - Sequence #44/143
2021-10-22 10:39:41.164 | INFO     | __main__:get_binary_gt_sequence:189 - Sequence #45/143
2021-10-22 10:39:41.877 | INFO     | __main__:get_binary_gt_sequence:189 - Sequence #46/143
2021-10-22 10:39:42.667 | INFO     | __main__:get_binary_gt_sequence:189 - Sequence #47/143
2021-10-22 10:39:43.430 | INFO     | __main__:get_binary_gt_sequence:189 - Sequence #48/143
2021-10-22 10:39:44.147 | INFO     | __main__:get_binary_gt_sequence:189 - Sequence #49/143
2021-10-22 10:39:44.835 | INFO     | __main__:get_binary_gt_sequence:189 - Sequence #50/143
2021-10-22 10:39:45.472 | INFO     | __main__:get_binary_gt_sequence:189 - Sequence #51/143
2021-10-22 10:39:46.124 | INFO     | __main__:get_binary_gt_sequence:189 - Sequence #52/143
2021-10-22 10:39:46.779 | INFO     | __main__:get_binary_gt_sequence:189 - Sequence #53/143
2021-10-22 10:39:47.437 | INFO     | __main__:get_binary_gt_sequence:189 - Sequence #54/143
2021-10-22 10:39:48.140 | INFO     | __main__:get_binary_gt_sequence:189 - Sequence #55/143
2021-10-22 10:39:48.960 | INFO     | __main__:get_binary_gt_sequence:189 - Sequence #56/143
2021-10-22 10:39:49.703 | INFO     | __main__:get_binary_gt_sequence:189 - Sequence #57/143
2021-10-22 10:39:50.434 | INFO     | __main__:get_binary_gt_sequence:189 - Sequence #58/143
2021-10-22 10:39:51.323 | INFO     | __main__:get_binary_gt_sequence:189 - Sequence #59/143
2021-10-22 10:39:52.012 | INFO     | __main__:get_binary_gt_sequence:189 - Sequence #60/143
2021-10-22 10:39:52.743 | INFO     | __main__:get_binary_gt_sequence:189 - Sequence #61/143
2021-10-22 10:39:53.518 | INFO     | __main__:get_binary_gt_sequence:189 - Sequence #62/143
2021-10-22 10:39:54.259 | INFO     | __main__:get_binary_gt_sequence:189 - Sequence #63/143
2021-10-22 10:39:54.952 | INFO     | __main__:get_binary_gt_sequence:189 - Sequence #64/143
2021-10-22 10:39:55.705 | INFO     | __main__:get_binary_gt_sequence:189 - Sequence #65/143
2021-10-22 10:39:56.402 | INFO     | __main__:get_binary_gt_sequence:189 - Sequence #66/143
2021-10-22 10:39:57.122 | INFO     | __main__:get_binary_gt_sequence:189 - Sequence #67/143
2021-10-22 10:39:57.845 | INFO     | __main__:get_binary_gt_sequence:189 - Sequence #68/143
2021-10-22 10:39:58.554 | INFO     | __main__:get_binary_gt_sequence:189 - Sequence #69/143
2021-10-22 10:39:59.394 | INFO     | __main__:get_binary_gt_sequence:189 - Sequence #70/143
2021-10-22 10:40:00.088 | INFO     | __main__:get_binary_gt_sequence:189 - Sequence #71/143
2021-10-22 10:40:00.851 | INFO     | __main__:get_binary_gt_sequence:189 - Sequence #72/143
2021-10-22 10:40:01.542 | INFO     | __main__:get_binary_gt_sequence:189 - Sequence #73/143
2021-10-22 10:40:02.269 | INFO     | __main__:get_binary_gt_sequence:189 - Sequence #74/143
2021-10-22 10:40:03.131 | INFO     | __main__:get_binary_gt_sequence:189 - Sequence #75/143
2021-10-22 10:40:03.831 | INFO     | __main__:get_binary_gt_sequence:189 - Sequence #76/143
2021-10-22 10:40:04.682 | INFO     | __main__:get_binary_gt_sequence:189 - Sequence #77/143
2021-10-22 10:40:05.356 | INFO     | __main__:get_binary_gt_sequence:189 - Sequence #78/143
2021-10-22 10:40:06.037 | INFO     | __main__:get_binary_gt_sequence:189 - Sequence #79/143
2021-10-22 10:40:06.731 | INFO     | __main__:get_binary_gt_sequence:189 - Sequence #80/143
2021-10-22 10:40:07.424 | INFO     | __main__:get_binary_gt_sequence:189 - Sequence #81/143
2021-10-22 10:40:08.179 | INFO     | __main__:get_binary_gt_sequence:189 - Sequence #82/143
2021-10-22 10:40:08.931 | INFO     | __main__:get_binary_gt_sequence:189 - Sequence #83/143
2021-10-22 10:40:09.703 | INFO     | __main__:get_binary_gt_sequence:189 - Sequence #84/143
2021-10-22 10:40:10.487 | INFO     | __main__:get_binary_gt_sequence:189 - Sequence #85/143
2021-10-22 10:40:11.359 | INFO     | __main__:get_binary_gt_sequence:189 - Sequence #86/143
2021-10-22 10:40:12.182 | INFO     | __main__:get_binary_gt_sequence:189 - Sequence #87/143
2021-10-22 10:40:12.900 | INFO     | __main__:get_binary_gt_sequence:189 - Sequence #88/143
2021-10-22 10:40:13.598 | INFO     | __main__:get_binary_gt_sequence:189 - Sequence #89/143
2021-10-22 10:40:14.392 | INFO     | __main__:get_binary_gt_sequence:189 - Sequence #90/143
2021-10-22 10:40:15.137 | INFO     | __main__:get_binary_gt_sequence:189 - Sequence #91/143
2021-10-22 10:40:15.924 | INFO     | __main__:get_binary_gt_sequence:189 - Sequence #92/143
2021-10-22 10:40:16.702 | INFO     | __main__:get_binary_gt_sequence:189 - Sequence #93/143
2021-10-22 10:40:17.456 | INFO     | __main__:get_binary_gt_sequence:189 - Sequence #94/143
2021-10-22 10:40:18.132 | INFO     | __main__:get_binary_gt_sequence:189 - Sequence #95/143
2021-10-22 10:40:18.943 | INFO     | __main__:get_binary_gt_sequence:189 - Sequence #96/143
2021-10-22 10:40:19.706 | INFO     | __main__:get_binary_gt_sequence:189 - Sequence #97/143
2021-10-22 10:40:20.478 | INFO     | __main__:get_binary_gt_sequence:189 - Sequence #98/143
2021-10-22 10:40:21.205 | INFO     | __main__:get_binary_gt_sequence:189 - Sequence #99/143
2021-10-22 10:40:21.909 | INFO     | __main__:get_binary_gt_sequence:189 - Sequence #100/143
2021-10-22 10:40:22.649 | INFO     | __main__:get_binary_gt_sequence:189 - Sequence #101/143
2021-10-22 10:40:23.361 | INFO     | __main__:get_binary_gt_sequence:189 - Sequence #102/143
2021-10-22 10:40:23.988 | INFO     | __main__:get_binary_gt_sequence:189 - Sequence #103/143
2021-10-22 10:40:24.651 | INFO     | __main__:get_binary_gt_sequence:189 - Sequence #104/143
2021-10-22 10:40:25.338 | INFO     | __main__:get_binary_gt_sequence:189 - Sequence #105/143
2021-10-22 10:40:26.102 | INFO     | __main__:get_binary_gt_sequence:189 - Sequence #106/143
2021-10-22 10:40:26.820 | INFO     | __main__:get_binary_gt_sequence:189 - Sequence #107/143
2021-10-22 10:40:27.548 | INFO     | __main__:get_binary_gt_sequence:189 - Sequence #108/143
2021-10-22 10:40:28.249 | INFO     | __main__:get_binary_gt_sequence:189 - Sequence #109/143
2021-10-22 10:40:29.017 | INFO     | __main__:get_binary_gt_sequence:189 - Sequence #110/143
2021-10-22 10:40:29.799 | INFO     | __main__:get_binary_gt_sequence:189 - Sequence #111/143
2021-10-22 10:40:30.521 | INFO     | __main__:get_binary_gt_sequence:189 - Sequence #112/143
2021-10-22 10:40:31.214 | INFO     | __main__:get_binary_gt_sequence:189 - Sequence #113/143
2021-10-22 10:40:31.963 | INFO     | __main__:get_binary_gt_sequence:189 - Sequence #114/143
2021-10-22 10:40:32.622 | INFO     | __main__:get_binary_gt_sequence:189 - Sequence #115/143
2021-10-22 10:40:33.321 | INFO     | __main__:get_binary_gt_sequence:189 - Sequence #116/143
2021-10-22 10:40:33.984 | INFO     | __main__:get_binary_gt_sequence:189 - Sequence #117/143
2021-10-22 10:40:34.670 | INFO     | __main__:get_binary_gt_sequence:189 - Sequence #118/143
2021-10-22 10:40:35.399 | INFO     | __main__:get_binary_gt_sequence:189 - Sequence #119/143
2021-10-22 10:40:36.085 | INFO     | __main__:get_binary_gt_sequence:189 - Sequence #120/143
2021-10-22 10:40:36.808 | INFO     | __main__:get_binary_gt_sequence:189 - Sequence #121/143
2021-10-22 10:40:37.521 | INFO     | __main__:get_binary_gt_sequence:189 - Sequence #122/143
2021-10-22 10:40:38.242 | INFO     | __main__:get_binary_gt_sequence:189 - Sequence #123/143
2021-10-22 10:40:38.931 | INFO     | __main__:get_binary_gt_sequence:189 - Sequence #124/143
2021-10-22 10:40:39.706 | INFO     | __main__:get_binary_gt_sequence:189 - Sequence #125/143
2021-10-22 10:40:40.429 | INFO     | __main__:get_binary_gt_sequence:189 - Sequence #126/143
2021-10-22 10:40:41.196 | INFO     | __main__:get_binary_gt_sequence:189 - Sequence #127/143
2021-10-22 10:40:41.873 | INFO     | __main__:get_binary_gt_sequence:189 - Sequence #128/143
2021-10-22 10:40:42.576 | INFO     | __main__:get_binary_gt_sequence:189 - Sequence #129/143
2021-10-22 10:40:43.238 | INFO     | __main__:get_binary_gt_sequence:189 - Sequence #130/143
2021-10-22 10:40:43.882 | INFO     | __main__:get_binary_gt_sequence:189 - Sequence #131/143
2021-10-22 10:40:44.582 | INFO     | __main__:get_binary_gt_sequence:189 - Sequence #132/143
2021-10-22 10:40:45.238 | INFO     | __main__:get_binary_gt_sequence:189 - Sequence #133/143
2021-10-22 10:40:45.870 | INFO     | __main__:get_binary_gt_sequence:189 - Sequence #134/143
2021-10-22 10:40:46.523 | INFO     | __main__:get_binary_gt_sequence:189 - Sequence #135/143
2021-10-22 10:40:47.210 | INFO     | __main__:get_binary_gt_sequence:189 - Sequence #136/143
2021-10-22 10:40:47.903 | INFO     | __main__:get_binary_gt_sequence:189 - Sequence #137/143
2021-10-22 10:40:48.652 | INFO     | __main__:get_binary_gt_sequence:189 - Sequence #138/143
2021-10-22 10:40:49.297 | INFO     | __main__:get_binary_gt_sequence:189 - Sequence #139/143
2021-10-22 10:40:49.976 | INFO     | __main__:get_binary_gt_sequence:189 - Sequence #140/143
2021-10-22 10:40:50.732 | INFO     | __main__:get_binary_gt_sequence:189 - Sequence #141/143
2021-10-22 10:40:51.424 | INFO     | __main__:get_binary_gt_sequence:189 - Sequence #142/143
2021-10-22 10:40:52.140 | INFO     | __main__:get_binary_gt_sequence:189 - Sequence #143/143
2021-10-22 10:40:52.855 | INFO     | __main__:main:349 - Decoding hybrid_127 GT
2021-10-22 10:40:53.215 | INFO     | __main__:main:352 - Decoding hybrid_127 binary
2021-10-22 10:40:53.480 | INFO     | __main__:main:336 - Generating hybrid_255 code LUT, decoding func
2021-10-22 10:40:53.490 | INFO     | __main__:get_binary_gt_sequence:180 - All White
2021-10-22 10:40:53.505 | INFO     | __main__:get_binary_gt_sequence:189 - Sequence #1/270
2021-10-22 10:40:54.321 | INFO     | __main__:get_binary_gt_sequence:189 - Sequence #2/270
2021-10-22 10:40:55.054 | INFO     | __main__:get_binary_gt_sequence:189 - Sequence #3/270
2021-10-22 10:40:55.865 | INFO     | __main__:get_binary_gt_sequence:189 - Sequence #4/270
2021-10-22 10:40:56.727 | INFO     | __main__:get_binary_gt_sequence:189 - Sequence #5/270
2021-10-22 10:40:57.587 | INFO     | __main__:get_binary_gt_sequence:189 - Sequence #6/270
2021-10-22 10:40:58.439 | INFO     | __main__:get_binary_gt_sequence:189 - Sequence #7/270
2021-10-22 10:40:59.227 | INFO     | __main__:get_binary_gt_sequence:189 - Sequence #8/270
2021-10-22 10:41:00.059 | INFO     | __main__:get_binary_gt_sequence:189 - Sequence #9/270
2021-10-22 10:41:00.978 | INFO     | __main__:get_binary_gt_sequence:189 - Sequence #10/270
2021-10-22 10:41:01.830 | INFO     | __main__:get_binary_gt_sequence:189 - Sequence #11/270
2021-10-22 10:41:02.655 | INFO     | __main__:get_binary_gt_sequence:189 - Sequence #12/270
2021-10-22 10:41:03.481 | INFO     | __main__:get_binary_gt_sequence:189 - Sequence #13/270
2021-10-22 10:41:04.299 | INFO     | __main__:get_binary_gt_sequence:189 - Sequence #14/270
2021-10-22 10:41:05.156 | INFO     | __main__:get_binary_gt_sequence:189 - Sequence #15/270
2021-10-22 10:41:05.993 | INFO     | __main__:get_binary_gt_sequence:189 - Sequence #16/270
2021-10-22 10:41:06.886 | INFO     | __main__:get_binary_gt_sequence:189 - Sequence #17/270
2021-10-22 10:41:07.696 | INFO     | __main__:get_binary_gt_sequence:189 - Sequence #18/270
2021-10-22 10:41:08.600 | INFO     | __main__:get_binary_gt_sequence:189 - Sequence #19/270
2021-10-22 10:41:09.470 | INFO     | __main__:get_binary_gt_sequence:189 - Sequence #20/270
2021-10-22 10:41:10.264 | INFO     | __main__:get_binary_gt_sequence:189 - Sequence #21/270
2021-10-22 10:41:11.119 | INFO     | __main__:get_binary_gt_sequence:189 - Sequence #22/270
2021-10-22 10:41:12.003 | INFO     | __main__:get_binary_gt_sequence:189 - Sequence #23/270
2021-10-22 10:41:12.791 | INFO     | __main__:get_binary_gt_sequence:189 - Sequence #24/270
2021-10-22 10:41:13.581 | INFO     | __main__:get_binary_gt_sequence:189 - Sequence #25/270
2021-10-22 10:41:14.316 | INFO     | __main__:get_binary_gt_sequence:189 - Sequence #26/270
2021-10-22 10:41:15.047 | INFO     | __main__:get_binary_gt_sequence:189 - Sequence #27/270
2021-10-22 10:41:15.812 | INFO     | __main__:get_binary_gt_sequence:189 - Sequence #28/270
2021-10-22 10:41:16.596 | INFO     | __main__:get_binary_gt_sequence:189 - Sequence #29/270
2021-10-22 10:41:17.332 | INFO     | __main__:get_binary_gt_sequence:189 - Sequence #30/270
2021-10-22 10:41:18.016 | INFO     | __main__:get_binary_gt_sequence:189 - Sequence #31/270
2021-10-22 10:41:18.725 | INFO     | __main__:get_binary_gt_sequence:189 - Sequence #32/270
2021-10-22 10:41:19.461 | INFO     | __main__:get_binary_gt_sequence:189 - Sequence #33/270
2021-10-22 10:41:20.148 | INFO     | __main__:get_binary_gt_sequence:189 - Sequence #34/270
2021-10-22 10:41:20.870 | INFO     | __main__:get_binary_gt_sequence:189 - Sequence #35/270
2021-10-22 10:41:21.589 | INFO     | __main__:get_binary_gt_sequence:189 - Sequence #36/270
2021-10-22 10:41:22.308 | INFO     | __main__:get_binary_gt_sequence:189 - Sequence #37/270
2021-10-22 10:41:23.073 | INFO     | __main__:get_binary_gt_sequence:189 - Sequence #38/270
2021-10-22 10:41:23.733 | INFO     | __main__:get_binary_gt_sequence:189 - Sequence #39/270
2021-10-22 10:41:24.430 | INFO     | __main__:get_binary_gt_sequence:189 - Sequence #40/270
2021-10-22 10:41:25.151 | INFO     | __main__:get_binary_gt_sequence:189 - Sequence #41/270
2021-10-22 10:41:25.864 | INFO     | __main__:get_binary_gt_sequence:189 - Sequence #42/270
2021-10-22 10:41:26.565 | INFO     | __main__:get_binary_gt_sequence:189 - Sequence #43/270
2021-10-22 10:41:27.249 | INFO     | __main__:get_binary_gt_sequence:189 - Sequence #44/270
2021-10-22 10:41:27.918 | INFO     | __main__:get_binary_gt_sequence:189 - Sequence #45/270
2021-10-22 10:41:28.691 | INFO     | __main__:get_binary_gt_sequence:189 - Sequence #46/270
2021-10-22 10:41:29.362 | INFO     | __main__:get_binary_gt_sequence:189 - Sequence #47/270
2021-10-22 10:41:30.089 | INFO     | __main__:get_binary_gt_sequence:189 - Sequence #48/270
2021-10-22 10:41:30.789 | INFO     | __main__:get_binary_gt_sequence:189 - Sequence #49/270
2021-10-22 10:41:31.476 | INFO     | __main__:get_binary_gt_sequence:189 - Sequence #50/270
2021-10-22 10:41:32.202 | INFO     | __main__:get_binary_gt_sequence:189 - Sequence #51/270
2021-10-22 10:41:32.928 | INFO     | __main__:get_binary_gt_sequence:189 - Sequence #52/270
2021-10-22 10:41:33.599 | INFO     | __main__:get_binary_gt_sequence:189 - Sequence #53/270
2021-10-22 10:41:34.290 | INFO     | __main__:get_binary_gt_sequence:189 - Sequence #54/270
2021-10-22 10:41:34.963 | INFO     | __main__:get_binary_gt_sequence:189 - Sequence #55/270
2021-10-22 10:41:35.618 | INFO     | __main__:get_binary_gt_sequence:189 - Sequence #56/270
2021-10-22 10:41:36.265 | INFO     | __main__:get_binary_gt_sequence:189 - Sequence #57/270
2021-10-22 10:41:36.957 | INFO     | __main__:get_binary_gt_sequence:189 - Sequence #58/270
2021-10-22 10:41:37.659 | INFO     | __main__:get_binary_gt_sequence:189 - Sequence #59/270
2021-10-22 10:41:38.335 | INFO     | __main__:get_binary_gt_sequence:189 - Sequence #60/270
2021-10-22 10:41:39.015 | INFO     | __main__:get_binary_gt_sequence:189 - Sequence #61/270
2021-10-22 10:41:39.750 | INFO     | __main__:get_binary_gt_sequence:189 - Sequence #62/270
2021-10-22 10:41:40.443 | INFO     | __main__:get_binary_gt_sequence:189 - Sequence #63/270
2021-10-22 10:41:41.153 | INFO     | __main__:get_binary_gt_sequence:189 - Sequence #64/270
2021-10-22 10:41:41.855 | INFO     | __main__:get_binary_gt_sequence:189 - Sequence #65/270
2021-10-22 10:41:42.582 | INFO     | __main__:get_binary_gt_sequence:189 - Sequence #66/270
2021-10-22 10:41:43.308 | INFO     | __main__:get_binary_gt_sequence:189 - Sequence #67/270
2021-10-22 10:41:44.054 | INFO     | __main__:get_binary_gt_sequence:189 - Sequence #68/270
2021-10-22 10:41:44.735 | INFO     | __main__:get_binary_gt_sequence:189 - Sequence #69/270
2021-10-22 10:41:45.411 | INFO     | __main__:get_binary_gt_sequence:189 - Sequence #70/270
2021-10-22 10:41:46.082 | INFO     | __main__:get_binary_gt_sequence:189 - Sequence #71/270
2021-10-22 10:41:46.758 | INFO     | __main__:get_binary_gt_sequence:189 - Sequence #72/270
2021-10-22 10:41:47.430 | INFO     | __main__:get_binary_gt_sequence:189 - Sequence #73/270
2021-10-22 10:41:48.119 | INFO     | __main__:get_binary_gt_sequence:189 - Sequence #74/270
2021-10-22 10:41:59.366 | INFO     | __main__:get_binary_gt_sequence:189 - Sequence #75/270
2021-10-22 10:42:11.618 | INFO     | __main__:get_binary_gt_sequence:189 - Sequence #76/270
2021-10-22 10:42:23.025 | INFO     | __main__:get_binary_gt_sequence:189 - Sequence #77/270
2021-10-22 10:42:35.639 | INFO     | __main__:get_binary_gt_sequence:189 - Sequence #78/270
2021-10-22 10:42:48.278 | INFO     | __main__:get_binary_gt_sequence:189 - Sequence #79/270
2021-10-22 10:43:00.695 | INFO     | __main__:get_binary_gt_sequence:189 - Sequence #80/270
2021-10-22 10:43:12.884 | INFO     | __main__:get_binary_gt_sequence:189 - Sequence #81/270
2021-10-22 10:43:24.254 | INFO     | __main__:get_binary_gt_sequence:189 - Sequence #82/270
2021-10-22 10:43:36.068 | INFO     | __main__:get_binary_gt_sequence:189 - Sequence #83/270
2021-10-22 10:43:49.013 | INFO     | __main__:get_binary_gt_sequence:189 - Sequence #84/270
2021-10-22 10:44:00.779 | INFO     | __main__:get_binary_gt_sequence:189 - Sequence #85/270
2021-10-22 10:44:12.381 | INFO     | __main__:get_binary_gt_sequence:189 - Sequence #86/270
2021-10-22 10:44:23.917 | INFO     | __main__:get_binary_gt_sequence:189 - Sequence #87/270
2021-10-22 10:44:36.143 | INFO     | __main__:get_binary_gt_sequence:189 - Sequence #88/270
2021-10-22 10:44:47.800 | INFO     | __main__:get_binary_gt_sequence:189 - Sequence #89/270
2021-10-22 10:44:59.522 | INFO     | __main__:get_binary_gt_sequence:189 - Sequence #90/270
2021-10-22 10:45:11.434 | INFO     | __main__:get_binary_gt_sequence:189 - Sequence #91/270
2021-10-22 10:45:23.459 | INFO     | __main__:get_binary_gt_sequence:189 - Sequence #92/270
2021-10-22 10:45:35.052 | INFO     | __main__:get_binary_gt_sequence:189 - Sequence #93/270
2021-10-22 10:45:46.834 | INFO     | __main__:get_binary_gt_sequence:189 - Sequence #94/270
2021-10-22 10:45:59.485 | INFO     | __main__:get_binary_gt_sequence:189 - Sequence #95/270
2021-10-22 10:46:10.685 | INFO     | __main__:get_binary_gt_sequence:189 - Sequence #96/270
2021-10-22 10:46:22.453 | INFO     | __main__:get_binary_gt_sequence:189 - Sequence #97/270
2021-10-22 10:46:33.905 | INFO     | __main__:get_binary_gt_sequence:189 - Sequence #98/270
2021-10-22 10:46:46.155 | INFO     | __main__:get_binary_gt_sequence:189 - Sequence #99/270
2021-10-22 10:46:57.740 | INFO     | __main__:get_binary_gt_sequence:189 - Sequence #100/270
2021-10-22 10:47:09.331 | INFO     | __main__:get_binary_gt_sequence:189 - Sequence #101/270
2021-10-22 10:47:21.163 | INFO     | __main__:get_binary_gt_sequence:189 - Sequence #102/270
2021-10-22 10:47:32.968 | INFO     | __main__:get_binary_gt_sequence:189 - Sequence #103/270
2021-10-22 10:47:57.733 | INFO     | __main__:get_binary_gt_sequence:189 - Sequence #104/270
2021-10-22 10:48:09.370 | INFO     | __main__:get_binary_gt_sequence:189 - Sequence #105/270
2021-10-22 10:48:21.633 | INFO     | __main__:get_binary_gt_sequence:189 - Sequence #106/270
2021-10-22 10:48:33.716 | INFO     | __main__:get_binary_gt_sequence:189 - Sequence #107/270
2021-10-22 10:48:45.567 | INFO     | __main__:get_binary_gt_sequence:189 - Sequence #108/270
2021-10-22 10:48:57.494 | INFO     | __main__:get_binary_gt_sequence:189 - Sequence #109/270
2021-10-22 10:49:09.800 | INFO     | __main__:get_binary_gt_sequence:189 - Sequence #110/270
2021-10-22 10:49:21.896 | INFO     | __main__:get_binary_gt_sequence:189 - Sequence #111/270
2021-10-22 10:49:34.466 | INFO     | __main__:get_binary_gt_sequence:189 - Sequence #112/270
2021-10-22 10:49:47.107 | INFO     | __main__:get_binary_gt_sequence:189 - Sequence #113/270
2021-10-22 10:49:58.467 | INFO     | __main__:get_binary_gt_sequence:189 - Sequence #114/270
2021-10-22 10:50:09.844 | INFO     | __main__:get_binary_gt_sequence:189 - Sequence #115/270
2021-10-22 10:50:21.493 | INFO     | __main__:get_binary_gt_sequence:189 - Sequence #116/270
2021-10-22 10:50:32.938 | INFO     | __main__:get_binary_gt_sequence:189 - Sequence #117/270
2021-10-22 10:50:44.376 | INFO     | __main__:get_binary_gt_sequence:189 - Sequence #118/270
2021-10-22 10:50:55.528 | INFO     | __main__:get_binary_gt_sequence:189 - Sequence #119/270
2021-10-22 10:51:07.031 | INFO     | __main__:get_binary_gt_sequence:189 - Sequence #120/270
2021-10-22 10:51:18.488 | INFO     | __main__:get_binary_gt_sequence:189 - Sequence #121/270
2021-10-22 10:51:30.556 | INFO     | __main__:get_binary_gt_sequence:189 - Sequence #122/270
2021-10-22 10:51:42.168 | INFO     | __main__:get_binary_gt_sequence:189 - Sequence #123/270
2021-10-22 10:51:53.291 | INFO     | __main__:get_binary_gt_sequence:189 - Sequence #124/270
2021-10-22 10:52:05.039 | INFO     | __main__:get_binary_gt_sequence:189 - Sequence #125/270
2021-10-22 10:52:16.582 | INFO     | __main__:get_binary_gt_sequence:189 - Sequence #126/270
2021-10-22 10:52:28.090 | INFO     | __main__:get_binary_gt_sequence:189 - Sequence #127/270
2021-10-22 10:52:39.410 | INFO     | __main__:get_binary_gt_sequence:189 - Sequence #128/270
2021-10-22 10:52:50.856 | INFO     | __main__:get_binary_gt_sequence:189 - Sequence #129/270
2021-10-22 10:53:02.700 | INFO     | __main__:get_binary_gt_sequence:189 - Sequence #130/270
2021-10-22 10:53:14.245 | INFO     | __main__:get_binary_gt_sequence:189 - Sequence #131/270
2021-10-22 10:53:25.598 | INFO     | __main__:get_binary_gt_sequence:189 - Sequence #132/270
2021-10-22 10:53:37.649 | INFO     | __main__:get_binary_gt_sequence:189 - Sequence #133/270
2021-10-22 10:53:49.480 | INFO     | __main__:get_binary_gt_sequence:189 - Sequence #134/270
2021-10-22 10:54:00.673 | INFO     | __main__:get_binary_gt_sequence:189 - Sequence #135/270
2021-10-22 10:54:12.102 | INFO     | __main__:get_binary_gt_sequence:189 - Sequence #136/270
2021-10-22 10:54:22.999 | INFO     | __main__:get_binary_gt_sequence:189 - Sequence #137/270
2021-10-22 10:54:34.890 | INFO     | __main__:get_binary_gt_sequence:189 - Sequence #138/270
2021-10-22 10:54:46.419 | INFO     | __main__:get_binary_gt_sequence:189 - Sequence #139/270
2021-10-22 10:54:57.875 | INFO     | __main__:get_binary_gt_sequence:189 - Sequence #140/270
2021-10-22 10:55:09.593 | INFO     | __main__:get_binary_gt_sequence:189 - Sequence #141/270
2021-10-22 10:55:35.299 | INFO     | __main__:get_binary_gt_sequence:189 - Sequence #142/270
2021-10-22 10:55:46.571 | INFO     | __main__:get_binary_gt_sequence:189 - Sequence #143/270
2021-10-22 10:55:57.875 | INFO     | __main__:get_binary_gt_sequence:189 - Sequence #144/270
2021-10-22 10:56:09.282 | INFO     | __main__:get_binary_gt_sequence:189 - Sequence #145/270
2021-10-22 10:56:21.025 | INFO     | __main__:get_binary_gt_sequence:189 - Sequence #146/270
2021-10-22 10:56:32.522 | INFO     | __main__:get_binary_gt_sequence:189 - Sequence #147/270
2021-10-22 10:56:44.314 | INFO     | __main__:get_binary_gt_sequence:189 - Sequence #148/270
2021-10-22 10:56:56.475 | INFO     | __main__:get_binary_gt_sequence:189 - Sequence #149/270
2021-10-22 10:57:07.855 | INFO     | __main__:get_binary_gt_sequence:189 - Sequence #150/270
2021-10-22 10:57:19.616 | INFO     | __main__:get_binary_gt_sequence:189 - Sequence #151/270
2021-10-22 10:57:31.560 | INFO     | __main__:get_binary_gt_sequence:189 - Sequence #152/270
2021-10-22 10:57:42.453 | INFO     | __main__:get_binary_gt_sequence:189 - Sequence #153/270
2021-10-22 10:57:53.267 | INFO     | __main__:get_binary_gt_sequence:189 - Sequence #154/270
2021-10-22 10:58:16.641 | INFO     | __main__:get_binary_gt_sequence:189 - Sequence #155/270
2021-10-22 10:58:27.459 | INFO     | __main__:get_binary_gt_sequence:189 - Sequence #156/270
2021-10-22 10:58:38.715 | INFO     | __main__:get_binary_gt_sequence:189 - Sequence #157/270
2021-10-22 10:58:49.813 | INFO     | __main__:get_binary_gt_sequence:189 - Sequence #158/270
2021-10-22 11:14:04.035 | INFO     | __main__:get_binary_gt_sequence:189 - Sequence #159/270
2021-10-22 11:14:39.228 | INFO     | __main__:get_binary_gt_sequence:189 - Sequence #160/270
2021-10-22 11:14:50.031 | INFO     | __main__:get_binary_gt_sequence:189 - Sequence #161/270
2021-10-22 11:15:01.064 | INFO     | __main__:get_binary_gt_sequence:189 - Sequence #162/270
2021-10-22 11:15:12.012 | INFO     | __main__:get_binary_gt_sequence:189 - Sequence #163/270
2021-10-22 11:15:22.845 | INFO     | __main__:get_binary_gt_sequence:189 - Sequence #164/270
2021-10-22 11:15:33.561 | INFO     | __main__:get_binary_gt_sequence:189 - Sequence #165/270
2021-10-22 11:15:44.131 | INFO     | __main__:get_binary_gt_sequence:189 - Sequence #166/270
2021-10-22 11:15:54.963 | INFO     | __main__:get_binary_gt_sequence:189 - Sequence #167/270
2021-10-22 11:16:11.252 | INFO     | __main__:get_binary_gt_sequence:189 - Sequence #168/270
2021-10-22 11:16:22.410 | INFO     | __main__:get_binary_gt_sequence:189 - Sequence #169/270
2021-10-22 11:16:33.409 | INFO     | __main__:get_binary_gt_sequence:189 - Sequence #170/270
2021-10-22 11:16:45.437 | INFO     | __main__:get_binary_gt_sequence:189 - Sequence #171/270
2021-10-22 11:16:59.134 | INFO     | __main__:get_binary_gt_sequence:189 - Sequence #172/270
2021-10-22 11:17:09.637 | INFO     | __main__:get_binary_gt_sequence:189 - Sequence #173/270
2021-10-22 11:17:22.144 | INFO     | __main__:get_binary_gt_sequence:189 - Sequence #174/270
2021-10-22 11:17:32.719 | INFO     | __main__:get_binary_gt_sequence:189 - Sequence #175/270
2021-10-22 11:17:43.154 | INFO     | __main__:get_binary_gt_sequence:189 - Sequence #176/270
2021-10-22 11:17:53.836 | INFO     | __main__:get_binary_gt_sequence:189 - Sequence #177/270
2021-10-22 11:18:06.784 | INFO     | __main__:get_binary_gt_sequence:189 - Sequence #178/270
2021-10-22 11:18:17.533 | INFO     | __main__:get_binary_gt_sequence:189 - Sequence #179/270
2021-10-22 11:18:28.553 | INFO     | __main__:get_binary_gt_sequence:189 - Sequence #180/270
2021-10-22 11:18:40.722 | INFO     | __main__:get_binary_gt_sequence:189 - Sequence #181/270
2021-10-22 11:18:51.652 | INFO     | __main__:get_binary_gt_sequence:189 - Sequence #182/270
2021-10-22 11:19:03.225 | INFO     | __main__:get_binary_gt_sequence:189 - Sequence #183/270
2021-10-22 11:19:16.274 | INFO     | __main__:get_binary_gt_sequence:189 - Sequence #184/270
2021-10-22 11:19:26.781 | INFO     | __main__:get_binary_gt_sequence:189 - Sequence #185/270
2021-10-22 11:19:38.568 | INFO     | __main__:get_binary_gt_sequence:189 - Sequence #186/270
2021-10-22 11:19:49.111 | INFO     | __main__:get_binary_gt_sequence:189 - Sequence #187/270
2021-10-22 11:20:01.404 | INFO     | __main__:get_binary_gt_sequence:189 - Sequence #188/270
2021-10-22 11:20:12.589 | INFO     | __main__:get_binary_gt_sequence:189 - Sequence #189/270
2021-10-22 11:20:23.430 | INFO     | __main__:get_binary_gt_sequence:189 - Sequence #190/270
2021-10-22 11:20:33.912 | INFO     | __main__:get_binary_gt_sequence:189 - Sequence #191/270
2021-10-22 11:20:44.134 | INFO     | __main__:get_binary_gt_sequence:189 - Sequence #192/270
2021-10-22 11:20:54.543 | INFO     | __main__:get_binary_gt_sequence:189 - Sequence #193/270
2021-10-22 11:21:05.220 | INFO     | __main__:get_binary_gt_sequence:189 - Sequence #194/270
2021-10-22 11:21:15.809 | INFO     | __main__:get_binary_gt_sequence:189 - Sequence #195/270
2021-10-22 11:21:26.291 | INFO     | __main__:get_binary_gt_sequence:189 - Sequence #196/270
2021-10-22 11:21:36.336 | INFO     | __main__:get_binary_gt_sequence:189 - Sequence #197/270
2021-10-22 11:21:46.365 | INFO     | __main__:get_binary_gt_sequence:189 - Sequence #198/270
2021-10-22 11:21:56.861 | INFO     | __main__:get_binary_gt_sequence:189 - Sequence #199/270
2021-10-22 11:22:10.814 | INFO     | __main__:get_binary_gt_sequence:189 - Sequence #200/270
2021-10-22 11:22:21.651 | INFO     | __main__:get_binary_gt_sequence:189 - Sequence #201/270
2021-10-22 11:22:32.194 | INFO     | __main__:get_binary_gt_sequence:189 - Sequence #202/270
2021-10-22 11:22:42.771 | INFO     | __main__:get_binary_gt_sequence:189 - Sequence #203/270
2021-10-22 11:23:05.628 | INFO     | __main__:get_binary_gt_sequence:189 - Sequence #204/270
2021-10-22 11:23:16.063 | INFO     | __main__:get_binary_gt_sequence:189 - Sequence #205/270
2021-10-22 11:23:26.335 | INFO     | __main__:get_binary_gt_sequence:189 - Sequence #206/270
2021-10-22 11:23:36.831 | INFO     | __main__:get_binary_gt_sequence:189 - Sequence #207/270
2021-10-22 11:23:47.758 | INFO     | __main__:get_binary_gt_sequence:189 - Sequence #208/270
2021-10-22 11:23:58.341 | INFO     | __main__:get_binary_gt_sequence:189 - Sequence #209/270
2021-10-22 11:24:08.504 | INFO     | __main__:get_binary_gt_sequence:189 - Sequence #210/270
2021-10-22 11:24:18.996 | INFO     | __main__:get_binary_gt_sequence:189 - Sequence #211/270
2021-10-22 11:24:29.417 | INFO     | __main__:get_binary_gt_sequence:189 - Sequence #212/270
2021-10-22 11:24:40.199 | INFO     | __main__:get_binary_gt_sequence:189 - Sequence #213/270
2021-10-22 11:24:50.868 | INFO     | __main__:get_binary_gt_sequence:189 - Sequence #214/270
2021-10-22 11:25:01.788 | INFO     | __main__:get_binary_gt_sequence:189 - Sequence #215/270
2021-10-22 11:25:12.223 | INFO     | __main__:get_binary_gt_sequence:189 - Sequence #216/270
2021-10-22 11:25:22.869 | INFO     | __main__:get_binary_gt_sequence:189 - Sequence #217/270
2021-10-22 11:25:33.210 | INFO     | __main__:get_binary_gt_sequence:189 - Sequence #218/270
2021-10-22 11:25:43.802 | INFO     | __main__:get_binary_gt_sequence:189 - Sequence #219/270
2021-10-22 11:25:54.421 | INFO     | __main__:get_binary_gt_sequence:189 - Sequence #220/270
2021-10-22 11:26:05.070 | INFO     | __main__:get_binary_gt_sequence:189 - Sequence #221/270
2021-10-22 11:26:15.700 | INFO     | __main__:get_binary_gt_sequence:189 - Sequence #222/270
2021-10-22 11:26:26.852 | INFO     | __main__:get_binary_gt_sequence:189 - Sequence #223/270
2021-10-22 11:26:37.689 | INFO     | __main__:get_binary_gt_sequence:189 - Sequence #224/270
2021-10-22 11:26:48.345 | INFO     | __main__:get_binary_gt_sequence:189 - Sequence #225/270
2021-10-22 11:26:59.224 | INFO     | __main__:get_binary_gt_sequence:189 - Sequence #226/270
2021-10-22 11:27:10.223 | INFO     | __main__:get_binary_gt_sequence:189 - Sequence #227/270
2021-10-22 11:27:21.186 | INFO     | __main__:get_binary_gt_sequence:189 - Sequence #228/270
2021-10-22 11:27:31.980 | INFO     | __main__:get_binary_gt_sequence:189 - Sequence #229/270
2021-10-22 11:27:42.615 | INFO     | __main__:get_binary_gt_sequence:189 - Sequence #230/270
2021-10-22 11:27:53.913 | INFO     | __main__:get_binary_gt_sequence:189 - Sequence #231/270
2021-10-22 11:28:06.526 | INFO     | __main__:get_binary_gt_sequence:189 - Sequence #232/270
2021-10-22 11:28:17.933 | INFO     | __main__:get_binary_gt_sequence:189 - Sequence #233/270
2021-10-22 11:28:29.534 | INFO     | __main__:get_binary_gt_sequence:189 - Sequence #234/270
2021-10-22 11:28:41.472 | INFO     | __main__:get_binary_gt_sequence:189 - Sequence #235/270
2021-10-22 11:28:52.009 | INFO     | __main__:get_binary_gt_sequence:189 - Sequence #236/270
2021-10-22 11:29:02.797 | INFO     | __main__:get_binary_gt_sequence:189 - Sequence #237/270
2021-10-22 11:29:13.304 | INFO     | __main__:get_binary_gt_sequence:189 - Sequence #238/270
2021-10-22 11:29:24.127 | INFO     | __main__:get_binary_gt_sequence:189 - Sequence #239/270
2021-10-22 11:29:35.427 | INFO     | __main__:get_binary_gt_sequence:189 - Sequence #240/270
2021-10-22 11:29:50.947 | INFO     | __main__:get_binary_gt_sequence:189 - Sequence #241/270
2021-10-22 11:30:01.726 | INFO     | __main__:get_binary_gt_sequence:189 - Sequence #242/270
2021-10-22 11:30:12.569 | INFO     | __main__:get_binary_gt_sequence:189 - Sequence #243/270
2021-10-22 11:30:23.048 | INFO     | __main__:get_binary_gt_sequence:189 - Sequence #244/270
2021-10-22 11:30:33.401 | INFO     | __main__:get_binary_gt_sequence:189 - Sequence #245/270
2021-10-22 11:30:44.152 | INFO     | __main__:get_binary_gt_sequence:189 - Sequence #246/270
2021-10-22 11:30:54.792 | INFO     | __main__:get_binary_gt_sequence:189 - Sequence #247/270
2021-10-22 11:31:05.707 | INFO     | __main__:get_binary_gt_sequence:189 - Sequence #248/270
2021-10-22 11:31:17.146 | INFO     | __main__:get_binary_gt_sequence:189 - Sequence #249/270
2021-10-22 11:31:27.816 | INFO     | __main__:get_binary_gt_sequence:189 - Sequence #250/270
2021-10-22 11:31:39.392 | INFO     | __main__:get_binary_gt_sequence:189 - Sequence #251/270
2021-10-22 11:31:50.432 | INFO     | __main__:get_binary_gt_sequence:189 - Sequence #252/270
2021-10-22 11:32:01.763 | INFO     | __main__:get_binary_gt_sequence:189 - Sequence #253/270
2021-10-22 11:32:12.376 | INFO     | __main__:get_binary_gt_sequence:189 - Sequence #254/270
2021-10-22 11:32:23.876 | INFO     | __main__:get_binary_gt_sequence:189 - Sequence #255/270
2021-10-22 11:32:34.161 | INFO     | __main__:get_binary_gt_sequence:189 - Sequence #256/270
2021-10-22 11:32:45.213 | INFO     | __main__:get_binary_gt_sequence:189 - Sequence #257/270
2021-10-22 11:32:56.010 | INFO     | __main__:get_binary_gt_sequence:189 - Sequence #258/270
2021-10-22 11:33:06.598 | INFO     | __main__:get_binary_gt_sequence:189 - Sequence #259/270
2021-10-22 11:33:18.134 | INFO     | __main__:get_binary_gt_sequence:189 - Sequence #260/270
2021-10-22 11:33:28.710 | INFO     | __main__:get_binary_gt_sequence:189 - Sequence #261/270
2021-10-22 11:33:41.221 | INFO     | __main__:get_binary_gt_sequence:189 - Sequence #262/270
2021-10-22 11:33:51.852 | INFO     | __main__:get_binary_gt_sequence:189 - Sequence #263/270
2021-10-22 11:34:02.861 | INFO     | __main__:get_binary_gt_sequence:189 - Sequence #264/270
2021-10-22 11:34:14.252 | INFO     | __main__:get_binary_gt_sequence:189 - Sequence #265/270
2021-10-22 11:34:24.932 | INFO     | __main__:get_binary_gt_sequence:189 - Sequence #266/270
2021-10-22 11:34:35.376 | INFO     | __main__:get_binary_gt_sequence:189 - Sequence #267/270
2021-10-22 11:34:45.824 | INFO     | __main__:get_binary_gt_sequence:189 - Sequence #268/270
2021-10-22 11:34:56.264 | INFO     | __main__:get_binary_gt_sequence:189 - Sequence #269/270
2021-10-22 11:35:07.236 | INFO     | __main__:get_binary_gt_sequence:189 - Sequence #270/270
2021-10-22 11:35:17.858 | INFO     | __main__:main:349 - Decoding hybrid_255 GT
2021-10-22 11:35:18.615 | INFO     | __main__:main:352 - Decoding hybrid_255 binary
2021-10-22 11:35:19.009 | INFO     | __main__:main:404 - Evaluating Accuracy
2021-10-22 11:35:20.758 | INFO     | __main__:main:418 - RMSE repetition_conv_77 570.4836492949477
2021-10-22 11:35:20.762 | INFO     | __main__:main:421 - MAE repetition_conv_77 591.0
2021-10-22 11:35:20.763 | INFO     | __main__:main:423 - Plotting...
2021-10-22 11:35:22.154 | INFO     | __main__:main:418 - RMSE repetition_conv_143 575.5531142706441
2021-10-22 11:35:22.156 | INFO     | __main__:main:421 - MAE repetition_conv_143 595.0
2021-10-22 11:35:22.158 | INFO     | __main__:main:423 - Plotting...
2021-10-22 11:35:24.378 | INFO     | __main__:main:418 - RMSE repetition_conv_275 578.8454376223896
2021-10-22 11:35:24.380 | INFO     | __main__:main:421 - MAE repetition_conv_275 598.0
2021-10-22 11:35:24.382 | INFO     | __main__:main:423 - Plotting...
2021-10-22 11:35:25.688 | INFO     | __main__:main:418 - RMSE repetition_long_77 369.6539887604276
2021-10-22 11:35:25.691 | INFO     | __main__:main:421 - MAE repetition_long_77 227.0
2021-10-22 11:35:25.694 | INFO     | __main__:main:423 - Plotting...
2021-10-22 11:35:26.874 | INFO     | __main__:main:418 - RMSE repetition_long_143 355.61793337336
2021-10-22 11:35:26.875 | INFO     | __main__:main:421 - MAE repetition_long_143 177.5
2021-10-22 11:35:26.876 | INFO     | __main__:main:423 - Plotting...
2021-10-22 11:35:28.120 | INFO     | __main__:main:418 - RMSE repetition_long_275 378.28175511351463
2021-10-22 11:35:28.122 | INFO     | __main__:main:421 - MAE repetition_long_275 176.0
2021-10-22 11:35:28.124 | INFO     | __main__:main:423 - Plotting...
2021-10-22 11:35:29.271 | INFO     | __main__:main:418 - RMSE hybrid_63 596.8742532902942
2021-10-22 11:35:29.272 | INFO     | __main__:main:421 - MAE hybrid_63 611.5
2021-10-22 11:35:29.274 | INFO     | __main__:main:423 - Plotting...
2021-10-22 11:35:30.434 | INFO     | __main__:main:418 - RMSE hybrid_127 600.2195651922783
2021-10-22 11:35:30.436 | INFO     | __main__:main:421 - MAE hybrid_127 614.5
2021-10-22 11:35:30.440 | INFO     | __main__:main:423 - Plotting...
2021-10-22 11:35:31.608 | INFO     | __main__:main:418 - RMSE hybrid_255 597.6683345738614
2021-10-22 11:35:31.610 | INFO     | __main__:main:421 - MAE hybrid_255 612.0
2021-10-22 11:35:31.611 | INFO     | __main__:main:423 - Plotting...
2021-10-22 11:35:33.777 | INFO     | __main__:main:336 - Generating repetition_conv_77 code LUT, decoding func
2021-10-22 11:35:33.783 | INFO     | __main__:get_binary_gt_sequence:180 - All White
2021-10-22 11:35:33.807 | INFO     | __main__:get_binary_gt_sequence:189 - Sequence #1/11
2021-10-22 11:35:35.074 | INFO     | __main__:get_binary_gt_sequence:189 - Sequence #2/11
2021-10-22 11:35:36.280 | INFO     | __main__:get_binary_gt_sequence:189 - Sequence #3/11
2021-10-22 11:35:37.509 | INFO     | __main__:get_binary_gt_sequence:189 - Sequence #4/11
2021-10-22 11:35:38.680 | INFO     | __main__:get_binary_gt_sequence:189 - Sequence #5/11
2021-10-22 11:35:39.859 | INFO     | __main__:get_binary_gt_sequence:189 - Sequence #6/11
2021-10-22 11:35:41.069 | INFO     | __main__:get_binary_gt_sequence:189 - Sequence #7/11
2021-10-22 11:35:42.231 | INFO     | __main__:get_binary_gt_sequence:189 - Sequence #8/11
2021-10-22 11:35:43.572 | INFO     | __main__:get_binary_gt_sequence:189 - Sequence #9/11
2021-10-22 11:35:44.917 | INFO     | __main__:get_binary_gt_sequence:189 - Sequence #10/11
2021-10-22 11:35:46.150 | INFO     | __main__:get_binary_gt_sequence:189 - Sequence #11/11
2021-10-22 11:35:47.511 | INFO     | __main__:main:349 - Decoding repetition_conv_77 GT
2021-10-22 11:35:47.539 | INFO     | __main__:main:352 - Decoding repetition_conv_77 binary
2021-10-22 11:35:47.605 | INFO     | __main__:main:336 - Generating repetition_conv_143 code LUT, decoding func
2021-10-22 11:35:47.610 | INFO     | __main__:get_binary_gt_sequence:180 - All White
2021-10-22 11:35:47.617 | INFO     | __main__:get_binary_gt_sequence:189 - Sequence #1/11
2021-10-22 11:35:48.430 | INFO     | __main__:get_binary_gt_sequence:189 - Sequence #2/11
2021-10-22 11:35:49.211 | INFO     | __main__:get_binary_gt_sequence:189 - Sequence #3/11
2021-10-22 11:35:49.964 | INFO     | __main__:get_binary_gt_sequence:189 - Sequence #4/11
2021-10-22 11:35:50.658 | INFO     | __main__:get_binary_gt_sequence:189 - Sequence #5/11
2021-10-22 11:35:51.422 | INFO     | __main__:get_binary_gt_sequence:189 - Sequence #6/11
2021-10-22 11:35:52.207 | INFO     | __main__:get_binary_gt_sequence:189 - Sequence #7/11
2021-10-22 11:35:52.905 | INFO     | __main__:get_binary_gt_sequence:189 - Sequence #8/11
2021-10-22 11:35:53.572 | INFO     | __main__:get_binary_gt_sequence:189 - Sequence #9/11
2021-10-22 11:35:54.239 | INFO     | __main__:get_binary_gt_sequence:189 - Sequence #10/11
2021-10-22 11:35:54.851 | INFO     | __main__:get_binary_gt_sequence:189 - Sequence #11/11
2021-10-22 11:35:55.490 | INFO     | __main__:main:349 - Decoding repetition_conv_143 GT
2021-10-22 11:35:55.525 | INFO     | __main__:main:352 - Decoding repetition_conv_143 binary
2021-10-22 11:35:55.593 | INFO     | __main__:main:336 - Generating repetition_conv_275 code LUT, decoding func
2021-10-22 11:35:55.601 | INFO     | __main__:get_binary_gt_sequence:180 - All White
2021-10-22 11:35:55.608 | INFO     | __main__:get_binary_gt_sequence:189 - Sequence #1/11
2021-10-22 11:35:56.375 | INFO     | __main__:get_binary_gt_sequence:189 - Sequence #2/11
2021-10-22 11:35:57.015 | INFO     | __main__:get_binary_gt_sequence:189 - Sequence #3/11
2021-10-22 11:35:57.635 | INFO     | __main__:get_binary_gt_sequence:189 - Sequence #4/11
2021-10-22 11:35:58.251 | INFO     | __main__:get_binary_gt_sequence:189 - Sequence #5/11
2021-10-22 11:35:58.896 | INFO     | __main__:get_binary_gt_sequence:189 - Sequence #6/11
2021-10-22 11:35:59.572 | INFO     | __main__:get_binary_gt_sequence:189 - Sequence #7/11
2021-10-22 11:36:00.233 | INFO     | __main__:get_binary_gt_sequence:189 - Sequence #8/11
2021-10-22 11:36:00.846 | INFO     | __main__:get_binary_gt_sequence:189 - Sequence #9/11
2021-10-22 11:36:01.443 | INFO     | __main__:get_binary_gt_sequence:189 - Sequence #10/11
2021-10-22 11:36:02.052 | INFO     | __main__:get_binary_gt_sequence:189 - Sequence #11/11
2021-10-22 11:36:02.694 | INFO     | __main__:main:349 - Decoding repetition_conv_275 GT
2021-10-22 11:36:02.749 | INFO     | __main__:main:352 - Decoding repetition_conv_275 binary
2021-10-22 11:36:02.829 | INFO     | __main__:main:336 - Generating repetition_long_77 code LUT, decoding func
2021-10-22 11:36:02.834 | INFO     | __main__:get_binary_gt_sequence:180 - All White
2021-10-22 11:36:08.342 | INFO     | __main__:get_binary_gt_sequence:189 - Sequence #1/11
2021-10-22 11:36:20.499 | INFO     | __main__:get_binary_gt_sequence:189 - Sequence #2/11
2021-10-22 11:36:32.324 | INFO     | __main__:get_binary_gt_sequence:189 - Sequence #3/11
2021-10-22 11:36:45.502 | INFO     | __main__:get_binary_gt_sequence:189 - Sequence #4/11
2021-10-22 11:36:58.006 | INFO     | __main__:get_binary_gt_sequence:189 - Sequence #5/11
2021-10-22 11:37:09.989 | INFO     | __main__:get_binary_gt_sequence:189 - Sequence #6/11
2021-10-22 11:37:22.512 | INFO     | __main__:get_binary_gt_sequence:189 - Sequence #7/11
2021-10-22 11:37:33.603 | INFO     | __main__:get_binary_gt_sequence:189 - Sequence #8/11
2021-10-22 11:37:45.452 | INFO     | __main__:get_binary_gt_sequence:189 - Sequence #9/11
2021-10-22 11:37:57.328 | INFO     | __main__:get_binary_gt_sequence:189 - Sequence #10/11
2021-10-22 11:38:08.651 | INFO     | __main__:get_binary_gt_sequence:189 - Sequence #11/11
2021-10-22 11:38:20.979 | INFO     | __main__:main:349 - Decoding repetition_long_77 GT
2021-10-22 11:38:21.003 | INFO     | __main__:main:352 - Decoding repetition_long_77 binary
2021-10-22 11:38:21.074 | INFO     | __main__:main:336 - Generating repetition_long_143 code LUT, decoding func
2021-10-22 11:38:21.079 | INFO     | __main__:get_binary_gt_sequence:180 - All White
2021-10-22 11:38:21.108 | INFO     | __main__:get_binary_gt_sequence:189 - Sequence #1/11
2021-10-22 11:38:22.712 | INFO     | __main__:get_binary_gt_sequence:189 - Sequence #2/11
2021-10-22 11:38:24.166 | INFO     | __main__:get_binary_gt_sequence:189 - Sequence #3/11
2021-10-22 11:38:25.487 | INFO     | __main__:get_binary_gt_sequence:189 - Sequence #4/11
2021-10-22 11:38:27.006 | INFO     | __main__:get_binary_gt_sequence:189 - Sequence #5/11
2021-10-22 11:38:28.343 | INFO     | __main__:get_binary_gt_sequence:189 - Sequence #6/11
2021-10-22 11:38:29.668 | INFO     | __main__:get_binary_gt_sequence:189 - Sequence #7/11
2021-10-22 11:38:30.976 | INFO     | __main__:get_binary_gt_sequence:189 - Sequence #8/11
2021-10-22 11:38:32.293 | INFO     | __main__:get_binary_gt_sequence:189 - Sequence #9/11
2021-10-22 11:38:33.570 | INFO     | __main__:get_binary_gt_sequence:189 - Sequence #10/11
2021-10-22 11:38:34.881 | INFO     | __main__:get_binary_gt_sequence:189 - Sequence #11/11
2021-10-22 11:38:36.184 | INFO     | __main__:main:349 - Decoding repetition_long_143 GT
2021-10-22 11:38:36.220 | INFO     | __main__:main:352 - Decoding repetition_long_143 binary
2021-10-22 11:38:36.298 | INFO     | __main__:main:336 - Generating repetition_long_275 code LUT, decoding func
2021-10-22 11:38:36.305 | INFO     | __main__:get_binary_gt_sequence:180 - All White
2021-10-22 11:38:36.311 | INFO     | __main__:get_binary_gt_sequence:189 - Sequence #1/11
2021-10-22 11:38:38.096 | INFO     | __main__:get_binary_gt_sequence:189 - Sequence #2/11
2021-10-22 11:38:39.964 | INFO     | __main__:get_binary_gt_sequence:189 - Sequence #3/11
2021-10-22 11:38:41.791 | INFO     | __main__:get_binary_gt_sequence:189 - Sequence #4/11
2021-10-22 11:38:43.602 | INFO     | __main__:get_binary_gt_sequence:189 - Sequence #5/11
2021-10-22 11:38:45.484 | INFO     | __main__:get_binary_gt_sequence:189 - Sequence #6/11
2021-10-22 11:38:47.281 | INFO     | __main__:get_binary_gt_sequence:189 - Sequence #7/11
2021-10-22 11:38:49.092 | INFO     | __main__:get_binary_gt_sequence:189 - Sequence #8/11
2021-10-22 11:38:50.893 | INFO     | __main__:get_binary_gt_sequence:189 - Sequence #9/11
2021-10-22 11:38:52.680 | INFO     | __main__:get_binary_gt_sequence:189 - Sequence #10/11
2021-10-22 11:38:54.668 | INFO     | __main__:get_binary_gt_sequence:189 - Sequence #11/11
2021-10-22 11:38:56.618 | INFO     | __main__:main:349 - Decoding repetition_long_275 GT
2021-10-22 11:38:56.675 | INFO     | __main__:main:352 - Decoding repetition_long_275 binary
2021-10-22 11:38:56.774 | INFO     | __main__:main:336 - Generating hybrid_63 code LUT, decoding func
2021-10-22 11:38:56.779 | INFO     | __main__:get_binary_gt_sequence:180 - All White
2021-10-22 11:39:01.927 | INFO     | __main__:get_binary_gt_sequence:189 - Sequence #1/77
2021-10-22 11:39:17.320 | INFO     | __main__:get_binary_gt_sequence:189 - Sequence #2/77
2021-10-22 11:39:28.353 | INFO     | __main__:get_binary_gt_sequence:189 - Sequence #3/77
2021-10-22 11:39:39.900 | INFO     | __main__:get_binary_gt_sequence:189 - Sequence #4/77
2021-10-22 11:40:05.589 | INFO     | __main__:get_binary_gt_sequence:189 - Sequence #5/77
2021-10-22 11:40:16.454 | INFO     | __main__:get_binary_gt_sequence:189 - Sequence #6/77
2021-10-22 11:40:27.400 | INFO     | __main__:get_binary_gt_sequence:189 - Sequence #7/77
2021-10-22 11:40:38.857 | INFO     | __main__:get_binary_gt_sequence:189 - Sequence #8/77
2021-10-22 11:40:50.613 | INFO     | __main__:get_binary_gt_sequence:189 - Sequence #9/77
2021-10-22 11:41:01.749 | INFO     | __main__:get_binary_gt_sequence:189 - Sequence #10/77
2021-10-22 11:41:12.687 | INFO     | __main__:get_binary_gt_sequence:189 - Sequence #11/77
2021-10-22 11:41:23.731 | INFO     | __main__:get_binary_gt_sequence:189 - Sequence #12/77
2021-10-22 11:41:34.761 | INFO     | __main__:get_binary_gt_sequence:189 - Sequence #13/77
2021-10-22 11:41:46.156 | INFO     | __main__:get_binary_gt_sequence:189 - Sequence #14/77
2021-10-22 11:41:57.282 | INFO     | __main__:get_binary_gt_sequence:189 - Sequence #15/77
2021-10-22 11:42:08.715 | INFO     | __main__:get_binary_gt_sequence:189 - Sequence #16/77
2021-10-22 11:42:19.477 | INFO     | __main__:get_binary_gt_sequence:189 - Sequence #17/77
2021-10-22 11:42:30.766 | INFO     | __main__:get_binary_gt_sequence:189 - Sequence #18/77
2021-10-22 11:42:42.171 | INFO     | __main__:get_binary_gt_sequence:189 - Sequence #19/77
2021-10-22 11:42:53.535 | INFO     | __main__:get_binary_gt_sequence:189 - Sequence #20/77
2021-10-22 11:43:04.552 | INFO     | __main__:get_binary_gt_sequence:189 - Sequence #21/77
2021-10-22 11:43:16.700 | INFO     | __main__:get_binary_gt_sequence:189 - Sequence #22/77
2021-10-22 11:43:28.914 | INFO     | __main__:get_binary_gt_sequence:189 - Sequence #23/77
2021-10-22 11:43:42.890 | INFO     | __main__:get_binary_gt_sequence:189 - Sequence #24/77
2021-10-22 11:43:54.355 | INFO     | __main__:get_binary_gt_sequence:189 - Sequence #25/77
2021-10-22 11:44:05.419 | INFO     | __main__:get_binary_gt_sequence:189 - Sequence #26/77
2021-10-22 11:44:16.581 | INFO     | __main__:get_binary_gt_sequence:189 - Sequence #27/77
2021-10-22 11:44:28.236 | INFO     | __main__:get_binary_gt_sequence:189 - Sequence #28/77
2021-10-22 11:44:39.612 | INFO     | __main__:get_binary_gt_sequence:189 - Sequence #29/77
2021-10-22 11:44:51.642 | INFO     | __main__:get_binary_gt_sequence:189 - Sequence #30/77
2021-10-22 11:45:03.183 | INFO     | __main__:get_binary_gt_sequence:189 - Sequence #31/77
2021-10-22 11:45:14.822 | INFO     | __main__:get_binary_gt_sequence:189 - Sequence #32/77
2021-10-22 11:45:25.864 | INFO     | __main__:get_binary_gt_sequence:189 - Sequence #33/77
2021-10-22 11:45:37.561 | INFO     | __main__:get_binary_gt_sequence:189 - Sequence #34/77
2021-10-22 11:45:49.001 | INFO     | __main__:get_binary_gt_sequence:189 - Sequence #35/77
2021-10-22 11:46:00.654 | INFO     | __main__:get_binary_gt_sequence:189 - Sequence #36/77
2021-10-22 11:46:27.951 | INFO     | __main__:get_binary_gt_sequence:189 - Sequence #37/77
2021-10-22 11:46:39.068 | INFO     | __main__:get_binary_gt_sequence:189 - Sequence #38/77
2021-10-22 11:46:50.357 | INFO     | __main__:get_binary_gt_sequence:189 - Sequence #39/77
2021-10-22 11:47:02.050 | INFO     | __main__:get_binary_gt_sequence:189 - Sequence #40/77
2021-10-22 11:47:12.935 | INFO     | __main__:get_binary_gt_sequence:189 - Sequence #41/77
2021-10-22 11:47:23.977 | INFO     | __main__:get_binary_gt_sequence:189 - Sequence #42/77
2021-10-22 11:47:35.719 | INFO     | __main__:get_binary_gt_sequence:189 - Sequence #43/77
2021-10-22 11:47:47.236 | INFO     | __main__:get_binary_gt_sequence:189 - Sequence #44/77
2021-10-22 11:47:58.189 | INFO     | __main__:get_binary_gt_sequence:189 - Sequence #45/77
2021-10-22 11:48:09.164 | INFO     | __main__:get_binary_gt_sequence:189 - Sequence #46/77
2021-10-22 11:48:20.194 | INFO     | __main__:get_binary_gt_sequence:189 - Sequence #47/77
2021-10-22 11:48:31.941 | INFO     | __main__:get_binary_gt_sequence:189 - Sequence #48/77
2021-10-22 11:48:43.237 | INFO     | __main__:get_binary_gt_sequence:189 - Sequence #49/77
2021-10-22 11:48:54.190 | INFO     | __main__:get_binary_gt_sequence:189 - Sequence #50/77
2021-10-22 11:49:05.206 | INFO     | __main__:get_binary_gt_sequence:189 - Sequence #51/77
2021-10-22 11:49:16.339 | INFO     | __main__:get_binary_gt_sequence:189 - Sequence #52/77
2021-10-22 11:49:27.204 | INFO     | __main__:get_binary_gt_sequence:189 - Sequence #53/77
2021-10-22 11:49:38.425 | INFO     | __main__:get_binary_gt_sequence:189 - Sequence #54/77
2021-10-22 11:49:51.634 | INFO     | __main__:get_binary_gt_sequence:189 - Sequence #55/77
2021-10-22 11:50:02.514 | INFO     | __main__:get_binary_gt_sequence:189 - Sequence #56/77
2021-10-22 11:50:14.575 | INFO     | __main__:get_binary_gt_sequence:189 - Sequence #57/77
2021-10-22 11:50:25.584 | INFO     | __main__:get_binary_gt_sequence:189 - Sequence #58/77
2021-10-22 11:50:36.587 | INFO     | __main__:get_binary_gt_sequence:189 - Sequence #59/77
2021-10-22 11:50:47.918 | INFO     | __main__:get_binary_gt_sequence:189 - Sequence #60/77
2021-10-22 11:50:58.999 | INFO     | __main__:get_binary_gt_sequence:189 - Sequence #61/77
2021-10-22 11:51:10.082 | INFO     | __main__:get_binary_gt_sequence:189 - Sequence #62/77
2021-10-22 11:51:21.670 | INFO     | __main__:get_binary_gt_sequence:189 - Sequence #63/77
2021-10-22 11:51:32.811 | INFO     | __main__:get_binary_gt_sequence:189 - Sequence #64/77
2021-10-22 11:51:44.144 | INFO     | __main__:get_binary_gt_sequence:189 - Sequence #65/77
2021-10-22 11:51:55.243 | INFO     | __main__:get_binary_gt_sequence:189 - Sequence #66/77
2021-10-22 11:52:06.445 | INFO     | __main__:get_binary_gt_sequence:189 - Sequence #67/77
2021-10-22 11:52:18.160 | INFO     | __main__:get_binary_gt_sequence:189 - Sequence #68/77
2021-10-22 11:52:29.207 | INFO     | __main__:get_binary_gt_sequence:189 - Sequence #69/77
2021-10-22 11:52:40.371 | INFO     | __main__:get_binary_gt_sequence:189 - Sequence #70/77
2021-10-22 11:52:51.685 | INFO     | __main__:get_binary_gt_sequence:189 - Sequence #71/77
2021-10-22 11:53:03.201 | INFO     | __main__:get_binary_gt_sequence:189 - Sequence #72/77
2021-10-22 11:53:14.359 | INFO     | __main__:get_binary_gt_sequence:189 - Sequence #73/77
2021-10-22 11:53:25.590 | INFO     | __main__:get_binary_gt_sequence:189 - Sequence #74/77
2021-10-22 11:53:37.380 | INFO     | __main__:get_binary_gt_sequence:189 - Sequence #75/77
2021-10-22 11:53:48.556 | INFO     | __main__:get_binary_gt_sequence:189 - Sequence #76/77
2021-10-22 11:54:00.219 | INFO     | __main__:get_binary_gt_sequence:189 - Sequence #77/77
2021-10-22 11:54:12.075 | INFO     | __main__:main:349 - Decoding hybrid_63 GT
2021-10-22 11:54:12.969 | INFO     | __main__:main:352 - Decoding hybrid_63 binary
2021-10-22 11:54:13.138 | INFO     | __main__:main:336 - Generating hybrid_127 code LUT, decoding func
2021-10-22 11:54:13.149 | INFO     | __main__:get_binary_gt_sequence:180 - All White
2021-10-22 11:54:18.435 | INFO     | __main__:get_binary_gt_sequence:189 - Sequence #1/143
2021-10-22 11:54:30.041 | INFO     | __main__:get_binary_gt_sequence:189 - Sequence #2/143
2021-10-22 11:54:41.209 | INFO     | __main__:get_binary_gt_sequence:189 - Sequence #3/143
2021-10-22 11:54:54.470 | INFO     | __main__:get_binary_gt_sequence:189 - Sequence #4/143
2021-10-22 11:55:05.333 | INFO     | __main__:get_binary_gt_sequence:189 - Sequence #5/143
2021-10-22 11:55:17.017 | INFO     | __main__:get_binary_gt_sequence:189 - Sequence #6/143
2021-10-22 11:55:28.861 | INFO     | __main__:get_binary_gt_sequence:189 - Sequence #7/143
2021-10-22 11:55:40.189 | INFO     | __main__:get_binary_gt_sequence:189 - Sequence #8/143
2021-10-22 11:55:51.780 | INFO     | __main__:get_binary_gt_sequence:189 - Sequence #9/143
2021-10-22 11:56:02.383 | INFO     | __main__:get_binary_gt_sequence:189 - Sequence #10/143
2021-10-22 11:56:13.473 | INFO     | __main__:get_binary_gt_sequence:189 - Sequence #11/143
2021-10-22 11:56:24.658 | INFO     | __main__:get_binary_gt_sequence:189 - Sequence #12/143
2021-10-22 11:56:35.521 | INFO     | __main__:get_binary_gt_sequence:189 - Sequence #13/143
2021-10-22 11:56:46.447 | INFO     | __main__:get_binary_gt_sequence:189 - Sequence #14/143
2021-10-22 11:56:57.761 | INFO     | __main__:get_binary_gt_sequence:189 - Sequence #15/143
2021-10-22 11:57:08.573 | INFO     | __main__:get_binary_gt_sequence:189 - Sequence #16/143
2021-10-22 11:57:19.529 | INFO     | __main__:get_binary_gt_sequence:189 - Sequence #17/143
2021-10-22 11:57:30.841 | INFO     | __main__:get_binary_gt_sequence:189 - Sequence #18/143
2021-10-22 11:57:41.851 | INFO     | __main__:get_binary_gt_sequence:189 - Sequence #19/143
2021-10-22 11:57:53.528 | INFO     | __main__:get_binary_gt_sequence:189 - Sequence #20/143
2021-10-22 11:58:04.409 | INFO     | __main__:get_binary_gt_sequence:189 - Sequence #21/143
2021-10-22 11:58:15.369 | INFO     | __main__:get_binary_gt_sequence:189 - Sequence #22/143
2021-10-22 11:58:26.245 | INFO     | __main__:get_binary_gt_sequence:189 - Sequence #23/143
2021-10-22 11:58:37.830 | INFO     | __main__:get_binary_gt_sequence:189 - Sequence #24/143
2021-10-22 11:58:48.523 | INFO     | __main__:get_binary_gt_sequence:189 - Sequence #25/143
2021-10-22 11:58:59.491 | INFO     | __main__:get_binary_gt_sequence:189 - Sequence #26/143
2021-10-22 11:59:10.177 | INFO     | __main__:get_binary_gt_sequence:189 - Sequence #27/143
2021-10-22 11:59:20.833 | INFO     | __main__:get_binary_gt_sequence:189 - Sequence #28/143
2021-10-22 11:59:31.386 | INFO     | __main__:get_binary_gt_sequence:189 - Sequence #29/143
2021-10-22 11:59:41.989 | INFO     | __main__:get_binary_gt_sequence:189 - Sequence #30/143
2021-10-22 11:59:54.643 | INFO     | __main__:get_binary_gt_sequence:189 - Sequence #31/143
2021-10-22 12:00:05.245 | INFO     | __main__:get_binary_gt_sequence:189 - Sequence #32/143
2021-10-22 12:00:15.955 | INFO     | __main__:get_binary_gt_sequence:189 - Sequence #33/143
2021-10-22 12:00:26.709 | INFO     | __main__:get_binary_gt_sequence:189 - Sequence #34/143
2021-10-22 12:00:37.646 | INFO     | __main__:get_binary_gt_sequence:189 - Sequence #35/143
2021-10-22 12:00:48.424 | INFO     | __main__:get_binary_gt_sequence:189 - Sequence #36/143
2021-10-22 12:00:58.879 | INFO     | __main__:get_binary_gt_sequence:189 - Sequence #37/143
2021-10-22 12:01:09.466 | INFO     | __main__:get_binary_gt_sequence:189 - Sequence #38/143
2021-10-22 12:01:19.770 | INFO     | __main__:get_binary_gt_sequence:189 - Sequence #39/143
2021-10-22 12:01:30.194 | INFO     | __main__:get_binary_gt_sequence:189 - Sequence #40/143
2021-10-22 12:01:40.357 | INFO     | __main__:get_binary_gt_sequence:189 - Sequence #41/143
2021-10-22 12:01:50.795 | INFO     | __main__:get_binary_gt_sequence:189 - Sequence #42/143
2021-10-22 12:02:01.142 | INFO     | __main__:get_binary_gt_sequence:189 - Sequence #43/143
2021-10-22 12:02:11.565 | INFO     | __main__:get_binary_gt_sequence:189 - Sequence #44/143
2021-10-22 12:02:21.607 | INFO     | __main__:get_binary_gt_sequence:189 - Sequence #45/143
2021-10-22 12:02:32.277 | INFO     | __main__:get_binary_gt_sequence:189 - Sequence #46/143
2021-10-22 12:02:42.641 | INFO     | __main__:get_binary_gt_sequence:189 - Sequence #47/143
2021-10-22 12:02:53.533 | INFO     | __main__:get_binary_gt_sequence:189 - Sequence #48/143
2021-10-22 12:03:04.148 | INFO     | __main__:get_binary_gt_sequence:189 - Sequence #49/143
2021-10-22 12:03:14.988 | INFO     | __main__:get_binary_gt_sequence:189 - Sequence #50/143
2021-10-22 12:03:26.110 | INFO     | __main__:get_binary_gt_sequence:189 - Sequence #51/143
2021-10-22 12:03:37.447 | INFO     | __main__:get_binary_gt_sequence:189 - Sequence #52/143
2021-10-22 12:03:48.018 | INFO     | __main__:get_binary_gt_sequence:189 - Sequence #53/143
2021-10-22 12:03:58.614 | INFO     | __main__:get_binary_gt_sequence:189 - Sequence #54/143
2021-10-22 12:04:09.366 | INFO     | __main__:get_binary_gt_sequence:189 - Sequence #55/143
2021-10-22 12:04:19.965 | INFO     | __main__:get_binary_gt_sequence:189 - Sequence #56/143
2021-10-22 12:04:31.091 | INFO     | __main__:get_binary_gt_sequence:189 - Sequence #57/143
2021-10-22 12:04:42.175 | INFO     | __main__:get_binary_gt_sequence:189 - Sequence #58/143
2021-10-22 12:04:54.993 | INFO     | __main__:get_binary_gt_sequence:189 - Sequence #59/143
2021-10-22 12:05:05.674 | INFO     | __main__:get_binary_gt_sequence:189 - Sequence #60/143
2021-10-22 12:05:16.234 | INFO     | __main__:get_binary_gt_sequence:189 - Sequence #61/143
2021-10-22 12:05:26.871 | INFO     | __main__:get_binary_gt_sequence:189 - Sequence #62/143
2021-10-22 12:05:37.404 | INFO     | __main__:get_binary_gt_sequence:189 - Sequence #63/143
2021-10-22 12:05:48.092 | INFO     | __main__:get_binary_gt_sequence:189 - Sequence #64/143
2021-10-22 12:05:58.598 | INFO     | __main__:get_binary_gt_sequence:189 - Sequence #65/143
2021-10-22 12:06:09.044 | INFO     | __main__:get_binary_gt_sequence:189 - Sequence #66/143
2021-10-22 12:06:19.366 | INFO     | __main__:get_binary_gt_sequence:189 - Sequence #67/143
2021-10-22 12:06:29.823 | INFO     | __main__:get_binary_gt_sequence:189 - Sequence #68/143
2021-10-22 12:06:39.794 | INFO     | __main__:get_binary_gt_sequence:189 - Sequence #69/143
2021-10-22 12:06:50.138 | INFO     | __main__:get_binary_gt_sequence:189 - Sequence #70/143
2021-10-22 12:07:00.993 | INFO     | __main__:get_binary_gt_sequence:189 - Sequence #71/143
2021-10-22 12:07:11.341 | INFO     | __main__:get_binary_gt_sequence:189 - Sequence #72/143
2021-10-22 12:07:21.651 | INFO     | __main__:get_binary_gt_sequence:189 - Sequence #73/143
2021-10-22 12:07:32.238 | INFO     | __main__:get_binary_gt_sequence:189 - Sequence #74/143
2021-10-22 12:07:42.744 | INFO     | __main__:get_binary_gt_sequence:189 - Sequence #75/143
2021-10-22 12:07:53.077 | INFO     | __main__:get_binary_gt_sequence:189 - Sequence #76/143
2021-10-22 12:08:03.730 | INFO     | __main__:get_binary_gt_sequence:189 - Sequence #77/143
2021-10-22 12:08:14.154 | INFO     | __main__:get_binary_gt_sequence:189 - Sequence #78/143
2021-10-22 12:08:26.781 | INFO     | __main__:get_binary_gt_sequence:189 - Sequence #79/143
2021-10-22 12:08:37.527 | INFO     | __main__:get_binary_gt_sequence:189 - Sequence #80/143
2021-10-22 12:08:48.950 | INFO     | __main__:get_binary_gt_sequence:189 - Sequence #81/143
2021-10-22 12:09:00.360 | INFO     | __main__:get_binary_gt_sequence:189 - Sequence #82/143
2021-10-22 12:09:11.624 | INFO     | __main__:get_binary_gt_sequence:189 - Sequence #83/143
2021-10-22 12:09:22.220 | INFO     | __main__:get_binary_gt_sequence:189 - Sequence #84/143
2021-10-22 12:09:33.174 | INFO     | __main__:get_binary_gt_sequence:189 - Sequence #85/143
2021-10-22 12:09:43.965 | INFO     | __main__:get_binary_gt_sequence:189 - Sequence #86/143
2021-10-22 12:09:56.318 | INFO     | __main__:get_binary_gt_sequence:189 - Sequence #87/143
2021-10-22 12:10:06.636 | INFO     | __main__:get_binary_gt_sequence:189 - Sequence #88/143
2021-10-22 12:10:17.058 | INFO     | __main__:get_binary_gt_sequence:189 - Sequence #89/143
2021-10-22 12:10:27.527 | INFO     | __main__:get_binary_gt_sequence:189 - Sequence #90/143
2021-10-22 12:10:37.723 | INFO     | __main__:get_binary_gt_sequence:189 - Sequence #91/143
2021-10-22 12:10:48.624 | INFO     | __main__:get_binary_gt_sequence:189 - Sequence #92/143
2021-10-22 12:10:59.605 | INFO     | __main__:get_binary_gt_sequence:189 - Sequence #93/143
2021-10-22 12:11:10.333 | INFO     | __main__:get_binary_gt_sequence:189 - Sequence #94/143
2021-10-22 12:11:21.092 | INFO     | __main__:get_binary_gt_sequence:189 - Sequence #95/143
2021-10-22 12:11:31.559 | INFO     | __main__:get_binary_gt_sequence:189 - Sequence #96/143
2021-10-22 12:11:42.077 | INFO     | __main__:get_binary_gt_sequence:189 - Sequence #97/143
2021-10-22 12:11:52.726 | INFO     | __main__:get_binary_gt_sequence:189 - Sequence #98/143
2021-10-22 12:12:03.424 | INFO     | __main__:get_binary_gt_sequence:189 - Sequence #99/143
2021-10-22 12:12:14.110 | INFO     | __main__:get_binary_gt_sequence:189 - Sequence #100/143
2021-10-22 12:12:24.948 | INFO     | __main__:get_binary_gt_sequence:189 - Sequence #101/143
2021-10-22 12:12:35.310 | INFO     | __main__:get_binary_gt_sequence:189 - Sequence #102/143
2021-10-22 12:12:45.654 | INFO     | __main__:get_binary_gt_sequence:189 - Sequence #103/143
2021-10-22 12:12:55.664 | INFO     | __main__:get_binary_gt_sequence:189 - Sequence #104/143
2021-10-22 12:13:05.905 | INFO     | __main__:get_binary_gt_sequence:189 - Sequence #105/143
2021-10-22 12:13:16.412 | INFO     | __main__:get_binary_gt_sequence:189 - Sequence #106/143
2021-10-22 12:13:26.517 | INFO     | __main__:get_binary_gt_sequence:189 - Sequence #107/143
2021-10-22 12:13:37.278 | INFO     | __main__:get_binary_gt_sequence:189 - Sequence #108/143
2021-10-22 12:13:47.876 | INFO     | __main__:get_binary_gt_sequence:189 - Sequence #109/143
2021-10-22 12:13:58.410 | INFO     | __main__:get_binary_gt_sequence:189 - Sequence #110/143
2021-10-22 12:14:08.788 | INFO     | __main__:get_binary_gt_sequence:189 - Sequence #111/143
2021-10-22 12:14:19.990 | INFO     | __main__:get_binary_gt_sequence:189 - Sequence #112/143
2021-10-22 12:14:30.535 | INFO     | __main__:get_binary_gt_sequence:189 - Sequence #113/143
2021-10-22 12:14:40.878 | INFO     | __main__:get_binary_gt_sequence:189 - Sequence #114/143
2021-10-22 12:14:53.031 | INFO     | __main__:get_binary_gt_sequence:189 - Sequence #115/143
2021-10-22 12:15:03.798 | INFO     | __main__:get_binary_gt_sequence:189 - Sequence #116/143
2021-10-22 12:15:13.909 | INFO     | __main__:get_binary_gt_sequence:189 - Sequence #117/143
2021-10-22 12:15:24.135 | INFO     | __main__:get_binary_gt_sequence:189 - Sequence #118/143
2021-10-22 12:15:34.972 | INFO     | __main__:get_binary_gt_sequence:189 - Sequence #119/143
2021-10-22 12:15:45.291 | INFO     | __main__:get_binary_gt_sequence:189 - Sequence #120/143
2021-10-22 12:15:55.903 | INFO     | __main__:get_binary_gt_sequence:189 - Sequence #121/143
2021-10-22 12:16:06.166 | INFO     | __main__:get_binary_gt_sequence:189 - Sequence #122/143
2021-10-22 12:16:16.602 | INFO     | __main__:get_binary_gt_sequence:189 - Sequence #123/143
2021-10-22 12:16:27.043 | INFO     | __main__:get_binary_gt_sequence:189 - Sequence #124/143
2021-10-22 12:16:37.047 | INFO     | __main__:get_binary_gt_sequence:189 - Sequence #125/143
2021-10-22 12:16:47.571 | INFO     | __main__:get_binary_gt_sequence:189 - Sequence #126/143
2021-10-22 12:16:58.278 | INFO     | __main__:get_binary_gt_sequence:189 - Sequence #127/143
2021-10-22 12:17:08.765 | INFO     | __main__:get_binary_gt_sequence:189 - Sequence #128/143
2021-10-22 12:17:19.735 | INFO     | __main__:get_binary_gt_sequence:189 - Sequence #129/143
2021-10-22 12:17:30.580 | INFO     | __main__:get_binary_gt_sequence:189 - Sequence #130/143
2021-10-22 12:17:41.121 | INFO     | __main__:get_binary_gt_sequence:189 - Sequence #131/143
2021-10-22 12:17:51.703 | INFO     | __main__:get_binary_gt_sequence:189 - Sequence #132/143
2021-10-22 12:18:02.202 | INFO     | __main__:get_binary_gt_sequence:189 - Sequence #133/143
2021-10-22 12:18:12.309 | INFO     | __main__:get_binary_gt_sequence:189 - Sequence #134/143
2021-10-22 12:18:22.460 | INFO     | __main__:get_binary_gt_sequence:189 - Sequence #135/143
2021-10-22 12:18:32.961 | INFO     | __main__:get_binary_gt_sequence:189 - Sequence #136/143
2021-10-22 12:18:43.340 | INFO     | __main__:get_binary_gt_sequence:189 - Sequence #137/143
2021-10-22 12:18:53.923 | INFO     | __main__:get_binary_gt_sequence:189 - Sequence #138/143
2021-10-22 12:19:04.372 | INFO     | __main__:get_binary_gt_sequence:189 - Sequence #139/143
2021-10-22 12:19:14.954 | INFO     | __main__:get_binary_gt_sequence:189 - Sequence #140/143
2021-10-22 12:19:25.291 | INFO     | __main__:get_binary_gt_sequence:189 - Sequence #141/143
2021-10-22 12:19:36.389 | INFO     | __main__:get_binary_gt_sequence:189 - Sequence #142/143
2021-10-22 12:19:48.012 | INFO     | __main__:get_binary_gt_sequence:189 - Sequence #143/143
2021-10-22 12:20:00.319 | INFO     | __main__:main:349 - Decoding hybrid_127 GT
2021-10-22 12:20:01.072 | INFO     | __main__:main:352 - Decoding hybrid_127 binary
2021-10-22 12:20:01.550 | INFO     | __main__:main:336 - Generating hybrid_255 code LUT, decoding func
2021-10-22 12:20:01.558 | INFO     | __main__:get_binary_gt_sequence:180 - All White
2021-10-22 12:20:06.957 | INFO     | __main__:get_binary_gt_sequence:189 - Sequence #1/270
2021-10-22 12:20:17.598 | INFO     | __main__:get_binary_gt_sequence:189 - Sequence #2/270
2021-10-22 12:20:29.128 | INFO     | __main__:get_binary_gt_sequence:189 - Sequence #3/270
2021-10-22 12:20:39.408 | INFO     | __main__:get_binary_gt_sequence:189 - Sequence #4/270
2021-10-22 12:20:52.593 | INFO     | __main__:get_binary_gt_sequence:189 - Sequence #5/270
2021-10-22 12:21:04.367 | INFO     | __main__:get_binary_gt_sequence:189 - Sequence #6/270
2021-10-22 12:21:15.367 | INFO     | __main__:get_binary_gt_sequence:189 - Sequence #7/270
2021-10-22 12:21:27.287 | INFO     | __main__:get_binary_gt_sequence:189 - Sequence #8/270
2021-10-22 12:21:38.219 | INFO     | __main__:get_binary_gt_sequence:189 - Sequence #9/270
