2021-11-02 07:51:33.480 | INFO     | __main__:main:88 - ? ''
: ? ''
  : ? ''
    : hydra:
        output_subdir: null
        run:
          dir: ./outputs/lcd/${exp_name}/${scene.name}
        sweep:
          dir: ./outputs/lcd/${exp_name}/${scene.name}
        job:
          config:
            override_dirname:
              exclude_keys:
              - exp_name
        job_logging:
          file:
            mode: w
exp_name: intrinsic_extrinsic
plot: true
show: false
savefig: true
capture_date: 29th_October
outfolder: ${hydra:runtime.cwd}/outputs/real_captures/DLP_projector/${capture_date}
correspondence:
  mat_file: ${outfolder}/correspondence_data.mat
  exclude_poses: []
  method: local_homography
  method_kwargs:
    window_size: 10
projector:
  height: 768
  width: 1024
spad:
  height: 256
  width: 512
  mask:
    file: ${outfolder}/calibration/bpIndex_3000_0.7_8.mat
    key: bpIndices
    order: col-major
    rotate_180: true
chessboard:
  width: 9
  height: 6

2021-11-02 07:51:35.479 | INFO     | __main__:main:150 - Pose01 | Chessboard detected
2021-11-02 07:51:43.899 | INFO     | __main__:main:150 - Pose02 | Chessboard detected
2021-11-02 07:51:49.216 | INFO     | __main__:main:150 - Pose03 | Chessboard detected
2021-11-02 07:51:54.717 | INFO     | __main__:main:188 - Pose04 | Chessboard NOT detected
2021-11-02 07:51:54.997 | INFO     | __main__:main:188 - Pose05 | Chessboard NOT detected
2021-11-02 07:51:55.206 | INFO     | __main__:main:188 - Pose06 | Chessboard NOT detected
2021-11-02 07:51:55.413 | INFO     | __main__:main:188 - Pose07 | Chessboard NOT detected
2021-11-02 07:51:55.665 | INFO     | __main__:main:188 - Pose08 | Chessboard NOT detected
2021-11-02 07:51:55.884 | INFO     | __main__:main:188 - Pose09 | Chessboard NOT detected
2021-11-02 07:51:56.123 | INFO     | __main__:main:188 - Pose10 | Chessboard NOT detected
2021-11-02 07:51:56.140 | INFO     | __main__:main:150 - Pose11 | Chessboard detected
2021-11-02 07:52:01.428 | INFO     | __main__:main:188 - Pose12 | Chessboard NOT detected
2021-11-02 07:52:01.443 | INFO     | __main__:main:150 - Pose13 | Chessboard detected
2021-11-02 07:52:06.312 | INFO     | __main__:main:150 - Pose14 | Chessboard detected
2021-11-02 07:52:10.791 | INFO     | __main__:main:150 - Pose15 | Chessboard detected
2021-11-02 07:52:15.347 | INFO     | __main__:main:150 - Pose16 | Chessboard detected
2021-11-02 07:52:19.860 | INFO     | __main__:main:150 - Pose17 | Chessboard detected
2021-11-02 07:52:24.445 | INFO     | __main__:main:188 - Pose18 | Chessboard NOT detected
2021-11-02 07:52:24.462 | INFO     | __main__:main:150 - Pose19 | Chessboard detected
2021-11-02 07:52:29.416 | INFO     | __main__:main:150 - Pose20 | Chessboard detected
2021-11-02 07:52:34.158 | INFO     | __main__:main:150 - Pose21 | Chessboard detected
2021-11-02 07:52:38.882 | INFO     | __main__:main:150 - Pose22 | Chessboard detected
2021-11-02 07:52:43.266 | INFO     | __main__:main:150 - Pose23 | Chessboard detected
2021-11-02 07:52:47.812 | INFO     | __main__:main:188 - Pose24 | Chessboard NOT detected
2021-11-02 07:52:48.034 | INFO     | __main__:main:188 - Pose25 | Chessboard NOT detected
2021-11-02 07:52:48.049 | INFO     | __main__:main:150 - Pose26 | Chessboard detected
2021-11-02 07:52:53.047 | INFO     | __main__:main:188 - Pose27 | Chessboard NOT detected
2021-11-02 07:52:53.320 | INFO     | __main__:main:188 - Pose28 | Chessboard NOT detected
2021-11-02 07:52:53.569 | INFO     | __main__:main:188 - Pose29 | Chessboard NOT detected
2021-11-02 07:52:53.588 | INFO     | __main__:main:150 - Pose30 | Chessboard detected
2021-11-02 07:52:58.685 | INFO     | __main__:main:191 - Calibrating Intrinsics
2021-11-02 07:52:59.317 | INFO     | __main__:main:216 - Calibrating Stereo
2021-11-02 07:53:08.549 | INFO     | __main__:main:233 - Reprojection Error 6.246387105879557
2021-11-02 07:57:40.606 | INFO     | __main__:main:88 - exp_name: intrinsic_extrinsic
plot: true
show: false
savefig: true
capture_date: 29th_October
outfolder: ${hydra:runtime.cwd}/outputs/real_captures/DLP_projector/${capture_date}
correspondence:
  mat_file: ${outfolder}/correspondence_data.mat
  exclude_poses: []
  method: local_homography
  method_kwargs:
    window_size: 10
projector:
  height: 768
  width: 1024
spad:
  height: 256
  width: 512
  mask:
    file: ${outfolder}/calibration/bpIndex_3000_0.7_8.mat
    key: bpIndices
    order: col-major
    rotate_180: true
chessboard:
  width: 9
  height: 6

2021-11-02 07:57:42.104 | INFO     | __main__:main:150 - Pose01 | Chessboard detected
2021-11-02 07:57:49.886 | INFO     | __main__:main:150 - Pose02 | Chessboard detected
2021-11-02 07:57:54.659 | INFO     | __main__:main:150 - Pose03 | Chessboard detected
2021-11-02 07:57:59.179 | INFO     | __main__:main:188 - Pose04 | Chessboard NOT detected
2021-11-02 07:57:59.377 | INFO     | __main__:main:188 - Pose05 | Chessboard NOT detected
2021-11-02 07:57:59.562 | INFO     | __main__:main:188 - Pose06 | Chessboard NOT detected
2021-11-02 07:57:59.739 | INFO     | __main__:main:188 - Pose07 | Chessboard NOT detected
2021-11-02 07:57:59.934 | INFO     | __main__:main:188 - Pose08 | Chessboard NOT detected
2021-11-02 07:58:00.134 | INFO     | __main__:main:188 - Pose09 | Chessboard NOT detected
2021-11-02 07:58:00.338 | INFO     | __main__:main:188 - Pose10 | Chessboard NOT detected
2021-11-02 07:58:00.352 | INFO     | __main__:main:150 - Pose11 | Chessboard detected
2021-11-02 07:58:04.686 | INFO     | __main__:main:188 - Pose12 | Chessboard NOT detected
2021-11-02 07:58:04.703 | INFO     | __main__:main:150 - Pose13 | Chessboard detected
2021-11-02 07:58:09.098 | INFO     | __main__:main:150 - Pose14 | Chessboard detected
2021-11-02 07:58:13.307 | INFO     | __main__:main:150 - Pose15 | Chessboard detected
2021-11-02 07:58:17.743 | INFO     | __main__:main:150 - Pose16 | Chessboard detected
2021-11-02 07:58:21.924 | INFO     | __main__:main:150 - Pose17 | Chessboard detected
2021-11-02 07:58:26.457 | INFO     | __main__:main:188 - Pose18 | Chessboard NOT detected
2021-11-02 07:58:26.472 | INFO     | __main__:main:150 - Pose19 | Chessboard detected
2021-11-02 07:58:30.821 | INFO     | __main__:main:150 - Pose20 | Chessboard detected
2021-11-02 07:58:35.014 | INFO     | __main__:main:150 - Pose21 | Chessboard detected
2021-11-02 07:58:39.528 | INFO     | __main__:main:150 - Pose22 | Chessboard detected
2021-11-02 07:58:43.692 | INFO     | __main__:main:150 - Pose23 | Chessboard detected
2021-11-02 07:58:48.149 | INFO     | __main__:main:188 - Pose24 | Chessboard NOT detected
2021-11-02 07:58:48.399 | INFO     | __main__:main:188 - Pose25 | Chessboard NOT detected
2021-11-02 07:58:48.416 | INFO     | __main__:main:150 - Pose26 | Chessboard detected
2021-11-02 07:58:53.515 | INFO     | __main__:main:188 - Pose27 | Chessboard NOT detected
2021-11-02 07:58:53.706 | INFO     | __main__:main:188 - Pose28 | Chessboard NOT detected
2021-11-02 07:58:53.871 | INFO     | __main__:main:188 - Pose29 | Chessboard NOT detected
2021-11-02 07:58:53.887 | INFO     | __main__:main:150 - Pose30 | Chessboard detected
2021-11-02 07:58:58.090 | INFO     | __main__:main:191 - Calibrating Intrinsics
2021-11-02 07:58:58.535 | INFO     | __main__:main:216 - Calibrating Stereo
2021-11-02 07:59:07.117 | INFO     | __main__:main:233 - Reprojection Error 6.246387105879557
2021-11-02 08:07:06.762 | INFO     | __main__:main:88 - exp_name: intrinsic_extrinsic
plot: true
show: false
savefig: true
capture_date: 29th_October
outfolder: ${hydra:runtime.cwd}/outputs/real_captures/DLP_projector/${capture_date}
correspondence:
  mat_file: ${outfolder}/correspondence_data.mat
  exclude_poses:
  - 3
  - 15
  - 20
  - 21
  method: local_homography
  method_kwargs:
    window_size: 10
projector:
  height: 768
  width: 1024
spad:
  height: 256
  width: 512
  mask:
    file: ${outfolder}/calibration/bpIndex_3000_0.7_8.mat
    key: bpIndices
    order: col-major
    rotate_180: true
chessboard:
  width: 9
  height: 6

2021-11-02 08:07:08.913 | INFO     | __main__:main:150 - Pose01 | Chessboard detected
2021-11-02 08:07:16.611 | INFO     | __main__:main:150 - Pose02 | Chessboard detected
2021-11-02 08:07:21.930 | INFO     | __main__:main:117 - Excluding Pose03
2021-11-02 08:07:22.135 | INFO     | __main__:main:188 - Pose04 | Chessboard NOT detected
2021-11-02 08:07:22.327 | INFO     | __main__:main:188 - Pose05 | Chessboard NOT detected
2021-11-02 08:07:22.532 | INFO     | __main__:main:188 - Pose06 | Chessboard NOT detected
2021-11-02 08:07:22.715 | INFO     | __main__:main:188 - Pose07 | Chessboard NOT detected
2021-11-02 08:07:22.921 | INFO     | __main__:main:188 - Pose08 | Chessboard NOT detected
2021-11-02 08:07:23.126 | INFO     | __main__:main:188 - Pose09 | Chessboard NOT detected
2021-11-02 08:07:23.323 | INFO     | __main__:main:188 - Pose10 | Chessboard NOT detected
2021-11-02 08:07:23.339 | INFO     | __main__:main:150 - Pose11 | Chessboard detected
2021-11-02 08:07:28.247 | INFO     | __main__:main:188 - Pose12 | Chessboard NOT detected
2021-11-02 08:07:28.265 | INFO     | __main__:main:150 - Pose13 | Chessboard detected
2021-11-02 08:07:32.569 | INFO     | __main__:main:150 - Pose14 | Chessboard detected
2021-11-02 08:07:37.283 | INFO     | __main__:main:117 - Excluding Pose15
2021-11-02 08:07:37.304 | INFO     | __main__:main:150 - Pose16 | Chessboard detected
2021-11-02 08:07:41.866 | INFO     | __main__:main:150 - Pose17 | Chessboard detected
2021-11-02 08:07:46.703 | INFO     | __main__:main:188 - Pose18 | Chessboard NOT detected
2021-11-02 08:07:46.720 | INFO     | __main__:main:150 - Pose19 | Chessboard detected
2021-11-02 08:07:51.536 | INFO     | __main__:main:117 - Excluding Pose20
2021-11-02 08:07:51.539 | INFO     | __main__:main:117 - Excluding Pose21
2021-11-02 08:07:51.555 | INFO     | __main__:main:150 - Pose22 | Chessboard detected
2021-11-02 08:07:56.333 | INFO     | __main__:main:150 - Pose23 | Chessboard detected
2021-11-02 08:08:01.119 | INFO     | __main__:main:188 - Pose24 | Chessboard NOT detected
2021-11-02 08:08:01.353 | INFO     | __main__:main:188 - Pose25 | Chessboard NOT detected
2021-11-02 08:08:01.369 | INFO     | __main__:main:150 - Pose26 | Chessboard detected
2021-11-02 08:08:05.950 | INFO     | __main__:main:188 - Pose27 | Chessboard NOT detected
2021-11-02 08:08:06.165 | INFO     | __main__:main:188 - Pose28 | Chessboard NOT detected
2021-11-02 08:08:06.347 | INFO     | __main__:main:188 - Pose29 | Chessboard NOT detected
2021-11-02 08:08:06.368 | INFO     | __main__:main:150 - Pose30 | Chessboard detected
2021-11-02 08:08:11.552 | INFO     | __main__:main:191 - Calibrating Intrinsics
2021-11-02 08:08:11.911 | INFO     | __main__:main:216 - Calibrating Stereo
2021-11-02 08:08:18.226 | INFO     | __main__:main:233 - Reprojection Error 8.23435354456528
2021-11-02 08:11:41.254 | INFO     | __main__:main:88 - exp_name: intrinsic_extrinsic
plot: true
show: false
savefig: true
capture_date: 29th_October
outfolder: ${hydra:runtime.cwd}/outputs/real_captures/DLP_projector/${capture_date}
correspondence:
  mat_file: ${outfolder}/correspondence_data.mat
  exclude_poses: []
  method: local_homography
  method_kwargs:
    window_size: 10
projector:
  height: 768
  width: 1024
spad:
  height: 256
  width: 512
  mask:
    file: ${outfolder}/calibration/bpIndex_3000_0.7_8.mat
    key: bpIndices
    order: col-major
    rotate_180: true
chessboard:
  width: 9
  height: 6

2021-11-02 08:11:44.108 | INFO     | __main__:main:150 - Pose01 | Chessboard detected
2021-11-02 08:11:52.268 | INFO     | __main__:main:150 - Pose02 | Chessboard detected
2021-11-02 08:11:56.758 | INFO     | __main__:main:150 - Pose03 | Chessboard detected
2021-11-02 08:12:01.231 | INFO     | __main__:main:188 - Pose04 | Chessboard NOT detected
2021-11-02 08:12:01.436 | INFO     | __main__:main:188 - Pose05 | Chessboard NOT detected
2021-11-02 08:12:01.632 | INFO     | __main__:main:188 - Pose06 | Chessboard NOT detected
2021-11-02 08:12:01.825 | INFO     | __main__:main:188 - Pose07 | Chessboard NOT detected
2021-11-02 08:12:02.036 | INFO     | __main__:main:188 - Pose08 | Chessboard NOT detected
2021-11-02 08:12:02.254 | INFO     | __main__:main:188 - Pose09 | Chessboard NOT detected
2021-11-02 08:12:02.482 | INFO     | __main__:main:188 - Pose10 | Chessboard NOT detected
2021-11-02 08:12:02.508 | INFO     | __main__:main:150 - Pose11 | Chessboard detected
2021-11-02 08:12:06.949 | INFO     | __main__:main:188 - Pose12 | Chessboard NOT detected
2021-11-02 08:12:06.970 | INFO     | __main__:main:150 - Pose13 | Chessboard detected
2021-11-02 08:12:11.364 | INFO     | __main__:main:150 - Pose14 | Chessboard detected
2021-11-02 08:12:15.828 | INFO     | __main__:main:150 - Pose15 | Chessboard detected
2021-11-02 08:12:20.417 | INFO     | __main__:main:150 - Pose16 | Chessboard detected
2021-11-02 08:12:24.857 | INFO     | __main__:main:150 - Pose17 | Chessboard detected
2021-11-02 08:12:29.693 | INFO     | __main__:main:188 - Pose18 | Chessboard NOT detected
2021-11-02 08:12:29.711 | INFO     | __main__:main:150 - Pose19 | Chessboard detected
2021-11-02 08:12:34.215 | INFO     | __main__:main:150 - Pose20 | Chessboard detected
2021-11-02 08:12:38.605 | INFO     | __main__:main:150 - Pose21 | Chessboard detected
2021-11-02 08:12:43.511 | INFO     | __main__:main:150 - Pose22 | Chessboard detected
2021-11-02 08:12:47.837 | INFO     | __main__:main:150 - Pose23 | Chessboard detected
2021-11-02 08:12:52.412 | INFO     | __main__:main:188 - Pose24 | Chessboard NOT detected
2021-11-02 08:12:52.656 | INFO     | __main__:main:188 - Pose25 | Chessboard NOT detected
2021-11-02 08:12:52.673 | INFO     | __main__:main:150 - Pose26 | Chessboard detected
2021-11-02 08:12:57.641 | INFO     | __main__:main:188 - Pose27 | Chessboard NOT detected
2021-11-02 08:12:57.858 | INFO     | __main__:main:188 - Pose28 | Chessboard NOT detected
2021-11-02 08:12:58.027 | INFO     | __main__:main:188 - Pose29 | Chessboard NOT detected
2021-11-02 08:12:58.044 | INFO     | __main__:main:150 - Pose30 | Chessboard detected
2021-11-02 08:13:02.601 | INFO     | __main__:main:191 - Calibrating Intrinsics
2021-11-02 08:13:03.089 | INFO     | __main__:main:216 - Calibrating Stereo
2021-11-02 08:13:12.761 | INFO     | __main__:main:233 - Reprojection Error 6.246387105879557
2021-11-02 10:23:40.035 | INFO     | __main__:main:88 - exp_name: intrinsic_extrinsic
plot: true
show: false
savefig: true
capture_date: 29th_October
outfolder: ${hydra:runtime.cwd}/outputs/real_captures/DLP_projector/${capture_date}/calibration
correspondence:
  mat_file: ${outfolder}/correspondence_data.mat
  exclude_poses:
  - 4
  - 5
  - 6
  - 7
  - 8
  - 9
  - 10
  - 18
  - 19
  - 24
  - 25
  - 26
  - 27
  - 28
  - 29
  method: local_homography
  method_kwargs:
    window_size: 10
projector:
  height: 768
  width: 1024
spad:
  height: 256
  width: 512
  mask:
    file: ${outfolder}/bpIndex_3000_0.7_8.mat
    key: bpIndices
    order: col-major
    rotate_180: true
chessboard:
  width: 9
  height: 6

2021-11-02 10:23:43.067 | INFO     | __main__:main:150 - Pose01 | Chessboard detected
2021-11-02 10:23:50.833 | INFO     | __main__:main:150 - Pose02 | Chessboard detected
2021-11-02 10:23:57.251 | INFO     | __main__:main:150 - Pose03 | Chessboard detected
2021-11-02 10:24:03.651 | INFO     | __main__:main:117 - Excluding Pose04
2021-11-02 10:24:03.660 | INFO     | __main__:main:117 - Excluding Pose05
2021-11-02 10:24:03.676 | INFO     | __main__:main:117 - Excluding Pose06
2021-11-02 10:24:03.686 | INFO     | __main__:main:117 - Excluding Pose07
2021-11-02 10:24:03.694 | INFO     | __main__:main:117 - Excluding Pose08
2021-11-02 10:24:03.702 | INFO     | __main__:main:117 - Excluding Pose09
2021-11-02 10:24:03.711 | INFO     | __main__:main:117 - Excluding Pose10
2021-11-02 10:24:03.740 | INFO     | __main__:main:150 - Pose11 | Chessboard detected
2021-11-02 10:24:11.077 | INFO     | __main__:main:188 - Pose12 | Chessboard NOT detected
2021-11-02 10:24:11.094 | INFO     | __main__:main:150 - Pose13 | Chessboard detected
2021-11-02 10:24:17.655 | INFO     | __main__:main:150 - Pose14 | Chessboard detected
2021-11-02 10:24:24.318 | INFO     | __main__:main:150 - Pose15 | Chessboard detected
2021-11-02 10:24:30.724 | INFO     | __main__:main:150 - Pose16 | Chessboard detected
2021-11-02 10:24:40.081 | INFO     | __main__:main:150 - Pose17 | Chessboard detected
2021-11-02 10:24:48.212 | INFO     | __main__:main:117 - Excluding Pose18
2021-11-02 10:24:48.215 | INFO     | __main__:main:117 - Excluding Pose19
2021-11-02 10:24:48.244 | INFO     | __main__:main:150 - Pose20 | Chessboard detected
2021-11-02 10:24:55.133 | INFO     | __main__:main:150 - Pose21 | Chessboard detected
2021-11-02 10:25:03.113 | INFO     | __main__:main:150 - Pose22 | Chessboard detected
2021-11-02 10:25:09.292 | INFO     | __main__:main:150 - Pose23 | Chessboard detected
2021-11-02 10:25:14.472 | INFO     | __main__:main:117 - Excluding Pose24
2021-11-02 10:25:14.476 | INFO     | __main__:main:117 - Excluding Pose25
2021-11-02 10:25:14.485 | INFO     | __main__:main:117 - Excluding Pose26
2021-11-02 10:25:14.493 | INFO     | __main__:main:117 - Excluding Pose27
2021-11-02 10:25:14.497 | INFO     | __main__:main:117 - Excluding Pose28
2021-11-02 10:25:14.505 | INFO     | __main__:main:117 - Excluding Pose29
2021-11-02 10:25:14.523 | INFO     | __main__:main:150 - Pose30 | Chessboard detected
2021-11-02 10:25:19.894 | INFO     | __main__:main:191 - Calibrating Intrinsics
2021-11-02 10:25:20.129 | INFO     | __main__:main:216 - Calibrating Stereo
2021-11-02 10:25:29.282 | INFO     | __main__:main:233 - Reprojection Error 38.67186382745884
2021-11-02 10:28:56.634 | INFO     | __main__:main:88 - exp_name: intrinsic_extrinsic
plot: true
show: false
savefig: true
capture_date: 29th_October
outfolder: ${hydra:runtime.cwd}/outputs/real_captures/DLP_projector/${capture_date}/calibration
correspondence:
  mat_file: ${outfolder}/correspondence_data.mat
  exclude_poses:
  - 4
  - 5
  - 6
  - 7
  - 8
  - 9
  - 10
  - 15
  - 18
  - 19
  - 20
  - 24
  - 25
  - 26
  - 27
  - 28
  - 29
  method: local_homography
  method_kwargs:
    window_size: 10
projector:
  height: 768
  width: 1024
spad:
  height: 256
  width: 512
  mask:
    file: ${outfolder}/bpIndex_3000_0.7_8.mat
    key: bpIndices
    order: col-major
    rotate_180: true
chessboard:
  width: 9
  height: 6

2021-11-02 10:29:00.939 | INFO     | __main__:main:150 - Pose01 | Chessboard detected
2021-11-02 10:29:11.743 | INFO     | __main__:main:150 - Pose02 | Chessboard detected
2021-11-02 10:29:18.879 | INFO     | __main__:main:150 - Pose03 | Chessboard detected
2021-11-02 10:29:25.888 | INFO     | __main__:main:117 - Excluding Pose04
2021-11-02 10:29:25.892 | INFO     | __main__:main:117 - Excluding Pose05
2021-11-02 10:29:25.898 | INFO     | __main__:main:117 - Excluding Pose06
2021-11-02 10:29:25.906 | INFO     | __main__:main:117 - Excluding Pose07
2021-11-02 10:29:25.913 | INFO     | __main__:main:117 - Excluding Pose08
2021-11-02 10:29:25.920 | INFO     | __main__:main:117 - Excluding Pose09
2021-11-02 10:29:25.927 | INFO     | __main__:main:117 - Excluding Pose10
2021-11-02 10:29:25.956 | INFO     | __main__:main:150 - Pose11 | Chessboard detected
2021-11-02 10:29:32.993 | INFO     | __main__:main:188 - Pose12 | Chessboard NOT detected
2021-11-02 10:29:33.040 | INFO     | __main__:main:150 - Pose13 | Chessboard detected
2021-11-02 10:29:40.026 | INFO     | __main__:main:150 - Pose14 | Chessboard detected
2021-11-02 10:29:46.478 | INFO     | __main__:main:117 - Excluding Pose15
2021-11-02 10:29:46.497 | INFO     | __main__:main:150 - Pose16 | Chessboard detected
2021-11-02 10:29:53.003 | INFO     | __main__:main:150 - Pose17 | Chessboard detected
2021-11-02 10:29:59.529 | INFO     | __main__:main:117 - Excluding Pose18
2021-11-02 10:29:59.533 | INFO     | __main__:main:117 - Excluding Pose19
2021-11-02 10:29:59.537 | INFO     | __main__:main:117 - Excluding Pose20
2021-11-02 10:29:59.556 | INFO     | __main__:main:150 - Pose21 | Chessboard detected
2021-11-02 10:30:06.671 | INFO     | __main__:main:150 - Pose22 | Chessboard detected
2021-11-02 10:30:13.285 | INFO     | __main__:main:150 - Pose23 | Chessboard detected
2021-11-02 10:30:20.366 | INFO     | __main__:main:117 - Excluding Pose24
2021-11-02 10:30:20.377 | INFO     | __main__:main:117 - Excluding Pose25
2021-11-02 10:30:20.386 | INFO     | __main__:main:117 - Excluding Pose26
2021-11-02 10:30:20.392 | INFO     | __main__:main:117 - Excluding Pose27
2021-11-02 10:30:20.401 | INFO     | __main__:main:117 - Excluding Pose28
2021-11-02 10:30:20.410 | INFO     | __main__:main:117 - Excluding Pose29
2021-11-02 10:30:20.437 | INFO     | __main__:main:150 - Pose30 | Chessboard detected
2021-11-02 10:30:27.225 | INFO     | __main__:main:191 - Calibrating Intrinsics
2021-11-02 10:30:27.764 | INFO     | __main__:main:216 - Calibrating Stereo
2021-11-02 10:30:35.696 | INFO     | __main__:main:233 - Reprojection Error 8.630627115908425
2021-11-02 10:32:13.050 | INFO     | __main__:main:88 - exp_name: intrinsic_extrinsic
plot: true
show: false
savefig: true
capture_date: 29th_October
outfolder: ${hydra:runtime.cwd}/outputs/real_captures/DLP_projector/${capture_date}/calibration
correspondence:
  mat_file: ${outfolder}/correspondence_data.mat
  exclude_poses:
  - 2
  - 3
  - 4
  - 5
  - 6
  - 7
  - 8
  - 9
  - 10
  - 15
  - 18
  - 19
  - 20
  - 21
  - 22
  - 23
  - 24
  - 25
  - 26
  - 27
  - 28
  - 29
  method: local_homography
  method_kwargs:
    window_size: 10
projector:
  height: 768
  width: 1024
spad:
  height: 256
  width: 512
  mask:
    file: ${outfolder}/bpIndex_3000_0.7_8.mat
    key: bpIndices
    order: col-major
    rotate_180: true
chessboard:
  width: 9
  height: 6

2021-11-02 10:32:16.466 | INFO     | __main__:main:150 - Pose01 | Chessboard detected
2021-11-02 10:32:25.816 | INFO     | __main__:main:117 - Excluding Pose02
2021-11-02 10:32:25.817 | INFO     | __main__:main:117 - Excluding Pose03
2021-11-02 10:32:25.820 | INFO     | __main__:main:117 - Excluding Pose04
2021-11-02 10:32:25.824 | INFO     | __main__:main:117 - Excluding Pose05
2021-11-02 10:32:25.828 | INFO     | __main__:main:117 - Excluding Pose06
2021-11-02 10:32:25.834 | INFO     | __main__:main:117 - Excluding Pose07
2021-11-02 10:32:25.840 | INFO     | __main__:main:117 - Excluding Pose08
2021-11-02 10:32:25.844 | INFO     | __main__:main:117 - Excluding Pose09
2021-11-02 10:32:25.847 | INFO     | __main__:main:117 - Excluding Pose10
2021-11-02 10:32:25.868 | INFO     | __main__:main:150 - Pose11 | Chessboard detected
2021-11-02 10:32:31.375 | INFO     | __main__:main:188 - Pose12 | Chessboard NOT detected
2021-11-02 10:32:31.395 | INFO     | __main__:main:150 - Pose13 | Chessboard detected
2021-11-02 10:32:36.319 | INFO     | __main__:main:150 - Pose14 | Chessboard detected
2021-11-02 10:32:41.123 | INFO     | __main__:main:117 - Excluding Pose15
2021-11-02 10:32:41.139 | INFO     | __main__:main:150 - Pose16 | Chessboard detected
2021-11-02 10:32:46.641 | INFO     | __main__:main:150 - Pose17 | Chessboard detected
2021-11-02 10:32:51.264 | INFO     | __main__:main:117 - Excluding Pose18
2021-11-02 10:32:51.267 | INFO     | __main__:main:117 - Excluding Pose19
2021-11-02 10:32:51.270 | INFO     | __main__:main:117 - Excluding Pose20
2021-11-02 10:32:51.273 | INFO     | __main__:main:117 - Excluding Pose21
2021-11-02 10:32:51.277 | INFO     | __main__:main:117 - Excluding Pose22
2021-11-02 10:32:51.281 | INFO     | __main__:main:117 - Excluding Pose23
2021-11-02 10:32:51.285 | INFO     | __main__:main:117 - Excluding Pose24
2021-11-02 10:32:51.288 | INFO     | __main__:main:117 - Excluding Pose25
2021-11-02 10:32:51.291 | INFO     | __main__:main:117 - Excluding Pose26
2021-11-02 10:32:51.295 | INFO     | __main__:main:117 - Excluding Pose27
2021-11-02 10:32:51.298 | INFO     | __main__:main:117 - Excluding Pose28
2021-11-02 10:32:51.302 | INFO     | __main__:main:117 - Excluding Pose29
2021-11-02 10:32:51.318 | INFO     | __main__:main:150 - Pose30 | Chessboard detected
2021-11-02 10:32:56.259 | INFO     | __main__:main:191 - Calibrating Intrinsics
2021-11-02 10:32:56.421 | INFO     | __main__:main:216 - Calibrating Stereo
2021-11-02 10:33:00.224 | INFO     | __main__:main:233 - Reprojection Error 5.674621870774472
2021-11-02 10:34:17.596 | INFO     | __main__:main:88 - exp_name: intrinsic_extrinsic
plot: true
show: false
savefig: true
capture_date: 29th_October
outfolder: ${hydra:runtime.cwd}/outputs/real_captures/DLP_projector/${capture_date}/calibration
correspondence:
  mat_file: ${outfolder}/correspondence_data.mat
  exclude_poses:
  - 2
  - 3
  - 4
  - 5
  - 6
  - 7
  - 8
  - 9
  - 10
  - 15
  - 18
  - 19
  - 20
  - 21
  - 22
  - 23
  - 24
  - 25
  - 26
  - 27
  - 28
  - 29
  method: local_homography
  method_kwargs:
    window_size: 10
projector:
  height: 768
  width: 1024
spad:
  height: 256
  width: 512
  mask:
    file: ${outfolder}/bpIndex_3000_0.7_8.mat
    key: bpIndices
    order: col-major
    rotate_180: true
chessboard:
  width: 9
  height: 6

2021-11-02 10:34:20.246 | INFO     | __main__:main:150 - Pose01 | Chessboard detected
2021-11-02 10:34:27.501 | INFO     | __main__:main:117 - Excluding Pose02
2021-11-02 10:34:27.503 | INFO     | __main__:main:117 - Excluding Pose03
2021-11-02 10:34:27.507 | INFO     | __main__:main:117 - Excluding Pose04
2021-11-02 10:34:27.510 | INFO     | __main__:main:117 - Excluding Pose05
2021-11-02 10:34:27.514 | INFO     | __main__:main:117 - Excluding Pose06
2021-11-02 10:34:27.517 | INFO     | __main__:main:117 - Excluding Pose07
2021-11-02 10:34:27.521 | INFO     | __main__:main:117 - Excluding Pose08
2021-11-02 10:34:27.525 | INFO     | __main__:main:117 - Excluding Pose09
2021-11-02 10:34:27.528 | INFO     | __main__:main:117 - Excluding Pose10
2021-11-02 10:34:27.547 | INFO     | __main__:main:150 - Pose11 | Chessboard detected
2021-11-02 10:34:32.245 | INFO     | __main__:main:188 - Pose12 | Chessboard NOT detected
2021-11-02 10:34:32.266 | INFO     | __main__:main:150 - Pose13 | Chessboard detected
2021-11-02 10:34:37.263 | INFO     | __main__:main:150 - Pose14 | Chessboard detected
2021-11-02 10:34:42.894 | INFO     | __main__:main:117 - Excluding Pose15
2021-11-02 10:34:42.908 | INFO     | __main__:main:150 - Pose16 | Chessboard detected
2021-11-02 10:34:49.417 | INFO     | __main__:main:150 - Pose17 | Chessboard detected
2021-11-02 10:34:54.688 | INFO     | __main__:main:117 - Excluding Pose18
2021-11-02 10:34:54.695 | INFO     | __main__:main:117 - Excluding Pose19
2021-11-02 10:34:54.702 | INFO     | __main__:main:117 - Excluding Pose20
2021-11-02 10:34:54.707 | INFO     | __main__:main:117 - Excluding Pose21
2021-11-02 10:34:54.713 | INFO     | __main__:main:117 - Excluding Pose22
2021-11-02 10:34:54.720 | INFO     | __main__:main:117 - Excluding Pose23
2021-11-02 10:34:54.727 | INFO     | __main__:main:117 - Excluding Pose24
2021-11-02 10:34:54.733 | INFO     | __main__:main:117 - Excluding Pose25
2021-11-02 10:34:54.739 | INFO     | __main__:main:117 - Excluding Pose26
2021-11-02 10:34:54.745 | INFO     | __main__:main:117 - Excluding Pose27
2021-11-02 10:34:54.751 | INFO     | __main__:main:117 - Excluding Pose28
2021-11-02 10:34:54.756 | INFO     | __main__:main:117 - Excluding Pose29
2021-11-02 10:34:54.789 | INFO     | __main__:main:150 - Pose30 | Chessboard detected
2021-11-02 10:35:00.936 | INFO     | __main__:main:191 - Calibrating Intrinsics
2021-11-02 10:35:01.134 | INFO     | __main__:main:216 - Calibrating Stereo
2021-11-02 10:35:05.930 | INFO     | __main__:main:233 - Reprojection Error 5.674621870774472
2021-11-02 10:35:33.417 | INFO     | __main__:main:88 - exp_name: intrinsic_extrinsic
plot: true
show: false
savefig: true
capture_date: 29th_October
outfolder: ${hydra:runtime.cwd}/outputs/real_captures/DLP_projector/${capture_date}/calibration
correspondence:
  mat_file: ${outfolder}/correspondence_data.mat
  exclude_poses:
  - 2
  - 3
  - 4
  - 5
  - 6
  - 7
  - 8
  - 9
  - 10
  - 15
  - 18
  - 19
  - 20
  - 21
  - 22
  - 23
  - 24
  - 25
  - 26
  - 27
  - 28
  - 29
  - 30
  method: local_homography
  method_kwargs:
    window_size: 10
projector:
  height: 768
  width: 1024
spad:
  height: 256
  width: 512
  mask:
    file: ${outfolder}/bpIndex_3000_0.7_8.mat
    key: bpIndices
    order: col-major
    rotate_180: true
chessboard:
  width: 9
  height: 6

2021-11-02 10:35:37.106 | INFO     | __main__:main:150 - Pose01 | Chessboard detected
2021-11-02 10:35:46.635 | INFO     | __main__:main:117 - Excluding Pose02
2021-11-02 10:35:46.646 | INFO     | __main__:main:117 - Excluding Pose03
2021-11-02 10:35:46.660 | INFO     | __main__:main:117 - Excluding Pose04
2021-11-02 10:35:46.671 | INFO     | __main__:main:117 - Excluding Pose05
2021-11-02 10:35:46.680 | INFO     | __main__:main:117 - Excluding Pose06
2021-11-02 10:35:46.691 | INFO     | __main__:main:117 - Excluding Pose07
2021-11-02 10:35:46.705 | INFO     | __main__:main:117 - Excluding Pose08
2021-11-02 10:35:46.713 | INFO     | __main__:main:117 - Excluding Pose09
2021-11-02 10:35:46.720 | INFO     | __main__:main:117 - Excluding Pose10
2021-11-02 10:35:46.740 | INFO     | __main__:main:150 - Pose11 | Chessboard detected
2021-11-02 10:35:52.870 | INFO     | __main__:main:188 - Pose12 | Chessboard NOT detected
2021-11-02 10:35:52.885 | INFO     | __main__:main:150 - Pose13 | Chessboard detected
2021-11-02 10:35:58.743 | INFO     | __main__:main:150 - Pose14 | Chessboard detected
2021-11-02 10:36:04.646 | INFO     | __main__:main:117 - Excluding Pose15
2021-11-02 10:36:04.664 | INFO     | __main__:main:150 - Pose16 | Chessboard detected
2021-11-02 10:36:10.011 | INFO     | __main__:main:150 - Pose17 | Chessboard detected
2021-11-02 10:36:15.303 | INFO     | __main__:main:117 - Excluding Pose18
2021-11-02 10:36:15.305 | INFO     | __main__:main:117 - Excluding Pose19
2021-11-02 10:36:15.307 | INFO     | __main__:main:117 - Excluding Pose20
2021-11-02 10:36:15.309 | INFO     | __main__:main:117 - Excluding Pose21
2021-11-02 10:36:15.311 | INFO     | __main__:main:117 - Excluding Pose22
2021-11-02 10:36:15.316 | INFO     | __main__:main:117 - Excluding Pose23
2021-11-02 10:36:15.320 | INFO     | __main__:main:117 - Excluding Pose24
2021-11-02 10:36:15.326 | INFO     | __main__:main:117 - Excluding Pose25
2021-11-02 10:36:15.330 | INFO     | __main__:main:117 - Excluding Pose26
2021-11-02 10:36:15.334 | INFO     | __main__:main:117 - Excluding Pose27
2021-11-02 10:36:15.340 | INFO     | __main__:main:117 - Excluding Pose28
2021-11-02 10:36:15.343 | INFO     | __main__:main:117 - Excluding Pose29
2021-11-02 10:36:15.345 | INFO     | __main__:main:117 - Excluding Pose30
2021-11-02 10:36:15.349 | INFO     | __main__:main:191 - Calibrating Intrinsics
2021-11-02 10:36:15.445 | INFO     | __main__:main:216 - Calibrating Stereo
2021-11-02 10:36:18.196 | INFO     | __main__:main:233 - Reprojection Error 5.965425259194172
2021-11-02 11:01:29.034 | INFO     | __main__:main:88 - exp_name: intrinsic_extrinsic
plot: true
show: false
savefig: true
capture_date: 29th_October
outfolder: ${hydra:runtime.cwd}/outputs/real_captures/DLP_projector/${capture_date}/calibration
correspondence:
  mat_file: ${outfolder}/correspondence_data.mat
  exclude_poses:
  - 2
  - 3
  - 4
  - 5
  - 6
  - 7
  - 8
  - 9
  - 10
  - 14
  - 15
  - 18
  - 19
  - 20
  - 21
  - 22
  - 23
  - 24
  - 25
  - 26
  - 27
  - 28
  - 29
  - 30
  method: local_homography
  method_kwargs:
    window_size: 10
projector:
  height: 768
  width: 1024
spad:
  height: 256
  width: 512
  mask:
    file: ${outfolder}/bpIndex_3000_0.7_8.mat
    key: bpIndices
    order: col-major
    rotate_180: true
chessboard:
  width: 9
  height: 6

2021-11-02 11:01:31.999 | INFO     | __main__:main:150 - Pose01 | Chessboard detected
2021-11-02 11:01:40.676 | INFO     | __main__:main:117 - Excluding Pose02
2021-11-02 11:01:40.677 | INFO     | __main__:main:117 - Excluding Pose03
2021-11-02 11:01:40.680 | INFO     | __main__:main:117 - Excluding Pose04
2021-11-02 11:01:40.682 | INFO     | __main__:main:117 - Excluding Pose05
2021-11-02 11:01:40.685 | INFO     | __main__:main:117 - Excluding Pose06
2021-11-02 11:01:40.686 | INFO     | __main__:main:117 - Excluding Pose07
2021-11-02 11:01:40.687 | INFO     | __main__:main:117 - Excluding Pose08
2021-11-02 11:01:40.689 | INFO     | __main__:main:117 - Excluding Pose09
2021-11-02 11:01:40.690 | INFO     | __main__:main:117 - Excluding Pose10
2021-11-02 11:01:40.710 | INFO     | __main__:main:150 - Pose11 | Chessboard detected
2021-11-02 11:01:45.516 | INFO     | __main__:main:188 - Pose12 | Chessboard NOT detected
2021-11-02 11:01:45.532 | INFO     | __main__:main:150 - Pose13 | Chessboard detected
2021-11-02 11:01:50.202 | INFO     | __main__:main:117 - Excluding Pose14
2021-11-02 11:01:50.207 | INFO     | __main__:main:117 - Excluding Pose15
2021-11-02 11:01:50.224 | INFO     | __main__:main:150 - Pose16 | Chessboard detected
2021-11-02 11:01:55.095 | INFO     | __main__:main:150 - Pose17 | Chessboard detected
2021-11-02 11:01:59.925 | INFO     | __main__:main:117 - Excluding Pose18
2021-11-02 11:01:59.928 | INFO     | __main__:main:117 - Excluding Pose19
2021-11-02 11:01:59.930 | INFO     | __main__:main:117 - Excluding Pose20
2021-11-02 11:01:59.932 | INFO     | __main__:main:117 - Excluding Pose21
2021-11-02 11:01:59.934 | INFO     | __main__:main:117 - Excluding Pose22
2021-11-02 11:01:59.936 | INFO     | __main__:main:117 - Excluding Pose23
2021-11-02 11:01:59.938 | INFO     | __main__:main:117 - Excluding Pose24
2021-11-02 11:01:59.940 | INFO     | __main__:main:117 - Excluding Pose25
2021-11-02 11:01:59.942 | INFO     | __main__:main:117 - Excluding Pose26
2021-11-02 11:01:59.944 | INFO     | __main__:main:117 - Excluding Pose27
2021-11-02 11:01:59.949 | INFO     | __main__:main:117 - Excluding Pose28
2021-11-02 11:01:59.951 | INFO     | __main__:main:117 - Excluding Pose29
2021-11-02 11:01:59.954 | INFO     | __main__:main:117 - Excluding Pose30
2021-11-02 11:01:59.956 | INFO     | __main__:main:191 - Calibrating Intrinsics
2021-11-02 11:02:00.087 | INFO     | __main__:main:216 - Calibrating Stereo
2021-11-02 11:02:02.243 | INFO     | __main__:main:233 - Reprojection Error 4.463296536460599
2021-11-02 11:44:19.047 | INFO     | __main__:main:88 - exp_name: intrinsic_extrinsic
plot: true
show: false
savefig: true
capture_date: 29th_October
outfolder: ${hydra:runtime.cwd}/outputs/real_captures/DLP_projector/${capture_date}/calibration
correspondence:
  mat_file: ${outfolder}/correspondence_data.mat
  exclude_poses:
  - 2
  - 3
  - 4
  - 5
  - 6
  - 7
  - 8
  - 9
  - 10
  - 14
  - 15
  - 18
  - 19
  - 20
  - 21
  - 22
  - 23
  - 24
  - 25
  - 26
  - 27
  - 28
  - 29
  - 30
  method: local_homography
  method_kwargs:
    window_size: 10
projector:
  height: 768
  width: 1024
spad:
  height: 256
  width: 512
  mask:
    file: ${outfolder}/bpIndex_3000_0.7_8.mat
    key: bpIndices
    order: col-major
    rotate_180: true
chessboard:
  width: 9
  height: 6

2021-11-02 11:44:22.640 | INFO     | __main__:main:150 - Pose01 | Chessboard detected
2021-11-02 11:44:33.634 | INFO     | __main__:main:117 - Excluding Pose02
2021-11-02 11:44:33.642 | INFO     | __main__:main:117 - Excluding Pose03
2021-11-02 11:44:33.647 | INFO     | __main__:main:117 - Excluding Pose04
2021-11-02 11:44:33.653 | INFO     | __main__:main:117 - Excluding Pose05
2021-11-02 11:44:33.656 | INFO     | __main__:main:117 - Excluding Pose06
2021-11-02 11:44:33.661 | INFO     | __main__:main:117 - Excluding Pose07
2021-11-02 11:44:33.667 | INFO     | __main__:main:117 - Excluding Pose08
2021-11-02 11:44:33.674 | INFO     | __main__:main:117 - Excluding Pose09
2021-11-02 11:44:33.680 | INFO     | __main__:main:117 - Excluding Pose10
2021-11-02 11:44:33.712 | INFO     | __main__:main:150 - Pose11 | Chessboard detected
2021-11-02 11:44:41.513 | INFO     | __main__:main:188 - Pose12 | Chessboard NOT detected
2021-11-02 11:44:41.535 | INFO     | __main__:main:150 - Pose13 | Chessboard detected
