2021-10-22 09:14:15.823 | INFO     | __main__:main:336 - Generating repetition_conv_77 code LUT, decoding func
2021-10-22 09:14:15.853 | INFO     | __main__:get_binary_gt_sequence:180 - All White
2021-10-22 09:14:15.873 | INFO     | __main__:get_binary_gt_sequence:189 - Sequence #1/11
2021-10-22 09:14:18.506 | INFO     | __main__:get_binary_gt_sequence:189 - Sequence #2/11
2021-10-22 09:14:28.885 | INFO     | __main__:get_binary_gt_sequence:189 - Sequence #3/11
2021-10-22 09:14:41.215 | INFO     | __main__:get_binary_gt_sequence:189 - Sequence #4/11
2021-10-22 09:14:53.054 | INFO     | __main__:get_binary_gt_sequence:189 - Sequence #5/11
2021-10-22 09:15:04.902 | INFO     | __main__:get_binary_gt_sequence:189 - Sequence #6/11
2021-10-22 09:15:16.583 | INFO     | __main__:get_binary_gt_sequence:189 - Sequence #7/11
2021-10-22 09:15:28.189 | INFO     | __main__:get_binary_gt_sequence:189 - Sequence #8/11
2021-10-22 09:15:39.860 | INFO     | __main__:get_binary_gt_sequence:189 - Sequence #9/11
2021-10-22 09:15:51.699 | INFO     | __main__:get_binary_gt_sequence:189 - Sequence #10/11
2021-10-22 09:16:03.473 | INFO     | __main__:get_binary_gt_sequence:189 - Sequence #11/11
2021-10-22 09:16:15.110 | INFO     | __main__:main:349 - Decoding repetition_conv_77 GT
2021-10-22 09:16:15.135 | INFO     | __main__:main:352 - Decoding repetition_conv_77 binary
2021-10-22 09:16:15.196 | INFO     | __main__:main:336 - Generating repetition_conv_143 code LUT, decoding func
2021-10-22 09:16:15.201 | INFO     | __main__:get_binary_gt_sequence:180 - All White
2021-10-22 09:16:15.206 | INFO     | __main__:get_binary_gt_sequence:189 - Sequence #1/11
2021-10-22 09:16:15.971 | INFO     | __main__:get_binary_gt_sequence:189 - Sequence #2/11
2021-10-22 09:16:16.590 | INFO     | __main__:get_binary_gt_sequence:189 - Sequence #3/11
2021-10-22 09:16:17.264 | INFO     | __main__:get_binary_gt_sequence:189 - Sequence #4/11
2021-10-22 09:16:17.953 | INFO     | __main__:get_binary_gt_sequence:189 - Sequence #5/11
2021-10-22 09:16:18.600 | INFO     | __main__:get_binary_gt_sequence:189 - Sequence #6/11
2021-10-22 09:16:19.215 | INFO     | __main__:get_binary_gt_sequence:189 - Sequence #7/11
2021-10-22 09:16:19.844 | INFO     | __main__:get_binary_gt_sequence:189 - Sequence #8/11
2021-10-22 09:16:20.455 | INFO     | __main__:get_binary_gt_sequence:189 - Sequence #9/11
2021-10-22 09:16:20.995 | INFO     | __main__:get_binary_gt_sequence:189 - Sequence #10/11
2021-10-22 09:16:21.530 | INFO     | __main__:get_binary_gt_sequence:189 - Sequence #11/11
2021-10-22 09:16:22.111 | INFO     | __main__:main:349 - Decoding repetition_conv_143 GT
2021-10-22 09:16:22.149 | INFO     | __main__:main:352 - Decoding repetition_conv_143 binary
2021-10-22 09:16:22.217 | INFO     | __main__:main:336 - Generating repetition_conv_275 code LUT, decoding func
2021-10-22 09:16:22.222 | INFO     | __main__:get_binary_gt_sequence:180 - All White
2021-10-22 09:16:22.227 | INFO     | __main__:get_binary_gt_sequence:189 - Sequence #1/11
2021-10-22 09:16:22.884 | INFO     | __main__:get_binary_gt_sequence:189 - Sequence #2/11
2021-10-22 09:16:23.458 | INFO     | __main__:get_binary_gt_sequence:189 - Sequence #3/11
2021-10-22 09:16:24.063 | INFO     | __main__:get_binary_gt_sequence:189 - Sequence #4/11
2021-10-22 09:16:24.626 | INFO     | __main__:get_binary_gt_sequence:189 - Sequence #5/11
2021-10-22 09:16:25.183 | INFO     | __main__:get_binary_gt_sequence:189 - Sequence #6/11
2021-10-22 09:16:25.752 | INFO     | __main__:get_binary_gt_sequence:189 - Sequence #7/11
2021-10-22 09:16:26.317 | INFO     | __main__:get_binary_gt_sequence:189 - Sequence #8/11
2021-10-22 09:16:26.865 | INFO     | __main__:get_binary_gt_sequence:189 - Sequence #9/11
2021-10-22 09:16:27.419 | INFO     | __main__:get_binary_gt_sequence:189 - Sequence #10/11
2021-10-22 09:16:27.956 | INFO     | __main__:get_binary_gt_sequence:189 - Sequence #11/11
2021-10-22 09:16:28.537 | INFO     | __main__:main:349 - Decoding repetition_conv_275 GT
2021-10-22 09:16:28.593 | INFO     | __main__:main:352 - Decoding repetition_conv_275 binary
2021-10-22 09:16:28.676 | INFO     | __main__:main:336 - Generating repetition_long_77 code LUT, decoding func
2021-10-22 09:16:28.695 | INFO     | __main__:get_binary_gt_sequence:180 - All White
2021-10-22 09:16:34.317 | INFO     | __main__:get_binary_gt_sequence:189 - Sequence #1/11
2021-10-22 09:16:46.580 | INFO     | __main__:get_binary_gt_sequence:189 - Sequence #2/11
2021-10-22 09:16:58.768 | INFO     | __main__:get_binary_gt_sequence:189 - Sequence #3/11
2021-10-22 09:17:11.682 | INFO     | __main__:get_binary_gt_sequence:189 - Sequence #4/11
2021-10-22 09:17:25.599 | INFO     | __main__:get_binary_gt_sequence:189 - Sequence #5/11
2021-10-22 09:17:38.727 | INFO     | __main__:get_binary_gt_sequence:189 - Sequence #6/11
2021-10-22 09:17:51.141 | INFO     | __main__:get_binary_gt_sequence:189 - Sequence #7/11
2021-10-22 09:18:03.700 | INFO     | __main__:get_binary_gt_sequence:189 - Sequence #8/11
2021-10-22 09:18:16.471 | INFO     | __main__:get_binary_gt_sequence:189 - Sequence #9/11
2021-10-22 09:18:29.487 | INFO     | __main__:get_binary_gt_sequence:189 - Sequence #10/11
2021-10-22 09:18:42.752 | INFO     | __main__:get_binary_gt_sequence:189 - Sequence #11/11
2021-10-22 09:19:02.333 | INFO     | __main__:main:349 - Decoding repetition_long_77 GT
2021-10-22 09:19:02.359 | INFO     | __main__:main:352 - Decoding repetition_long_77 binary
2021-10-22 09:19:02.429 | INFO     | __main__:main:336 - Generating repetition_long_143 code LUT, decoding func
2021-10-22 09:19:02.436 | INFO     | __main__:get_binary_gt_sequence:180 - All White
2021-10-22 09:19:02.452 | INFO     | __main__:get_binary_gt_sequence:189 - Sequence #1/11
2021-10-22 09:19:03.930 | INFO     | __main__:get_binary_gt_sequence:189 - Sequence #2/11
2021-10-22 09:19:05.312 | INFO     | __main__:get_binary_gt_sequence:189 - Sequence #3/11
2021-10-22 09:19:06.639 | INFO     | __main__:get_binary_gt_sequence:189 - Sequence #4/11
2021-10-22 09:19:07.966 | INFO     | __main__:get_binary_gt_sequence:189 - Sequence #5/11
2021-10-22 09:19:09.293 | INFO     | __main__:get_binary_gt_sequence:189 - Sequence #6/11
2021-10-22 09:19:10.821 | INFO     | __main__:get_binary_gt_sequence:189 - Sequence #7/11
2021-10-22 09:19:12.179 | INFO     | __main__:get_binary_gt_sequence:189 - Sequence #8/11
2021-10-22 09:19:13.518 | INFO     | __main__:get_binary_gt_sequence:189 - Sequence #9/11
2021-10-22 09:19:14.977 | INFO     | __main__:get_binary_gt_sequence:189 - Sequence #10/11
2021-10-22 09:19:16.370 | INFO     | __main__:get_binary_gt_sequence:189 - Sequence #11/11
2021-10-22 09:19:18.005 | INFO     | __main__:main:349 - Decoding repetition_long_143 GT
2021-10-22 09:19:18.045 | INFO     | __main__:main:352 - Decoding repetition_long_143 binary
2021-10-22 09:19:18.132 | INFO     | __main__:main:336 - Generating repetition_long_275 code LUT, decoding func
2021-10-22 09:19:18.141 | INFO     | __main__:get_binary_gt_sequence:180 - All White
2021-10-22 09:19:18.148 | INFO     | __main__:get_binary_gt_sequence:189 - Sequence #1/11
2021-10-22 09:19:20.186 | INFO     | __main__:get_binary_gt_sequence:189 - Sequence #2/11
2021-10-22 09:19:22.129 | INFO     | __main__:get_binary_gt_sequence:189 - Sequence #3/11
2021-10-22 09:19:24.095 | INFO     | __main__:get_binary_gt_sequence:189 - Sequence #4/11
2021-10-22 09:19:25.940 | INFO     | __main__:get_binary_gt_sequence:189 - Sequence #5/11
2021-10-22 09:19:28.221 | INFO     | __main__:get_binary_gt_sequence:189 - Sequence #6/11
2021-10-22 09:19:30.191 | INFO     | __main__:get_binary_gt_sequence:189 - Sequence #7/11
2021-10-22 09:19:31.958 | INFO     | __main__:get_binary_gt_sequence:189 - Sequence #8/11
2021-10-22 09:19:33.842 | INFO     | __main__:get_binary_gt_sequence:189 - Sequence #9/11
2021-10-22 09:19:35.740 | INFO     | __main__:get_binary_gt_sequence:189 - Sequence #10/11
2021-10-22 09:19:37.591 | INFO     | __main__:get_binary_gt_sequence:189 - Sequence #11/11
2021-10-22 09:19:39.588 | INFO     | __main__:main:349 - Decoding repetition_long_275 GT
2021-10-22 09:19:39.646 | INFO     | __main__:main:352 - Decoding repetition_long_275 binary
2021-10-22 09:19:39.744 | INFO     | __main__:main:336 - Generating hybrid_63 code LUT, decoding func
2021-10-22 09:19:39.758 | INFO     | __main__:get_binary_gt_sequence:180 - All White
2021-10-22 09:19:45.478 | INFO     | __main__:get_binary_gt_sequence:189 - Sequence #1/77
2021-10-22 09:19:57.202 | INFO     | __main__:get_binary_gt_sequence:189 - Sequence #2/77
2021-10-22 09:20:09.199 | INFO     | __main__:get_binary_gt_sequence:189 - Sequence #3/77
2021-10-22 09:20:20.864 | INFO     | __main__:get_binary_gt_sequence:189 - Sequence #4/77
2021-10-22 09:20:32.498 | INFO     | __main__:get_binary_gt_sequence:189 - Sequence #5/77
2021-10-22 09:20:45.841 | INFO     | __main__:get_binary_gt_sequence:189 - Sequence #6/77
2021-10-22 09:20:57.585 | INFO     | __main__:get_binary_gt_sequence:189 - Sequence #7/77
2021-10-22 09:21:09.630 | INFO     | __main__:get_binary_gt_sequence:189 - Sequence #8/77
2021-10-22 09:21:22.755 | INFO     | __main__:get_binary_gt_sequence:189 - Sequence #9/77
2021-10-22 09:21:36.774 | INFO     | __main__:get_binary_gt_sequence:189 - Sequence #10/77
2021-10-22 09:21:48.707 | INFO     | __main__:get_binary_gt_sequence:189 - Sequence #11/77
2021-10-22 09:22:01.206 | INFO     | __main__:get_binary_gt_sequence:189 - Sequence #12/77
2021-10-22 09:22:14.616 | INFO     | __main__:get_binary_gt_sequence:189 - Sequence #13/77
2021-10-22 09:22:27.518 | INFO     | __main__:get_binary_gt_sequence:189 - Sequence #14/77
2021-10-22 09:22:39.885 | INFO     | __main__:get_binary_gt_sequence:189 - Sequence #15/77
2021-10-22 09:22:52.084 | INFO     | __main__:get_binary_gt_sequence:189 - Sequence #16/77
2021-10-22 09:23:04.639 | INFO     | __main__:get_binary_gt_sequence:189 - Sequence #17/77
2021-10-22 09:23:16.860 | INFO     | __main__:get_binary_gt_sequence:189 - Sequence #18/77
2021-10-22 09:23:28.924 | INFO     | __main__:get_binary_gt_sequence:189 - Sequence #19/77
2021-10-22 09:23:40.612 | INFO     | __main__:get_binary_gt_sequence:189 - Sequence #20/77
2021-10-22 09:23:51.869 | INFO     | __main__:get_binary_gt_sequence:189 - Sequence #21/77
2021-10-22 09:24:03.032 | INFO     | __main__:get_binary_gt_sequence:189 - Sequence #22/77
2021-10-22 09:24:14.640 | INFO     | __main__:get_binary_gt_sequence:189 - Sequence #23/77
2021-10-22 09:24:26.982 | INFO     | __main__:get_binary_gt_sequence:189 - Sequence #24/77
2021-10-22 09:24:38.470 | INFO     | __main__:get_binary_gt_sequence:189 - Sequence #25/77
2021-10-22 09:24:50.190 | INFO     | __main__:get_binary_gt_sequence:189 - Sequence #26/77
2021-10-22 09:25:01.672 | INFO     | __main__:get_binary_gt_sequence:189 - Sequence #27/77
2021-10-22 09:25:13.219 | INFO     | __main__:get_binary_gt_sequence:189 - Sequence #28/77
2021-10-22 09:25:24.695 | INFO     | __main__:get_binary_gt_sequence:189 - Sequence #29/77
2021-10-22 09:25:36.727 | INFO     | __main__:get_binary_gt_sequence:189 - Sequence #30/77
2021-10-22 09:25:48.546 | INFO     | __main__:get_binary_gt_sequence:189 - Sequence #31/77
2021-10-22 09:26:00.060 | INFO     | __main__:get_binary_gt_sequence:189 - Sequence #32/77
2021-10-22 09:26:11.817 | INFO     | __main__:get_binary_gt_sequence:189 - Sequence #33/77
2021-10-22 09:26:23.121 | INFO     | __main__:get_binary_gt_sequence:189 - Sequence #34/77
2021-10-22 09:26:34.601 | INFO     | __main__:get_binary_gt_sequence:189 - Sequence #35/77
2021-10-22 09:26:45.891 | INFO     | __main__:get_binary_gt_sequence:189 - Sequence #36/77
2021-10-22 09:26:57.181 | INFO     | __main__:get_binary_gt_sequence:189 - Sequence #37/77
2021-10-22 09:27:08.477 | INFO     | __main__:get_binary_gt_sequence:189 - Sequence #38/77
2021-10-22 09:27:19.792 | INFO     | __main__:get_binary_gt_sequence:189 - Sequence #39/77
2021-10-22 09:27:31.152 | INFO     | __main__:get_binary_gt_sequence:189 - Sequence #40/77
2021-10-22 09:27:42.318 | INFO     | __main__:get_binary_gt_sequence:189 - Sequence #41/77
2021-10-22 09:27:53.754 | INFO     | __main__:get_binary_gt_sequence:189 - Sequence #42/77
2021-10-22 09:28:05.218 | INFO     | __main__:get_binary_gt_sequence:189 - Sequence #43/77
2021-10-22 09:28:17.056 | INFO     | __main__:get_binary_gt_sequence:189 - Sequence #44/77
2021-10-22 09:28:28.579 | INFO     | __main__:get_binary_gt_sequence:189 - Sequence #45/77
2021-10-22 09:28:40.249 | INFO     | __main__:get_binary_gt_sequence:189 - Sequence #46/77
2021-10-22 09:28:51.852 | INFO     | __main__:get_binary_gt_sequence:189 - Sequence #47/77
2021-10-22 09:29:03.303 | INFO     | __main__:get_binary_gt_sequence:189 - Sequence #48/77
2021-10-22 09:29:14.803 | INFO     | __main__:get_binary_gt_sequence:189 - Sequence #49/77
2021-10-22 09:29:27.066 | INFO     | __main__:get_binary_gt_sequence:189 - Sequence #50/77
2021-10-22 09:29:38.478 | INFO     | __main__:get_binary_gt_sequence:189 - Sequence #51/77
2021-10-22 09:29:50.472 | INFO     | __main__:get_binary_gt_sequence:189 - Sequence #52/77
2021-10-22 09:30:01.760 | INFO     | __main__:get_binary_gt_sequence:189 - Sequence #53/77
2021-10-22 09:30:13.251 | INFO     | __main__:get_binary_gt_sequence:189 - Sequence #54/77
2021-10-22 09:30:25.041 | INFO     | __main__:get_binary_gt_sequence:189 - Sequence #55/77
2021-10-22 09:30:36.611 | INFO     | __main__:get_binary_gt_sequence:189 - Sequence #56/77
2021-10-22 09:30:48.266 | INFO     | __main__:get_binary_gt_sequence:189 - Sequence #57/77
2021-10-22 09:30:59.414 | INFO     | __main__:get_binary_gt_sequence:189 - Sequence #58/77
2021-10-22 09:31:16.059 | INFO     | __main__:get_binary_gt_sequence:189 - Sequence #59/77
2021-10-22 09:31:27.607 | INFO     | __main__:get_binary_gt_sequence:189 - Sequence #60/77
2021-10-22 09:31:40.848 | INFO     | __main__:get_binary_gt_sequence:189 - Sequence #61/77
2021-10-22 09:31:52.490 | INFO     | __main__:get_binary_gt_sequence:189 - Sequence #62/77
2021-10-22 09:32:04.680 | INFO     | __main__:get_binary_gt_sequence:189 - Sequence #63/77
2021-10-22 09:32:17.094 | INFO     | __main__:get_binary_gt_sequence:189 - Sequence #64/77
2021-10-22 09:32:28.700 | INFO     | __main__:get_binary_gt_sequence:189 - Sequence #65/77
2021-10-22 09:32:40.907 | INFO     | __main__:get_binary_gt_sequence:189 - Sequence #66/77
2021-10-22 09:32:52.349 | INFO     | __main__:get_binary_gt_sequence:189 - Sequence #67/77
2021-10-22 09:33:04.236 | INFO     | __main__:get_binary_gt_sequence:189 - Sequence #68/77
2021-10-22 09:33:16.003 | INFO     | __main__:get_binary_gt_sequence:189 - Sequence #69/77
2021-10-22 09:33:27.925 | INFO     | __main__:get_binary_gt_sequence:189 - Sequence #70/77
2021-10-22 09:33:39.795 | INFO     | __main__:get_binary_gt_sequence:189 - Sequence #71/77
2021-10-22 09:33:51.587 | INFO     | __main__:get_binary_gt_sequence:189 - Sequence #72/77
2021-10-22 09:34:03.432 | INFO     | __main__:get_binary_gt_sequence:189 - Sequence #73/77
2021-10-22 09:34:15.490 | INFO     | __main__:get_binary_gt_sequence:189 - Sequence #74/77
2021-10-22 09:34:29.799 | INFO     | __main__:get_binary_gt_sequence:189 - Sequence #75/77
2021-10-22 09:34:41.981 | INFO     | __main__:get_binary_gt_sequence:189 - Sequence #76/77
2021-10-22 09:34:53.617 | INFO     | __main__:get_binary_gt_sequence:189 - Sequence #77/77
2021-10-22 09:35:05.359 | INFO     | __main__:main:349 - Decoding hybrid_63 GT
2021-10-22 09:35:05.564 | INFO     | __main__:main:352 - Decoding hybrid_63 binary
2021-10-22 09:35:05.759 | INFO     | __main__:main:336 - Generating hybrid_127 code LUT, decoding func
2021-10-22 09:35:05.765 | INFO     | __main__:get_binary_gt_sequence:180 - All White
2021-10-22 09:35:11.264 | INFO     | __main__:get_binary_gt_sequence:189 - Sequence #1/143
2021-10-22 09:35:23.028 | INFO     | __main__:get_binary_gt_sequence:189 - Sequence #2/143
2021-10-22 09:35:35.378 | INFO     | __main__:get_binary_gt_sequence:189 - Sequence #3/143
2021-10-22 09:35:46.346 | INFO     | __main__:get_binary_gt_sequence:189 - Sequence #4/143
2021-10-22 09:35:57.503 | INFO     | __main__:get_binary_gt_sequence:189 - Sequence #5/143
2021-10-22 09:36:08.480 | INFO     | __main__:get_binary_gt_sequence:189 - Sequence #6/143
2021-10-22 09:36:19.347 | INFO     | __main__:get_binary_gt_sequence:189 - Sequence #7/143
2021-10-22 09:36:30.232 | INFO     | __main__:get_binary_gt_sequence:189 - Sequence #8/143
2021-10-22 09:36:41.126 | INFO     | __main__:get_binary_gt_sequence:189 - Sequence #9/143
2021-10-22 09:36:52.102 | INFO     | __main__:get_binary_gt_sequence:189 - Sequence #10/143
2021-10-22 09:37:03.084 | INFO     | __main__:get_binary_gt_sequence:189 - Sequence #11/143
2021-10-22 09:37:13.957 | INFO     | __main__:get_binary_gt_sequence:189 - Sequence #12/143
2021-10-22 09:37:24.981 | INFO     | __main__:get_binary_gt_sequence:189 - Sequence #13/143
2021-10-22 09:37:35.978 | INFO     | __main__:get_binary_gt_sequence:189 - Sequence #14/143
2021-10-22 09:37:47.003 | INFO     | __main__:get_binary_gt_sequence:189 - Sequence #15/143
2021-10-22 09:37:58.387 | INFO     | __main__:get_binary_gt_sequence:189 - Sequence #16/143
2021-10-22 09:38:09.609 | INFO     | __main__:get_binary_gt_sequence:189 - Sequence #17/143
2021-10-22 09:38:22.546 | INFO     | __main__:get_binary_gt_sequence:189 - Sequence #18/143
2021-10-22 09:38:34.109 | INFO     | __main__:get_binary_gt_sequence:189 - Sequence #19/143
2021-10-22 09:38:45.453 | INFO     | __main__:get_binary_gt_sequence:189 - Sequence #20/143
2021-10-22 09:38:56.449 | INFO     | __main__:get_binary_gt_sequence:189 - Sequence #21/143
2021-10-22 09:39:07.526 | INFO     | __main__:get_binary_gt_sequence:189 - Sequence #22/143
2021-10-22 09:39:18.972 | INFO     | __main__:get_binary_gt_sequence:189 - Sequence #23/143
2021-10-22 09:39:30.290 | INFO     | __main__:get_binary_gt_sequence:189 - Sequence #24/143
2021-10-22 09:39:41.138 | INFO     | __main__:get_binary_gt_sequence:189 - Sequence #25/143
2021-10-22 09:39:52.037 | INFO     | __main__:get_binary_gt_sequence:189 - Sequence #26/143
2021-10-22 09:40:03.422 | INFO     | __main__:get_binary_gt_sequence:189 - Sequence #27/143
2021-10-22 09:40:14.210 | INFO     | __main__:get_binary_gt_sequence:189 - Sequence #28/143
2021-10-22 09:40:25.261 | INFO     | __main__:get_binary_gt_sequence:189 - Sequence #29/143
2021-10-22 09:40:36.075 | INFO     | __main__:get_binary_gt_sequence:189 - Sequence #30/143
2021-10-22 09:40:48.368 | INFO     | __main__:get_binary_gt_sequence:189 - Sequence #31/143
2021-10-22 09:41:00.274 | INFO     | __main__:get_binary_gt_sequence:189 - Sequence #32/143
2021-10-22 09:41:12.130 | INFO     | __main__:get_binary_gt_sequence:189 - Sequence #33/143
2021-10-22 09:41:22.938 | INFO     | __main__:get_binary_gt_sequence:189 - Sequence #34/143
2021-10-22 09:41:33.957 | INFO     | __main__:get_binary_gt_sequence:189 - Sequence #35/143
2021-10-22 09:41:45.274 | INFO     | __main__:get_binary_gt_sequence:189 - Sequence #36/143
2021-10-22 09:41:56.322 | INFO     | __main__:get_binary_gt_sequence:189 - Sequence #37/143
2021-10-22 09:42:07.581 | INFO     | __main__:get_binary_gt_sequence:189 - Sequence #38/143
2021-10-22 09:42:18.641 | INFO     | __main__:get_binary_gt_sequence:189 - Sequence #39/143
2021-10-22 09:42:29.664 | INFO     | __main__:get_binary_gt_sequence:189 - Sequence #40/143
2021-10-22 09:42:40.705 | INFO     | __main__:get_binary_gt_sequence:189 - Sequence #41/143
2021-10-22 09:42:51.749 | INFO     | __main__:get_binary_gt_sequence:189 - Sequence #42/143
2021-10-22 09:43:02.859 | INFO     | __main__:get_binary_gt_sequence:189 - Sequence #43/143
2021-10-22 09:43:14.070 | INFO     | __main__:get_binary_gt_sequence:189 - Sequence #44/143
2021-10-22 09:43:25.259 | INFO     | __main__:get_binary_gt_sequence:189 - Sequence #45/143
2021-10-22 09:43:36.383 | INFO     | __main__:get_binary_gt_sequence:189 - Sequence #46/143
2021-10-22 09:43:47.261 | INFO     | __main__:get_binary_gt_sequence:189 - Sequence #47/143
2021-10-22 09:43:57.963 | INFO     | __main__:get_binary_gt_sequence:189 - Sequence #48/143
2021-10-22 09:44:08.944 | INFO     | __main__:get_binary_gt_sequence:189 - Sequence #49/143
2021-10-22 09:44:20.190 | INFO     | __main__:get_binary_gt_sequence:189 - Sequence #50/143
2021-10-22 09:44:31.888 | INFO     | __main__:get_binary_gt_sequence:189 - Sequence #51/143
2021-10-22 09:44:42.878 | INFO     | __main__:get_binary_gt_sequence:189 - Sequence #52/143
2021-10-22 09:44:54.017 | INFO     | __main__:get_binary_gt_sequence:189 - Sequence #53/143
2021-10-22 09:45:04.841 | INFO     | __main__:get_binary_gt_sequence:189 - Sequence #54/143
2021-10-22 09:45:15.727 | INFO     | __main__:get_binary_gt_sequence:189 - Sequence #55/143
2021-10-22 09:45:26.776 | INFO     | __main__:get_binary_gt_sequence:189 - Sequence #56/143
2021-10-22 09:45:37.916 | INFO     | __main__:get_binary_gt_sequence:189 - Sequence #57/143
2021-10-22 09:45:49.134 | INFO     | __main__:get_binary_gt_sequence:189 - Sequence #58/143
2021-10-22 09:46:00.495 | INFO     | __main__:get_binary_gt_sequence:189 - Sequence #59/143
2021-10-22 09:46:11.540 | INFO     | __main__:get_binary_gt_sequence:189 - Sequence #60/143
2021-10-22 09:46:22.469 | INFO     | __main__:get_binary_gt_sequence:189 - Sequence #61/143
2021-10-22 09:46:33.336 | INFO     | __main__:get_binary_gt_sequence:189 - Sequence #62/143
2021-10-22 09:46:44.358 | INFO     | __main__:get_binary_gt_sequence:189 - Sequence #63/143
2021-10-22 09:46:55.453 | INFO     | __main__:get_binary_gt_sequence:189 - Sequence #64/143
2021-10-22 09:47:06.594 | INFO     | __main__:get_binary_gt_sequence:189 - Sequence #65/143
2021-10-22 09:47:17.670 | INFO     | __main__:get_binary_gt_sequence:189 - Sequence #66/143
2021-10-22 09:47:28.709 | INFO     | __main__:get_binary_gt_sequence:189 - Sequence #67/143
2021-10-22 09:47:39.891 | INFO     | __main__:get_binary_gt_sequence:189 - Sequence #68/143
2021-10-22 09:47:50.722 | INFO     | __main__:get_binary_gt_sequence:189 - Sequence #69/143
2021-10-22 09:48:01.524 | INFO     | __main__:get_binary_gt_sequence:189 - Sequence #70/143
2021-10-22 09:48:12.387 | INFO     | __main__:get_binary_gt_sequence:189 - Sequence #71/143
2021-10-22 09:48:23.527 | INFO     | __main__:get_binary_gt_sequence:189 - Sequence #72/143
2021-10-22 09:48:34.646 | INFO     | __main__:get_binary_gt_sequence:189 - Sequence #73/143
2021-10-22 09:48:45.472 | INFO     | __main__:get_binary_gt_sequence:189 - Sequence #74/143
2021-10-22 09:48:56.406 | INFO     | __main__:get_binary_gt_sequence:189 - Sequence #75/143
2021-10-22 09:49:07.505 | INFO     | __main__:get_binary_gt_sequence:189 - Sequence #76/143
2021-10-22 09:49:18.382 | INFO     | __main__:get_binary_gt_sequence:189 - Sequence #77/143
2021-10-22 09:49:30.227 | INFO     | __main__:get_binary_gt_sequence:189 - Sequence #78/143
2021-10-22 09:49:41.341 | INFO     | __main__:get_binary_gt_sequence:189 - Sequence #79/143
2021-10-22 09:49:52.734 | INFO     | __main__:get_binary_gt_sequence:189 - Sequence #80/143
2021-10-22 09:50:11.022 | INFO     | __main__:get_binary_gt_sequence:189 - Sequence #81/143
2021-10-22 09:50:23.317 | INFO     | __main__:get_binary_gt_sequence:189 - Sequence #82/143
2021-10-22 09:50:34.443 | INFO     | __main__:get_binary_gt_sequence:189 - Sequence #83/143
2021-10-22 09:50:46.216 | INFO     | __main__:get_binary_gt_sequence:189 - Sequence #84/143
2021-10-22 09:50:57.615 | INFO     | __main__:get_binary_gt_sequence:189 - Sequence #85/143
2021-10-22 09:51:09.184 | INFO     | __main__:get_binary_gt_sequence:189 - Sequence #86/143
2021-10-22 09:51:20.632 | INFO     | __main__:get_binary_gt_sequence:189 - Sequence #87/143
2021-10-22 09:51:31.607 | INFO     | __main__:get_binary_gt_sequence:189 - Sequence #88/143
2021-10-22 09:51:42.667 | INFO     | __main__:get_binary_gt_sequence:189 - Sequence #89/143
2021-10-22 09:51:53.688 | INFO     | __main__:get_binary_gt_sequence:189 - Sequence #90/143
2021-10-22 09:52:04.908 | INFO     | __main__:get_binary_gt_sequence:189 - Sequence #91/143
2021-10-22 09:52:16.113 | INFO     | __main__:get_binary_gt_sequence:189 - Sequence #92/143
2021-10-22 09:52:27.369 | INFO     | __main__:get_binary_gt_sequence:189 - Sequence #93/143
2021-10-22 09:52:38.851 | INFO     | __main__:get_binary_gt_sequence:189 - Sequence #94/143
2021-10-22 09:52:51.126 | INFO     | __main__:get_binary_gt_sequence:189 - Sequence #95/143
2021-10-22 09:53:04.501 | INFO     | __main__:get_binary_gt_sequence:189 - Sequence #96/143
2021-10-22 09:53:15.836 | INFO     | __main__:get_binary_gt_sequence:189 - Sequence #97/143
2021-10-22 09:53:26.794 | INFO     | __main__:get_binary_gt_sequence:189 - Sequence #98/143
2021-10-22 09:53:38.036 | INFO     | __main__:get_binary_gt_sequence:189 - Sequence #99/143
2021-10-22 09:53:50.073 | INFO     | __main__:get_binary_gt_sequence:189 - Sequence #100/143
2021-10-22 09:54:01.853 | INFO     | __main__:get_binary_gt_sequence:189 - Sequence #101/143
2021-10-22 09:54:13.170 | INFO     | __main__:get_binary_gt_sequence:189 - Sequence #102/143
2021-10-22 09:54:25.011 | INFO     | __main__:get_binary_gt_sequence:189 - Sequence #103/143
2021-10-22 09:54:36.256 | INFO     | __main__:get_binary_gt_sequence:189 - Sequence #104/143
2021-10-22 09:54:47.314 | INFO     | __main__:get_binary_gt_sequence:189 - Sequence #105/143
2021-10-22 09:54:58.314 | INFO     | __main__:get_binary_gt_sequence:189 - Sequence #106/143
2021-10-22 09:55:09.132 | INFO     | __main__:get_binary_gt_sequence:189 - Sequence #107/143
2021-10-22 09:55:20.402 | INFO     | __main__:get_binary_gt_sequence:189 - Sequence #108/143
2021-10-22 09:55:32.014 | INFO     | __main__:get_binary_gt_sequence:189 - Sequence #109/143
2021-10-22 09:55:42.975 | INFO     | __main__:get_binary_gt_sequence:189 - Sequence #110/143
2021-10-22 09:55:53.786 | INFO     | __main__:get_binary_gt_sequence:189 - Sequence #111/143
2021-10-22 09:56:04.705 | INFO     | __main__:get_binary_gt_sequence:189 - Sequence #112/143
2021-10-22 09:56:15.683 | INFO     | __main__:get_binary_gt_sequence:189 - Sequence #113/143
2021-10-22 09:56:26.524 | INFO     | __main__:get_binary_gt_sequence:189 - Sequence #114/143
2021-10-22 09:56:37.486 | INFO     | __main__:get_binary_gt_sequence:189 - Sequence #115/143
2021-10-22 09:56:48.536 | INFO     | __main__:get_binary_gt_sequence:189 - Sequence #116/143
2021-10-22 09:56:59.569 | INFO     | __main__:get_binary_gt_sequence:189 - Sequence #117/143
2021-10-22 09:57:10.523 | INFO     | __main__:get_binary_gt_sequence:189 - Sequence #118/143
2021-10-22 09:57:22.376 | INFO     | __main__:get_binary_gt_sequence:189 - Sequence #119/143
2021-10-22 09:57:35.794 | INFO     | __main__:get_binary_gt_sequence:189 - Sequence #120/143
2021-10-22 09:57:55.449 | INFO     | __main__:get_binary_gt_sequence:189 - Sequence #121/143
2021-10-22 09:58:06.383 | INFO     | __main__:get_binary_gt_sequence:189 - Sequence #122/143
2021-10-22 09:58:18.105 | INFO     | __main__:get_binary_gt_sequence:189 - Sequence #123/143
2021-10-22 09:58:29.466 | INFO     | __main__:get_binary_gt_sequence:189 - Sequence #124/143
2021-10-22 09:58:41.054 | INFO     | __main__:get_binary_gt_sequence:189 - Sequence #125/143
2021-10-22 09:58:52.103 | INFO     | __main__:get_binary_gt_sequence:189 - Sequence #126/143
2021-10-22 10:00:11.028 | INFO     | __main__:get_binary_gt_sequence:189 - Sequence #127/143
2021-10-22 10:00:30.781 | INFO     | __main__:get_binary_gt_sequence:189 - Sequence #128/143
2021-10-22 10:00:49.844 | INFO     | __main__:get_binary_gt_sequence:189 - Sequence #129/143
2021-10-22 10:01:02.633 | INFO     | __main__:get_binary_gt_sequence:189 - Sequence #130/143
2021-10-22 10:01:13.837 | INFO     | __main__:get_binary_gt_sequence:189 - Sequence #131/143
2021-10-22 10:01:24.617 | INFO     | __main__:get_binary_gt_sequence:189 - Sequence #132/143
2021-10-22 10:01:36.055 | INFO     | __main__:get_binary_gt_sequence:189 - Sequence #133/143
2021-10-22 10:01:46.988 | INFO     | __main__:get_binary_gt_sequence:189 - Sequence #134/143
2021-10-22 10:01:58.091 | INFO     | __main__:get_binary_gt_sequence:189 - Sequence #135/143
2021-10-22 10:02:09.036 | INFO     | __main__:get_binary_gt_sequence:189 - Sequence #136/143
2021-10-22 10:02:20.159 | INFO     | __main__:get_binary_gt_sequence:189 - Sequence #137/143
2021-10-22 10:02:31.426 | INFO     | __main__:get_binary_gt_sequence:189 - Sequence #138/143
2021-10-22 10:02:42.484 | INFO     | __main__:get_binary_gt_sequence:189 - Sequence #139/143
2021-10-22 10:02:53.625 | INFO     | __main__:get_binary_gt_sequence:189 - Sequence #140/143
2021-10-22 10:03:04.647 | INFO     | __main__:get_binary_gt_sequence:189 - Sequence #141/143
2021-10-22 10:03:15.920 | INFO     | __main__:get_binary_gt_sequence:189 - Sequence #142/143
2021-10-22 10:03:27.554 | INFO     | __main__:get_binary_gt_sequence:189 - Sequence #143/143
2021-10-22 10:03:38.883 | INFO     | __main__:main:349 - Decoding hybrid_127 GT
2021-10-22 10:03:39.413 | INFO     | __main__:main:352 - Decoding hybrid_127 binary
2021-10-22 10:03:39.690 | INFO     | __main__:main:336 - Generating hybrid_255 code LUT, decoding func
2021-10-22 10:03:39.699 | INFO     | __main__:get_binary_gt_sequence:180 - All White
2021-10-22 10:03:45.396 | INFO     | __main__:get_binary_gt_sequence:189 - Sequence #1/270
2021-10-22 10:03:56.204 | INFO     | __main__:get_binary_gt_sequence:189 - Sequence #2/270
2021-10-22 10:04:07.609 | INFO     | __main__:get_binary_gt_sequence:189 - Sequence #3/270
2021-10-22 10:04:18.708 | INFO     | __main__:get_binary_gt_sequence:189 - Sequence #4/270
2021-10-22 10:04:30.717 | INFO     | __main__:get_binary_gt_sequence:189 - Sequence #5/270
2021-10-22 10:04:41.649 | INFO     | __main__:get_binary_gt_sequence:189 - Sequence #6/270
2021-10-22 10:04:52.735 | INFO     | __main__:get_binary_gt_sequence:189 - Sequence #7/270
2021-10-22 10:05:05.076 | INFO     | __main__:get_binary_gt_sequence:189 - Sequence #8/270
2021-10-22 10:05:16.037 | INFO     | __main__:get_binary_gt_sequence:189 - Sequence #9/270
2021-10-22 10:05:27.163 | INFO     | __main__:get_binary_gt_sequence:189 - Sequence #10/270
2021-10-22 10:05:38.262 | INFO     | __main__:get_binary_gt_sequence:189 - Sequence #11/270
2021-10-22 10:05:49.195 | INFO     | __main__:get_binary_gt_sequence:189 - Sequence #12/270
2021-10-22 10:06:00.242 | INFO     | __main__:get_binary_gt_sequence:189 - Sequence #13/270
2021-10-22 10:06:11.273 | INFO     | __main__:get_binary_gt_sequence:189 - Sequence #14/270
2021-10-22 10:06:22.693 | INFO     | __main__:get_binary_gt_sequence:189 - Sequence #15/270
2021-10-22 10:06:34.202 | INFO     | __main__:get_binary_gt_sequence:189 - Sequence #16/270
2021-10-22 10:06:45.493 | INFO     | __main__:get_binary_gt_sequence:189 - Sequence #17/270
2021-10-22 10:06:57.413 | INFO     | __main__:get_binary_gt_sequence:189 - Sequence #18/270
2021-10-22 10:07:09.509 | INFO     | __main__:get_binary_gt_sequence:189 - Sequence #19/270
2021-10-22 10:07:20.357 | INFO     | __main__:get_binary_gt_sequence:189 - Sequence #20/270
2021-10-22 10:07:32.135 | INFO     | __main__:get_binary_gt_sequence:189 - Sequence #21/270
2021-10-22 10:07:42.935 | INFO     | __main__:get_binary_gt_sequence:189 - Sequence #22/270
2021-10-22 10:07:53.815 | INFO     | __main__:get_binary_gt_sequence:189 - Sequence #23/270
2021-10-22 10:08:04.623 | INFO     | __main__:get_binary_gt_sequence:189 - Sequence #24/270
2021-10-22 10:08:15.505 | INFO     | __main__:get_binary_gt_sequence:189 - Sequence #25/270
2021-10-22 10:08:27.638 | INFO     | __main__:get_binary_gt_sequence:189 - Sequence #26/270
2021-10-22 10:08:38.563 | INFO     | __main__:get_binary_gt_sequence:189 - Sequence #27/270
2021-10-22 10:08:49.642 | INFO     | __main__:get_binary_gt_sequence:189 - Sequence #28/270
2021-10-22 10:09:00.681 | INFO     | __main__:get_binary_gt_sequence:189 - Sequence #29/270
2021-10-22 10:09:11.651 | INFO     | __main__:get_binary_gt_sequence:189 - Sequence #30/270
2021-10-22 10:09:23.200 | INFO     | __main__:get_binary_gt_sequence:189 - Sequence #31/270
2021-10-22 10:09:34.838 | INFO     | __main__:get_binary_gt_sequence:189 - Sequence #32/270
2021-10-22 10:09:45.673 | INFO     | __main__:get_binary_gt_sequence:189 - Sequence #33/270
2021-10-22 10:09:56.683 | INFO     | __main__:get_binary_gt_sequence:189 - Sequence #34/270
2021-10-22 10:10:07.343 | INFO     | __main__:get_binary_gt_sequence:189 - Sequence #35/270
2021-10-22 10:10:18.341 | INFO     | __main__:get_binary_gt_sequence:189 - Sequence #36/270
2021-10-22 10:10:29.467 | INFO     | __main__:get_binary_gt_sequence:189 - Sequence #37/270
2021-10-22 10:10:52.129 | INFO     | __main__:get_binary_gt_sequence:189 - Sequence #38/270
2021-10-22 10:11:12.820 | INFO     | __main__:get_binary_gt_sequence:189 - Sequence #39/270
2021-10-22 10:11:33.035 | INFO     | __main__:get_binary_gt_sequence:189 - Sequence #40/270
2021-10-22 10:11:49.571 | INFO     | __main__:get_binary_gt_sequence:189 - Sequence #41/270
2021-10-22 10:12:00.943 | INFO     | __main__:get_binary_gt_sequence:189 - Sequence #42/270
2021-10-22 10:12:11.914 | INFO     | __main__:get_binary_gt_sequence:189 - Sequence #43/270
2021-10-22 10:12:23.476 | INFO     | __main__:get_binary_gt_sequence:189 - Sequence #44/270
2021-10-22 10:12:34.723 | INFO     | __main__:get_binary_gt_sequence:189 - Sequence #45/270
2021-10-22 10:12:45.884 | INFO     | __main__:get_binary_gt_sequence:189 - Sequence #46/270
2021-10-22 10:12:57.945 | INFO     | __main__:get_binary_gt_sequence:189 - Sequence #47/270
2021-10-22 10:13:09.031 | INFO     | __main__:get_binary_gt_sequence:189 - Sequence #48/270
2021-10-22 10:13:20.414 | INFO     | __main__:get_binary_gt_sequence:189 - Sequence #49/270
2021-10-22 10:13:31.409 | INFO     | __main__:get_binary_gt_sequence:189 - Sequence #50/270
2021-10-22 10:13:42.395 | INFO     | __main__:get_binary_gt_sequence:189 - Sequence #51/270
2021-10-22 10:13:53.297 | INFO     | __main__:get_binary_gt_sequence:189 - Sequence #52/270
2021-10-22 10:14:05.140 | INFO     | __main__:get_binary_gt_sequence:189 - Sequence #53/270
2021-10-22 10:14:16.878 | INFO     | __main__:get_binary_gt_sequence:189 - Sequence #54/270
2021-10-22 10:14:30.512 | INFO     | __main__:get_binary_gt_sequence:189 - Sequence #55/270
2021-10-22 10:14:42.676 | INFO     | __main__:get_binary_gt_sequence:189 - Sequence #56/270
2021-10-22 10:14:55.105 | INFO     | __main__:get_binary_gt_sequence:189 - Sequence #57/270
2021-10-22 10:15:06.582 | INFO     | __main__:get_binary_gt_sequence:189 - Sequence #58/270
2021-10-22 10:15:17.699 | INFO     | __main__:get_binary_gt_sequence:189 - Sequence #59/270
2021-10-22 10:15:28.694 | INFO     | __main__:get_binary_gt_sequence:189 - Sequence #60/270
2021-10-22 10:15:39.747 | INFO     | __main__:get_binary_gt_sequence:189 - Sequence #61/270
2021-10-22 10:15:51.071 | INFO     | __main__:get_binary_gt_sequence:189 - Sequence #62/270
2021-10-22 10:16:02.031 | INFO     | __main__:get_binary_gt_sequence:189 - Sequence #63/270
2021-10-22 10:16:13.121 | INFO     | __main__:get_binary_gt_sequence:189 - Sequence #64/270
2021-10-22 10:16:24.267 | INFO     | __main__:get_binary_gt_sequence:189 - Sequence #65/270
2021-10-22 10:16:35.180 | INFO     | __main__:get_binary_gt_sequence:189 - Sequence #66/270
2021-10-22 10:16:46.393 | INFO     | __main__:get_binary_gt_sequence:189 - Sequence #67/270
2021-10-22 10:16:57.751 | INFO     | __main__:get_binary_gt_sequence:189 - Sequence #68/270
2021-10-22 10:17:08.788 | INFO     | __main__:get_binary_gt_sequence:189 - Sequence #69/270
2021-10-22 10:17:19.819 | INFO     | __main__:get_binary_gt_sequence:189 - Sequence #70/270
2021-10-22 10:17:30.839 | INFO     | __main__:get_binary_gt_sequence:189 - Sequence #71/270
2021-10-22 10:17:41.588 | INFO     | __main__:get_binary_gt_sequence:189 - Sequence #72/270
2021-10-22 10:17:52.892 | INFO     | __main__:get_binary_gt_sequence:189 - Sequence #73/270
2021-10-22 10:18:04.365 | INFO     | __main__:get_binary_gt_sequence:189 - Sequence #74/270
