2021-09-23 12:32:33.880 | INFO     | __main__:get_code_LUT_decoding_func:67 - Generating Code LUT
2021-09-23 12:32:33.900 | INFO     | __main__:get_sequence:120 - All White
2021-09-23 12:32:43.879 | INFO     | __main__:get_sequence:128 - Column GrayStripe #1/24
2021-09-23 12:33:24.819 | INFO     | __main__:get_code_LUT_decoding_func:67 - Generating Code LUT
2021-09-23 12:33:24.832 | INFO     | __main__:get_sequence:120 - All White
2021-09-23 12:33:24.837 | INFO     | __main__:get_sequence:128 - Column GrayStripe #1/24
2021-09-23 12:33:38.486 | INFO     | __main__:get_sequence:128 - Column GrayStripe #2/24
2021-09-23 12:33:56.176 | INFO     | __main__:get_sequence:128 - Column GrayStripe #3/24
2021-09-23 12:34:15.670 | INFO     | __main__:get_sequence:128 - Column GrayStripe #4/24
2021-09-23 12:34:33.647 | INFO     | __main__:get_sequence:128 - Column GrayStripe #5/24
2021-09-23 12:34:51.436 | INFO     | __main__:get_sequence:128 - Column GrayStripe #6/24
2021-09-23 12:35:11.208 | INFO     | __main__:get_sequence:128 - Column GrayStripe #7/24
2021-09-23 12:35:29.760 | INFO     | __main__:get_sequence:128 - Column GrayStripe #8/24
2021-09-23 12:35:47.227 | INFO     | __main__:get_sequence:128 - Column GrayStripe #9/24
2021-09-23 12:36:04.442 | INFO     | __main__:get_sequence:128 - Column GrayStripe #10/24
2021-09-23 12:36:22.137 | INFO     | __main__:get_sequence:128 - Column GrayStripe #11/24
2021-09-23 12:36:39.131 | INFO     | __main__:get_sequence:128 - Column GrayStripe #12/24
2021-09-23 12:36:57.193 | INFO     | __main__:get_sequence:128 - Column GrayStripe #13/24
2021-09-23 12:37:15.566 | INFO     | __main__:get_sequence:128 - Column GrayStripe #14/24
2021-09-23 12:37:34.146 | INFO     | __main__:get_sequence:128 - Column GrayStripe #15/24
2021-09-23 12:37:51.530 | INFO     | __main__:get_sequence:128 - Column GrayStripe #16/24
2021-09-23 12:38:08.628 | INFO     | __main__:get_sequence:128 - Column GrayStripe #17/24
2021-09-23 12:38:26.085 | INFO     | __main__:get_sequence:128 - Column GrayStripe #18/24
2021-09-23 12:38:43.116 | INFO     | __main__:get_sequence:128 - Column GrayStripe #19/24
2021-09-23 12:39:00.111 | INFO     | __main__:get_sequence:128 - Column GrayStripe #20/24
2021-09-23 12:39:18.539 | INFO     | __main__:get_sequence:128 - Column GrayStripe #21/24
2021-09-23 12:39:35.542 | INFO     | __main__:get_sequence:128 - Column GrayStripe #22/24
2021-09-23 12:39:52.507 | INFO     | __main__:get_sequence:128 - Column GrayStripe #23/24
2021-09-23 12:40:09.638 | INFO     | __main__:get_sequence:128 - Column GrayStripe #24/24
2021-09-23 12:40:26.642 | INFO     | __main__:get_sequence:146 - Row GrayStripe #1/24
2021-09-23 12:40:43.453 | INFO     | __main__:get_sequence:146 - Row GrayStripe #2/24
2021-09-23 12:41:00.207 | INFO     | __main__:get_sequence:146 - Row GrayStripe #3/24
2021-09-23 12:41:17.391 | INFO     | __main__:get_sequence:146 - Row GrayStripe #4/24
2021-09-23 12:41:34.499 | INFO     | __main__:get_sequence:146 - Row GrayStripe #5/24
2021-09-23 12:41:51.644 | INFO     | __main__:get_sequence:146 - Row GrayStripe #6/24
2021-09-23 13:39:51.732 | INFO     | __main__:get_code_LUT_decoding_func:67 - Generating Code LUT
2021-09-23 13:39:51.749 | INFO     | __main__:main:201 - Pose01
2021-09-23 13:39:51.750 | INFO     | __main__:get_sequence:120 - All White
2021-09-23 13:42:52.672 | INFO     | __main__:get_code_LUT_decoding_func:67 - Generating Code LUT
2021-09-23 13:42:52.687 | INFO     | __main__:main:205 - Pose01
2021-09-23 13:42:52.688 | INFO     | __main__:get_sequence:120 - All White
2021-09-23 13:43:00.435 | INFO     | __main__:get_sequence:131 - Column GrayStripe #1/24
2021-09-23 13:43:25.912 | INFO     | __main__:get_sequence:131 - Column GrayStripe #2/24
2021-09-23 13:43:44.672 | INFO     | __main__:get_sequence:131 - Column GrayStripe #3/24
2021-09-23 13:43:57.183 | INFO     | __main__:get_sequence:131 - Column GrayStripe #4/24
2021-09-23 13:44:19.141 | INFO     | __main__:get_sequence:131 - Column GrayStripe #5/24
2021-09-23 13:44:32.194 | INFO     | __main__:get_sequence:131 - Column GrayStripe #6/24
2021-09-23 13:44:50.406 | INFO     | __main__:get_sequence:131 - Column GrayStripe #7/24
2021-09-23 13:48:34.300 | INFO     | __main__:get_sequence:131 - Column GrayStripe #8/24
2021-09-23 13:58:30.351 | INFO     | __main__:get_code_LUT_decoding_func:68 - Generating Code LUT
2021-09-23 13:58:30.376 | INFO     | __main__:main:200 - Pose01
2021-09-23 13:58:30.377 | INFO     | __main__:get_sequence:121 - All White
2021-09-23 13:58:30.395 | INFO     | __main__:get_sequence:129 - Column GrayStripe #1/24
2021-09-23 13:58:30.398 | INFO     | __main__:get_sequence:129 - Column GrayStripe #2/24
2021-09-23 13:58:30.405 | INFO     | __main__:get_sequence:129 - Column GrayStripe #3/24
2021-09-23 13:58:30.409 | INFO     | __main__:get_sequence:129 - Column GrayStripe #4/24
2021-09-23 13:58:30.414 | INFO     | __main__:get_sequence:129 - Column GrayStripe #5/24
2021-09-23 13:58:30.417 | INFO     | __main__:get_sequence:129 - Column GrayStripe #6/24
2021-09-23 13:58:30.421 | INFO     | __main__:get_sequence:129 - Column GrayStripe #7/24
2021-09-23 13:58:30.427 | INFO     | __main__:get_sequence:129 - Column GrayStripe #8/24
2021-09-23 13:58:45.990 | INFO     | __main__:get_sequence:129 - Column GrayStripe #9/24
2021-09-23 13:58:54.936 | INFO     | __main__:get_sequence:129 - Column GrayStripe #10/24
2021-09-23 13:59:09.628 | INFO     | __main__:get_sequence:129 - Column GrayStripe #11/24
2021-09-23 13:59:18.630 | INFO     | __main__:get_sequence:129 - Column GrayStripe #12/24
2021-09-23 13:59:34.208 | INFO     | __main__:get_sequence:129 - Column GrayStripe #13/24
2021-09-23 13:59:44.509 | INFO     | __main__:get_sequence:129 - Column GrayStripe #14/24
2021-09-23 14:00:00.879 | INFO     | __main__:get_sequence:129 - Column GrayStripe #15/24
2021-09-23 14:00:10.815 | INFO     | __main__:get_sequence:129 - Column GrayStripe #16/24
2021-09-23 14:00:26.312 | INFO     | __main__:get_sequence:129 - Column GrayStripe #17/24
2021-09-23 14:00:36.221 | INFO     | __main__:get_sequence:129 - Column GrayStripe #18/24
2021-09-23 14:00:52.373 | INFO     | __main__:get_sequence:129 - Column GrayStripe #19/24
2021-09-23 14:01:02.077 | INFO     | __main__:get_sequence:129 - Column GrayStripe #20/24
2021-09-23 14:01:17.579 | INFO     | __main__:get_sequence:129 - Column GrayStripe #21/24
2021-09-23 14:01:27.346 | INFO     | __main__:get_sequence:129 - Column GrayStripe #22/24
2021-09-23 14:01:42.278 | INFO     | __main__:get_sequence:129 - Column GrayStripe #23/24
2021-09-23 14:01:51.685 | INFO     | __main__:get_sequence:129 - Column GrayStripe #24/24
2021-09-23 14:02:07.275 | INFO     | __main__:get_sequence:148 - Row GrayStripe #1/24
2021-09-23 14:02:16.807 | INFO     | __main__:get_sequence:148 - Row GrayStripe #2/24
2021-09-23 14:02:32.163 | INFO     | __main__:get_sequence:148 - Row GrayStripe #3/24
2021-09-23 14:02:42.016 | INFO     | __main__:get_sequence:148 - Row GrayStripe #4/24
2021-09-23 14:02:56.483 | INFO     | __main__:get_sequence:148 - Row GrayStripe #5/24
2021-09-23 14:03:06.355 | INFO     | __main__:get_sequence:148 - Row GrayStripe #6/24
2021-09-23 14:03:21.290 | INFO     | __main__:get_sequence:148 - Row GrayStripe #7/24
2021-09-23 14:03:36.216 | INFO     | __main__:get_sequence:148 - Row GrayStripe #8/24
2021-09-23 14:03:58.387 | INFO     | __main__:get_sequence:148 - Row GrayStripe #9/24
2021-09-23 14:04:13.918 | INFO     | __main__:get_sequence:148 - Row GrayStripe #10/24
2021-09-23 14:04:35.103 | INFO     | __main__:get_sequence:148 - Row GrayStripe #11/24
2021-09-23 14:04:51.077 | INFO     | __main__:get_sequence:148 - Row GrayStripe #12/24
2021-09-23 14:05:12.457 | INFO     | __main__:get_sequence:148 - Row GrayStripe #13/24
2021-09-23 14:05:27.372 | INFO     | __main__:get_sequence:148 - Row GrayStripe #14/24
2021-09-23 14:05:47.108 | INFO     | __main__:get_sequence:148 - Row GrayStripe #15/24
2021-09-23 14:06:02.634 | INFO     | __main__:get_sequence:148 - Row GrayStripe #16/24
2021-09-23 14:06:24.808 | INFO     | __main__:get_sequence:148 - Row GrayStripe #17/24
2021-09-23 14:06:42.548 | INFO     | __main__:get_sequence:148 - Row GrayStripe #18/24
2021-09-23 14:07:02.921 | INFO     | __main__:get_sequence:148 - Row GrayStripe #19/24
2021-09-23 14:07:17.586 | INFO     | __main__:get_sequence:148 - Row GrayStripe #20/24
2021-09-23 14:07:36.768 | INFO     | __main__:get_sequence:148 - Row GrayStripe #21/24
2021-09-23 14:07:50.321 | INFO     | __main__:get_sequence:148 - Row GrayStripe #22/24
2021-09-23 14:08:09.017 | INFO     | __main__:get_sequence:148 - Row GrayStripe #23/24
2021-09-23 14:08:22.626 | INFO     | __main__:get_sequence:148 - Row GrayStripe #24/24
2021-09-23 14:08:52.213 | INFO     | __main__:main:221 - Decoding Cols
2021-09-23 14:09:50.180 | INFO     | __main__:get_code_LUT_decoding_func:68 - Generating Code LUT
2021-09-23 14:09:50.184 | INFO     | __main__:main:198 - Pose01
2021-09-23 14:09:50.186 | INFO     | __main__:get_sequence:119 - All White
2021-09-23 14:09:50.196 | INFO     | __main__:get_sequence:127 - Column GrayStripe #1/24
2021-09-23 14:09:50.201 | INFO     | __main__:get_sequence:127 - Column GrayStripe #2/24
2021-09-23 14:09:50.205 | INFO     | __main__:get_sequence:127 - Column GrayStripe #3/24
2021-09-23 14:09:50.211 | INFO     | __main__:get_sequence:127 - Column GrayStripe #4/24
2021-09-23 14:09:50.215 | INFO     | __main__:get_sequence:127 - Column GrayStripe #5/24
2021-09-23 14:09:50.219 | INFO     | __main__:get_sequence:127 - Column GrayStripe #6/24
2021-09-23 14:09:50.225 | INFO     | __main__:get_sequence:127 - Column GrayStripe #7/24
2021-09-23 14:09:50.231 | INFO     | __main__:get_sequence:127 - Column GrayStripe #8/24
2021-09-23 14:09:50.241 | INFO     | __main__:get_sequence:127 - Column GrayStripe #9/24
2021-09-23 14:09:50.247 | INFO     | __main__:get_sequence:127 - Column GrayStripe #10/24
2021-09-23 14:09:50.254 | INFO     | __main__:get_sequence:127 - Column GrayStripe #11/24
2021-09-23 14:09:50.259 | INFO     | __main__:get_sequence:127 - Column GrayStripe #12/24
2021-09-23 14:09:50.266 | INFO     | __main__:get_sequence:127 - Column GrayStripe #13/24
2021-09-23 14:09:50.273 | INFO     | __main__:get_sequence:127 - Column GrayStripe #14/24
2021-09-23 14:09:50.281 | INFO     | __main__:get_sequence:127 - Column GrayStripe #15/24
2021-09-23 14:09:50.286 | INFO     | __main__:get_sequence:127 - Column GrayStripe #16/24
2021-09-23 14:09:50.295 | INFO     | __main__:get_sequence:127 - Column GrayStripe #17/24
2021-09-23 14:09:50.302 | INFO     | __main__:get_sequence:127 - Column GrayStripe #18/24
2021-09-23 14:09:50.308 | INFO     | __main__:get_sequence:127 - Column GrayStripe #19/24
2021-09-23 14:09:50.319 | INFO     | __main__:get_sequence:127 - Column GrayStripe #20/24
2021-09-23 14:09:50.325 | INFO     | __main__:get_sequence:127 - Column GrayStripe #21/24
2021-09-23 14:09:50.332 | INFO     | __main__:get_sequence:127 - Column GrayStripe #22/24
2021-09-23 14:09:50.340 | INFO     | __main__:get_sequence:127 - Column GrayStripe #23/24
2021-09-23 14:09:50.348 | INFO     | __main__:get_sequence:127 - Column GrayStripe #24/24
2021-09-23 14:09:50.357 | INFO     | __main__:get_sequence:146 - Row GrayStripe #1/24
2021-09-23 14:09:50.364 | INFO     | __main__:get_sequence:146 - Row GrayStripe #2/24
2021-09-23 14:09:50.368 | INFO     | __main__:get_sequence:146 - Row GrayStripe #3/24
2021-09-23 14:09:50.372 | INFO     | __main__:get_sequence:146 - Row GrayStripe #4/24
2021-09-23 14:09:50.379 | INFO     | __main__:get_sequence:146 - Row GrayStripe #5/24
2021-09-23 14:09:50.385 | INFO     | __main__:get_sequence:146 - Row GrayStripe #6/24
2021-09-23 14:09:50.390 | INFO     | __main__:get_sequence:146 - Row GrayStripe #7/24
2021-09-23 14:09:50.397 | INFO     | __main__:get_sequence:146 - Row GrayStripe #8/24
2021-09-23 14:09:50.406 | INFO     | __main__:get_sequence:146 - Row GrayStripe #9/24
2021-09-23 14:09:50.412 | INFO     | __main__:get_sequence:146 - Row GrayStripe #10/24
2021-09-23 14:09:50.421 | INFO     | __main__:get_sequence:146 - Row GrayStripe #11/24
2021-09-23 14:09:50.428 | INFO     | __main__:get_sequence:146 - Row GrayStripe #12/24
2021-09-23 14:09:50.433 | INFO     | __main__:get_sequence:146 - Row GrayStripe #13/24
2021-09-23 14:09:50.440 | INFO     | __main__:get_sequence:146 - Row GrayStripe #14/24
2021-09-23 14:09:50.448 | INFO     | __main__:get_sequence:146 - Row GrayStripe #15/24
2021-09-23 14:09:50.453 | INFO     | __main__:get_sequence:146 - Row GrayStripe #16/24
2021-09-23 14:09:50.457 | INFO     | __main__:get_sequence:146 - Row GrayStripe #17/24
2021-09-23 14:09:50.469 | INFO     | __main__:get_sequence:146 - Row GrayStripe #18/24
2021-09-23 14:09:50.473 | INFO     | __main__:get_sequence:146 - Row GrayStripe #19/24
2021-09-23 14:09:50.479 | INFO     | __main__:get_sequence:146 - Row GrayStripe #20/24
2021-09-23 14:09:50.486 | INFO     | __main__:get_sequence:146 - Row GrayStripe #21/24
2021-09-23 14:09:50.493 | INFO     | __main__:get_sequence:146 - Row GrayStripe #22/24
2021-09-23 14:09:50.499 | INFO     | __main__:get_sequence:146 - Row GrayStripe #23/24
2021-09-23 14:09:50.506 | INFO     | __main__:get_sequence:146 - Row GrayStripe #24/24
2021-09-23 14:09:52.796 | INFO     | __main__:main:219 - Decoding Cols
2021-09-23 14:09:52.940 | INFO     | __main__:main:223 - Decoding Rows
2021-09-23 14:10:31.605 | INFO     | __main__:main:198 - Pose02
2021-09-23 14:10:31.607 | INFO     | __main__:get_sequence:119 - All White
2021-09-23 14:11:14.260 | INFO     | __main__:get_code_LUT_decoding_func:68 - Generating Code LUT
2021-09-23 14:11:14.266 | INFO     | __main__:main:198 - Pose01
2021-09-23 14:11:14.266 | INFO     | __main__:get_sequence:119 - All White
2021-09-23 14:11:14.272 | INFO     | __main__:get_sequence:127 - Column GrayStripe #1/24
2021-09-23 14:11:14.278 | INFO     | __main__:get_sequence:127 - Column GrayStripe #2/24
2021-09-23 14:11:14.281 | INFO     | __main__:get_sequence:127 - Column GrayStripe #3/24
2021-09-23 14:11:14.286 | INFO     | __main__:get_sequence:127 - Column GrayStripe #4/24
2021-09-23 14:11:14.289 | INFO     | __main__:get_sequence:127 - Column GrayStripe #5/24
2021-09-23 14:11:14.294 | INFO     | __main__:get_sequence:127 - Column GrayStripe #6/24
2021-09-23 14:11:14.298 | INFO     | __main__:get_sequence:127 - Column GrayStripe #7/24
2021-09-23 14:11:14.301 | INFO     | __main__:get_sequence:127 - Column GrayStripe #8/24
2021-09-23 14:11:14.305 | INFO     | __main__:get_sequence:127 - Column GrayStripe #9/24
2021-09-23 14:11:14.311 | INFO     | __main__:get_sequence:127 - Column GrayStripe #10/24
2021-09-23 14:11:14.315 | INFO     | __main__:get_sequence:127 - Column GrayStripe #11/24
2021-09-23 14:11:14.320 | INFO     | __main__:get_sequence:127 - Column GrayStripe #12/24
2021-09-23 14:11:14.324 | INFO     | __main__:get_sequence:127 - Column GrayStripe #13/24
2021-09-23 14:11:14.328 | INFO     | __main__:get_sequence:127 - Column GrayStripe #14/24
2021-09-23 14:11:14.332 | INFO     | __main__:get_sequence:127 - Column GrayStripe #15/24
2021-09-23 14:11:14.337 | INFO     | __main__:get_sequence:127 - Column GrayStripe #16/24
2021-09-23 14:11:14.342 | INFO     | __main__:get_sequence:127 - Column GrayStripe #17/24
2021-09-23 14:11:14.347 | INFO     | __main__:get_sequence:127 - Column GrayStripe #18/24
2021-09-23 14:11:14.350 | INFO     | __main__:get_sequence:127 - Column GrayStripe #19/24
2021-09-23 14:11:14.353 | INFO     | __main__:get_sequence:127 - Column GrayStripe #20/24
2021-09-23 14:11:14.357 | INFO     | __main__:get_sequence:127 - Column GrayStripe #21/24
2021-09-23 14:11:14.362 | INFO     | __main__:get_sequence:127 - Column GrayStripe #22/24
2021-09-23 14:11:14.366 | INFO     | __main__:get_sequence:127 - Column GrayStripe #23/24
2021-09-23 14:11:14.369 | INFO     | __main__:get_sequence:127 - Column GrayStripe #24/24
2021-09-23 14:11:14.372 | INFO     | __main__:get_sequence:146 - Row GrayStripe #1/24
2021-09-23 14:11:14.376 | INFO     | __main__:get_sequence:146 - Row GrayStripe #2/24
2021-09-23 14:11:14.382 | INFO     | __main__:get_sequence:146 - Row GrayStripe #3/24
2021-09-23 14:11:14.386 | INFO     | __main__:get_sequence:146 - Row GrayStripe #4/24
2021-09-23 14:11:14.390 | INFO     | __main__:get_sequence:146 - Row GrayStripe #5/24
2021-09-23 14:11:14.393 | INFO     | __main__:get_sequence:146 - Row GrayStripe #6/24
2021-09-23 14:11:14.396 | INFO     | __main__:get_sequence:146 - Row GrayStripe #7/24
2021-09-23 14:11:14.401 | INFO     | __main__:get_sequence:146 - Row GrayStripe #8/24
2021-09-23 14:11:14.406 | INFO     | __main__:get_sequence:146 - Row GrayStripe #9/24
2021-09-23 14:11:14.410 | INFO     | __main__:get_sequence:146 - Row GrayStripe #10/24
2021-09-23 14:11:14.413 | INFO     | __main__:get_sequence:146 - Row GrayStripe #11/24
2021-09-23 14:11:14.416 | INFO     | __main__:get_sequence:146 - Row GrayStripe #12/24
2021-09-23 14:11:14.422 | INFO     | __main__:get_sequence:146 - Row GrayStripe #13/24
2021-09-23 14:11:14.428 | INFO     | __main__:get_sequence:146 - Row GrayStripe #14/24
2021-09-23 14:11:14.432 | INFO     | __main__:get_sequence:146 - Row GrayStripe #15/24
2021-09-23 14:11:14.435 | INFO     | __main__:get_sequence:146 - Row GrayStripe #16/24
2021-09-23 14:11:14.438 | INFO     | __main__:get_sequence:146 - Row GrayStripe #17/24
2021-09-23 14:11:14.443 | INFO     | __main__:get_sequence:146 - Row GrayStripe #18/24
2021-09-23 14:11:14.448 | INFO     | __main__:get_sequence:146 - Row GrayStripe #19/24
2021-09-23 14:11:14.453 | INFO     | __main__:get_sequence:146 - Row GrayStripe #20/24
2021-09-23 14:11:14.456 | INFO     | __main__:get_sequence:146 - Row GrayStripe #21/24
2021-09-23 14:11:14.459 | INFO     | __main__:get_sequence:146 - Row GrayStripe #22/24
2021-09-23 14:11:14.465 | INFO     | __main__:get_sequence:146 - Row GrayStripe #23/24
2021-09-23 14:11:14.470 | INFO     | __main__:get_sequence:146 - Row GrayStripe #24/24
2021-09-23 14:11:14.478 | INFO     | __main__:main:216 - Decoding Cols
2021-09-23 14:11:14.611 | INFO     | __main__:main:220 - Decoding Rows
2021-09-23 14:11:26.265 | INFO     | __main__:main:198 - Pose02
2021-09-23 14:11:26.268 | INFO     | __main__:get_sequence:119 - All White
2021-09-23 14:13:04.369 | INFO     | __main__:get_code_LUT_decoding_func:68 - Generating Code LUT
2021-09-23 14:13:04.375 | INFO     | __main__:main:198 - Pose01
2021-09-23 14:13:04.376 | INFO     | __main__:get_sequence:119 - All White
2021-09-23 14:13:04.382 | INFO     | __main__:get_sequence:127 - Column GrayStripe #1/24
2021-09-23 14:13:04.386 | INFO     | __main__:get_sequence:127 - Column GrayStripe #2/24
2021-09-23 14:13:04.392 | INFO     | __main__:get_sequence:127 - Column GrayStripe #3/24
2021-09-23 14:13:04.397 | INFO     | __main__:get_sequence:127 - Column GrayStripe #4/24
2021-09-23 14:13:04.401 | INFO     | __main__:get_sequence:127 - Column GrayStripe #5/24
2021-09-23 14:13:04.405 | INFO     | __main__:get_sequence:127 - Column GrayStripe #6/24
2021-09-23 14:13:04.411 | INFO     | __main__:get_sequence:127 - Column GrayStripe #7/24
2021-09-23 14:13:04.416 | INFO     | __main__:get_sequence:127 - Column GrayStripe #8/24
2021-09-23 14:13:04.419 | INFO     | __main__:get_sequence:127 - Column GrayStripe #9/24
2021-09-23 14:13:04.424 | INFO     | __main__:get_sequence:127 - Column GrayStripe #10/24
2021-09-23 14:13:04.428 | INFO     | __main__:get_sequence:127 - Column GrayStripe #11/24
2021-09-23 14:13:04.434 | INFO     | __main__:get_sequence:127 - Column GrayStripe #12/24
2021-09-23 14:13:04.437 | INFO     | __main__:get_sequence:127 - Column GrayStripe #13/24
2021-09-23 14:13:04.441 | INFO     | __main__:get_sequence:127 - Column GrayStripe #14/24
2021-09-23 14:13:04.445 | INFO     | __main__:get_sequence:127 - Column GrayStripe #15/24
2021-09-23 14:13:04.450 | INFO     | __main__:get_sequence:127 - Column GrayStripe #16/24
2021-09-23 14:13:04.454 | INFO     | __main__:get_sequence:127 - Column GrayStripe #17/24
2021-09-23 14:13:04.461 | INFO     | __main__:get_sequence:127 - Column GrayStripe #18/24
2021-09-23 14:13:04.464 | INFO     | __main__:get_sequence:127 - Column GrayStripe #19/24
2021-09-23 14:13:04.468 | INFO     | __main__:get_sequence:127 - Column GrayStripe #20/24
2021-09-23 14:13:04.473 | INFO     | __main__:get_sequence:127 - Column GrayStripe #21/24
2021-09-23 14:13:04.478 | INFO     | __main__:get_sequence:127 - Column GrayStripe #22/24
2021-09-23 14:13:04.482 | INFO     | __main__:get_sequence:127 - Column GrayStripe #23/24
2021-09-23 14:13:04.486 | INFO     | __main__:get_sequence:127 - Column GrayStripe #24/24
2021-09-23 14:13:04.489 | INFO     | __main__:get_sequence:146 - Row GrayStripe #1/24
2021-09-23 14:13:04.495 | INFO     | __main__:get_sequence:146 - Row GrayStripe #2/24
2021-09-23 14:13:04.500 | INFO     | __main__:get_sequence:146 - Row GrayStripe #3/24
2021-09-23 14:13:04.504 | INFO     | __main__:get_sequence:146 - Row GrayStripe #4/24
2021-09-23 14:13:04.507 | INFO     | __main__:get_sequence:146 - Row GrayStripe #5/24
2021-09-23 14:13:04.513 | INFO     | __main__:get_sequence:146 - Row GrayStripe #6/24
2021-09-23 14:13:04.518 | INFO     | __main__:get_sequence:146 - Row GrayStripe #7/24
2021-09-23 14:13:04.523 | INFO     | __main__:get_sequence:146 - Row GrayStripe #8/24
2021-09-23 14:13:04.527 | INFO     | __main__:get_sequence:146 - Row GrayStripe #9/24
2021-09-23 14:13:04.530 | INFO     | __main__:get_sequence:146 - Row GrayStripe #10/24
2021-09-23 14:13:04.533 | INFO     | __main__:get_sequence:146 - Row GrayStripe #11/24
2021-09-23 14:13:04.539 | INFO     | __main__:get_sequence:146 - Row GrayStripe #12/24
2021-09-23 14:13:04.543 | INFO     | __main__:get_sequence:146 - Row GrayStripe #13/24
2021-09-23 14:13:04.547 | INFO     | __main__:get_sequence:146 - Row GrayStripe #14/24
2021-09-23 14:13:04.552 | INFO     | __main__:get_sequence:146 - Row GrayStripe #15/24
2021-09-23 14:13:04.559 | INFO     | __main__:get_sequence:146 - Row GrayStripe #16/24
2021-09-23 14:13:04.564 | INFO     | __main__:get_sequence:146 - Row GrayStripe #17/24
2021-09-23 14:13:04.568 | INFO     | __main__:get_sequence:146 - Row GrayStripe #18/24
2021-09-23 14:13:04.571 | INFO     | __main__:get_sequence:146 - Row GrayStripe #19/24
2021-09-23 14:13:04.577 | INFO     | __main__:get_sequence:146 - Row GrayStripe #20/24
2021-09-23 14:13:04.583 | INFO     | __main__:get_sequence:146 - Row GrayStripe #21/24
2021-09-23 14:13:04.587 | INFO     | __main__:get_sequence:146 - Row GrayStripe #22/24
2021-09-23 14:13:04.590 | INFO     | __main__:get_sequence:146 - Row GrayStripe #23/24
2021-09-23 14:13:04.594 | INFO     | __main__:get_sequence:146 - Row GrayStripe #24/24
2021-09-23 14:13:04.605 | INFO     | __main__:main:216 - Decoding Cols
2021-09-23 14:13:04.743 | INFO     | __main__:main:220 - Decoding Rows
2021-09-23 14:13:56.817 | INFO     | __main__:main:198 - Pose02
2021-09-23 14:13:56.820 | INFO     | __main__:get_sequence:119 - All White
2021-09-23 14:14:39.951 | INFO     | __main__:get_code_LUT_decoding_func:68 - Generating Code LUT
2021-09-23 14:14:39.959 | INFO     | __main__:main:198 - Pose01
2021-09-23 14:14:39.960 | INFO     | __main__:get_sequence:119 - All White
2021-09-23 14:14:39.969 | INFO     | __main__:get_sequence:127 - Column GrayStripe #1/24
2021-09-23 14:14:39.975 | INFO     | __main__:get_sequence:127 - Column GrayStripe #2/24
2021-09-23 14:14:39.980 | INFO     | __main__:get_sequence:127 - Column GrayStripe #3/24
2021-09-23 14:14:39.984 | INFO     | __main__:get_sequence:127 - Column GrayStripe #4/24
2021-09-23 14:14:39.989 | INFO     | __main__:get_sequence:127 - Column GrayStripe #5/24
2021-09-23 14:14:39.994 | INFO     | __main__:get_sequence:127 - Column GrayStripe #6/24
2021-09-23 14:14:39.998 | INFO     | __main__:get_sequence:127 - Column GrayStripe #7/24
2021-09-23 14:14:40.005 | INFO     | __main__:get_sequence:127 - Column GrayStripe #8/24
2021-09-23 14:14:40.011 | INFO     | __main__:get_sequence:127 - Column GrayStripe #9/24
2021-09-23 14:14:40.017 | INFO     | __main__:get_sequence:127 - Column GrayStripe #10/24
2021-09-23 14:14:40.022 | INFO     | __main__:get_sequence:127 - Column GrayStripe #11/24
2021-09-23 14:14:40.027 | INFO     | __main__:get_sequence:127 - Column GrayStripe #12/24
2021-09-23 14:14:40.036 | INFO     | __main__:get_sequence:127 - Column GrayStripe #13/24
2021-09-23 14:14:40.042 | INFO     | __main__:get_sequence:127 - Column GrayStripe #14/24
2021-09-23 14:14:40.046 | INFO     | __main__:get_sequence:127 - Column GrayStripe #15/24
2021-09-23 14:14:40.054 | INFO     | __main__:get_sequence:127 - Column GrayStripe #16/24
2021-09-23 14:14:40.059 | INFO     | __main__:get_sequence:127 - Column GrayStripe #17/24
2021-09-23 14:14:40.063 | INFO     | __main__:get_sequence:127 - Column GrayStripe #18/24
2021-09-23 14:14:40.069 | INFO     | __main__:get_sequence:127 - Column GrayStripe #19/24
2021-09-23 14:14:40.076 | INFO     | __main__:get_sequence:127 - Column GrayStripe #20/24
2021-09-23 14:14:40.080 | INFO     | __main__:get_sequence:127 - Column GrayStripe #21/24
2021-09-23 14:14:40.085 | INFO     | __main__:get_sequence:127 - Column GrayStripe #22/24
2021-09-23 14:14:40.093 | INFO     | __main__:get_sequence:127 - Column GrayStripe #23/24
2021-09-23 14:14:40.105 | INFO     | __main__:get_sequence:127 - Column GrayStripe #24/24
2021-09-23 14:14:40.111 | INFO     | __main__:get_sequence:146 - Row GrayStripe #1/24
2021-09-23 14:14:40.117 | INFO     | __main__:get_sequence:146 - Row GrayStripe #2/24
2021-09-23 14:14:40.126 | INFO     | __main__:get_sequence:146 - Row GrayStripe #3/24
2021-09-23 14:14:40.130 | INFO     | __main__:get_sequence:146 - Row GrayStripe #4/24
2021-09-23 14:14:40.137 | INFO     | __main__:get_sequence:146 - Row GrayStripe #5/24
2021-09-23 14:14:40.144 | INFO     | __main__:get_sequence:146 - Row GrayStripe #6/24
2021-09-23 14:14:40.149 | INFO     | __main__:get_sequence:146 - Row GrayStripe #7/24
2021-09-23 14:14:40.153 | INFO     | __main__:get_sequence:146 - Row GrayStripe #8/24
2021-09-23 14:14:40.159 | INFO     | __main__:get_sequence:146 - Row GrayStripe #9/24
2021-09-23 14:14:40.166 | INFO     | __main__:get_sequence:146 - Row GrayStripe #10/24
2021-09-23 14:14:40.172 | INFO     | __main__:get_sequence:146 - Row GrayStripe #11/24
2021-09-23 14:14:40.175 | INFO     | __main__:get_sequence:146 - Row GrayStripe #12/24
2021-09-23 14:14:40.180 | INFO     | __main__:get_sequence:146 - Row GrayStripe #13/24
2021-09-23 14:14:40.187 | INFO     | __main__:get_sequence:146 - Row GrayStripe #14/24
2021-09-23 14:14:40.193 | INFO     | __main__:get_sequence:146 - Row GrayStripe #15/24
2021-09-23 14:14:40.198 | INFO     | __main__:get_sequence:146 - Row GrayStripe #16/24
2021-09-23 14:14:40.203 | INFO     | __main__:get_sequence:146 - Row GrayStripe #17/24
2021-09-23 14:14:40.209 | INFO     | __main__:get_sequence:146 - Row GrayStripe #18/24
2021-09-23 14:14:40.213 | INFO     | __main__:get_sequence:146 - Row GrayStripe #19/24
2021-09-23 14:14:40.217 | INFO     | __main__:get_sequence:146 - Row GrayStripe #20/24
2021-09-23 14:14:40.223 | INFO     | __main__:get_sequence:146 - Row GrayStripe #21/24
2021-09-23 14:14:40.227 | INFO     | __main__:get_sequence:146 - Row GrayStripe #22/24
2021-09-23 14:14:40.230 | INFO     | __main__:get_sequence:146 - Row GrayStripe #23/24
2021-09-23 14:14:40.237 | INFO     | __main__:get_sequence:146 - Row GrayStripe #24/24
2021-09-23 14:14:40.247 | INFO     | __main__:main:216 - Decoding Cols
2021-09-23 14:14:40.389 | INFO     | __main__:main:220 - Decoding Rows
2021-09-23 14:18:45.386 | INFO     | __main__:get_code_LUT_decoding_func:68 - Generating Code LUT
2021-09-23 14:18:45.390 | INFO     | __main__:main:198 - Pose01
2021-09-23 14:18:45.391 | INFO     | __main__:get_sequence:119 - All White
2021-09-23 14:18:45.399 | INFO     | __main__:get_sequence:127 - Column GrayStripe #1/24
2021-09-23 14:18:45.402 | INFO     | __main__:get_sequence:127 - Column GrayStripe #2/24
2021-09-23 14:18:45.408 | INFO     | __main__:get_sequence:127 - Column GrayStripe #3/24
2021-09-23 14:18:45.411 | INFO     | __main__:get_sequence:127 - Column GrayStripe #4/24
2021-09-23 14:18:45.415 | INFO     | __main__:get_sequence:127 - Column GrayStripe #5/24
2021-09-23 14:18:45.419 | INFO     | __main__:get_sequence:127 - Column GrayStripe #6/24
2021-09-23 14:18:45.423 | INFO     | __main__:get_sequence:127 - Column GrayStripe #7/24
2021-09-23 14:18:45.426 | INFO     | __main__:get_sequence:127 - Column GrayStripe #8/24
2021-09-23 14:18:45.430 | INFO     | __main__:get_sequence:127 - Column GrayStripe #9/24
2021-09-23 14:18:45.434 | INFO     | __main__:get_sequence:127 - Column GrayStripe #10/24
2021-09-23 14:18:45.438 | INFO     | __main__:get_sequence:127 - Column GrayStripe #11/24
2021-09-23 14:18:45.442 | INFO     | __main__:get_sequence:127 - Column GrayStripe #12/24
2021-09-23 14:18:45.446 | INFO     | __main__:get_sequence:127 - Column GrayStripe #13/24
2021-09-23 14:18:45.449 | INFO     | __main__:get_sequence:127 - Column GrayStripe #14/24
2021-09-23 14:18:45.452 | INFO     | __main__:get_sequence:127 - Column GrayStripe #15/24
2021-09-23 14:18:45.457 | INFO     | __main__:get_sequence:127 - Column GrayStripe #16/24
2021-09-23 14:18:45.463 | INFO     | __main__:get_sequence:127 - Column GrayStripe #17/24
2021-09-23 14:18:45.467 | INFO     | __main__:get_sequence:127 - Column GrayStripe #18/24
2021-09-23 14:18:45.470 | INFO     | __main__:get_sequence:127 - Column GrayStripe #19/24
2021-09-23 14:18:45.473 | INFO     | __main__:get_sequence:127 - Column GrayStripe #20/24
2021-09-23 14:18:45.476 | INFO     | __main__:get_sequence:127 - Column GrayStripe #21/24
2021-09-23 14:18:45.482 | INFO     | __main__:get_sequence:127 - Column GrayStripe #22/24
2021-09-23 14:18:45.486 | INFO     | __main__:get_sequence:127 - Column GrayStripe #23/24
2021-09-23 14:18:45.490 | INFO     | __main__:get_sequence:127 - Column GrayStripe #24/24
2021-09-23 14:18:45.493 | INFO     | __main__:get_sequence:146 - Row GrayStripe #1/24
2021-09-23 14:18:45.496 | INFO     | __main__:get_sequence:146 - Row GrayStripe #2/24
2021-09-23 14:18:45.500 | INFO     | __main__:get_sequence:146 - Row GrayStripe #3/24
2021-09-23 14:18:45.506 | INFO     | __main__:get_sequence:146 - Row GrayStripe #4/24
2021-09-23 14:18:45.509 | INFO     | __main__:get_sequence:146 - Row GrayStripe #5/24
2021-09-23 14:18:45.513 | INFO     | __main__:get_sequence:146 - Row GrayStripe #6/24
2021-09-23 14:18:45.516 | INFO     | __main__:get_sequence:146 - Row GrayStripe #7/24
2021-09-23 14:18:45.519 | INFO     | __main__:get_sequence:146 - Row GrayStripe #8/24
2021-09-23 14:18:45.525 | INFO     | __main__:get_sequence:146 - Row GrayStripe #9/24
2021-09-23 14:18:45.530 | INFO     | __main__:get_sequence:146 - Row GrayStripe #10/24
2021-09-23 14:18:45.533 | INFO     | __main__:get_sequence:146 - Row GrayStripe #11/24
2021-09-23 14:18:45.536 | INFO     | __main__:get_sequence:146 - Row GrayStripe #12/24
2021-09-23 14:18:45.540 | INFO     | __main__:get_sequence:146 - Row GrayStripe #13/24
2021-09-23 14:18:45.546 | INFO     | __main__:get_sequence:146 - Row GrayStripe #14/24
2021-09-23 14:18:45.550 | INFO     | __main__:get_sequence:146 - Row GrayStripe #15/24
2021-09-23 14:18:45.553 | INFO     | __main__:get_sequence:146 - Row GrayStripe #16/24
2021-09-23 14:18:45.556 | INFO     | __main__:get_sequence:146 - Row GrayStripe #17/24
2021-09-23 14:18:45.560 | INFO     | __main__:get_sequence:146 - Row GrayStripe #18/24
2021-09-23 14:18:45.564 | INFO     | __main__:get_sequence:146 - Row GrayStripe #19/24
2021-09-23 14:18:45.569 | INFO     | __main__:get_sequence:146 - Row GrayStripe #20/24
2021-09-23 14:18:45.574 | INFO     | __main__:get_sequence:146 - Row GrayStripe #21/24
2021-09-23 14:18:45.577 | INFO     | __main__:get_sequence:146 - Row GrayStripe #22/24
2021-09-23 14:18:45.580 | INFO     | __main__:get_sequence:146 - Row GrayStripe #23/24
2021-09-23 14:18:45.586 | INFO     | __main__:get_sequence:146 - Row GrayStripe #24/24
2021-09-23 14:18:45.596 | INFO     | __main__:main:216 - Decoding Cols
2021-09-23 14:18:45.732 | INFO     | __main__:main:219 - Decoding Rows
2021-09-23 14:21:43.196 | INFO     | __main__:get_code_LUT_decoding_func:68 - Generating Code LUT
2021-09-23 14:21:43.206 | INFO     | __main__:main:198 - Pose01
2021-09-23 14:21:43.207 | INFO     | __main__:get_sequence:119 - All White
2021-09-23 14:21:43.236 | INFO     | __main__:get_sequence:127 - Column GrayStripe #1/24
2021-09-23 14:21:43.262 | INFO     | __main__:get_sequence:127 - Column GrayStripe #2/24
2021-09-23 14:21:43.268 | INFO     | __main__:get_sequence:127 - Column GrayStripe #3/24
2021-09-23 14:21:43.273 | INFO     | __main__:get_sequence:127 - Column GrayStripe #4/24
2021-09-23 14:21:43.277 | INFO     | __main__:get_sequence:127 - Column GrayStripe #5/24
2021-09-23 14:21:43.283 | INFO     | __main__:get_sequence:127 - Column GrayStripe #6/24
2021-09-23 14:21:43.290 | INFO     | __main__:get_sequence:127 - Column GrayStripe #7/24
2021-09-23 14:21:43.293 | INFO     | __main__:get_sequence:127 - Column GrayStripe #8/24
2021-09-23 14:21:43.300 | INFO     | __main__:get_sequence:127 - Column GrayStripe #9/24
2021-09-23 14:21:43.306 | INFO     | __main__:get_sequence:127 - Column GrayStripe #10/24
2021-09-23 14:21:43.310 | INFO     | __main__:get_sequence:127 - Column GrayStripe #11/24
2021-09-23 14:21:43.313 | INFO     | __main__:get_sequence:127 - Column GrayStripe #12/24
2021-09-23 14:21:43.318 | INFO     | __main__:get_sequence:127 - Column GrayStripe #13/24
2021-09-23 14:21:43.327 | INFO     | __main__:get_sequence:127 - Column GrayStripe #14/24
2021-09-23 14:21:43.333 | INFO     | __main__:get_sequence:127 - Column GrayStripe #15/24
2021-09-23 14:21:43.338 | INFO     | __main__:get_sequence:127 - Column GrayStripe #16/24
2021-09-23 14:21:43.350 | INFO     | __main__:get_sequence:127 - Column GrayStripe #17/24
2021-09-23 14:21:43.355 | INFO     | __main__:get_sequence:127 - Column GrayStripe #18/24
2021-09-23 14:21:43.360 | INFO     | __main__:get_sequence:127 - Column GrayStripe #19/24
2021-09-23 14:21:43.369 | INFO     | __main__:get_sequence:127 - Column GrayStripe #20/24
2021-09-23 14:21:43.376 | INFO     | __main__:get_sequence:127 - Column GrayStripe #21/24
2021-09-23 14:21:43.381 | INFO     | __main__:get_sequence:127 - Column GrayStripe #22/24
2021-09-23 14:21:43.390 | INFO     | __main__:get_sequence:127 - Column GrayStripe #23/24
2021-09-23 14:21:43.397 | INFO     | __main__:get_sequence:127 - Column GrayStripe #24/24
2021-09-23 14:21:43.402 | INFO     | __main__:get_sequence:146 - Row GrayStripe #1/24
2021-09-23 14:21:43.408 | INFO     | __main__:get_sequence:146 - Row GrayStripe #2/24
2021-09-23 14:21:43.417 | INFO     | __main__:get_sequence:146 - Row GrayStripe #3/24
2021-09-23 14:21:43.421 | INFO     | __main__:get_sequence:146 - Row GrayStripe #4/24
2021-09-23 14:21:43.426 | INFO     | __main__:get_sequence:146 - Row GrayStripe #5/24
2021-09-23 14:21:43.436 | INFO     | __main__:get_sequence:146 - Row GrayStripe #6/24
2021-09-23 14:21:43.442 | INFO     | __main__:get_sequence:146 - Row GrayStripe #7/24
2021-09-23 14:21:43.447 | INFO     | __main__:get_sequence:146 - Row GrayStripe #8/24
2021-09-23 14:21:43.459 | INFO     | __main__:get_sequence:146 - Row GrayStripe #9/24
2021-09-23 14:21:43.464 | INFO     | __main__:get_sequence:146 - Row GrayStripe #10/24
2021-09-23 14:21:43.472 | INFO     | __main__:get_sequence:146 - Row GrayStripe #11/24
2021-09-23 14:21:43.479 | INFO     | __main__:get_sequence:146 - Row GrayStripe #12/24
2021-09-23 14:21:43.486 | INFO     | __main__:get_sequence:146 - Row GrayStripe #13/24
2021-09-23 14:21:43.492 | INFO     | __main__:get_sequence:146 - Row GrayStripe #14/24
2021-09-23 14:21:43.499 | INFO     | __main__:get_sequence:146 - Row GrayStripe #15/24
2021-09-23 14:21:43.504 | INFO     | __main__:get_sequence:146 - Row GrayStripe #16/24
2021-09-23 14:21:43.510 | INFO     | __main__:get_sequence:146 - Row GrayStripe #17/24
2021-09-23 14:21:43.519 | INFO     | __main__:get_sequence:146 - Row GrayStripe #18/24
2021-09-23 14:21:43.527 | INFO     | __main__:get_sequence:146 - Row GrayStripe #19/24
2021-09-23 14:21:43.533 | INFO     | __main__:get_sequence:146 - Row GrayStripe #20/24
2021-09-23 14:21:43.540 | INFO     | __main__:get_sequence:146 - Row GrayStripe #21/24
2021-09-23 14:21:43.547 | INFO     | __main__:get_sequence:146 - Row GrayStripe #22/24
2021-09-23 14:21:43.552 | INFO     | __main__:get_sequence:146 - Row GrayStripe #23/24
2021-09-23 14:21:43.559 | INFO     | __main__:get_sequence:146 - Row GrayStripe #24/24
2021-09-23 14:21:43.571 | INFO     | __main__:main:216 - Decoding Cols
2021-09-23 14:21:43.715 | INFO     | __main__:main:219 - Decoding Rows
2021-09-23 14:23:26.245 | INFO     | __main__:get_code_LUT_decoding_func:68 - Generating Code LUT
2021-09-23 14:23:26.251 | INFO     | __main__:main:198 - Pose01
2021-09-23 14:23:26.252 | INFO     | __main__:get_sequence:119 - All White
2021-09-23 14:23:26.259 | INFO     | __main__:get_sequence:127 - Column GrayStripe #1/24
2021-09-23 14:23:26.263 | INFO     | __main__:get_sequence:127 - Column GrayStripe #2/24
2021-09-23 14:23:26.267 | INFO     | __main__:get_sequence:127 - Column GrayStripe #3/24
2021-09-23 14:23:26.271 | INFO     | __main__:get_sequence:127 - Column GrayStripe #4/24
2021-09-23 14:23:26.274 | INFO     | __main__:get_sequence:127 - Column GrayStripe #5/24
2021-09-23 14:23:26.279 | INFO     | __main__:get_sequence:127 - Column GrayStripe #6/24
2021-09-23 14:23:26.282 | INFO     | __main__:get_sequence:127 - Column GrayStripe #7/24
2021-09-23 14:23:26.286 | INFO     | __main__:get_sequence:127 - Column GrayStripe #8/24
2021-09-23 14:23:26.291 | INFO     | __main__:get_sequence:127 - Column GrayStripe #9/24
2021-09-23 14:23:26.293 | INFO     | __main__:get_sequence:127 - Column GrayStripe #10/24
2021-09-23 14:23:26.297 | INFO     | __main__:get_sequence:127 - Column GrayStripe #11/24
2021-09-23 14:23:26.300 | INFO     | __main__:get_sequence:127 - Column GrayStripe #12/24
2021-09-23 14:23:26.303 | INFO     | __main__:get_sequence:127 - Column GrayStripe #13/24
2021-09-23 14:23:26.306 | INFO     | __main__:get_sequence:127 - Column GrayStripe #14/24
2021-09-23 14:23:26.309 | INFO     | __main__:get_sequence:127 - Column GrayStripe #15/24
2021-09-23 14:23:26.313 | INFO     | __main__:get_sequence:127 - Column GrayStripe #16/24
2021-09-23 14:23:26.316 | INFO     | __main__:get_sequence:127 - Column GrayStripe #17/24
2021-09-23 14:23:26.320 | INFO     | __main__:get_sequence:127 - Column GrayStripe #18/24
2021-09-23 14:23:26.324 | INFO     | __main__:get_sequence:127 - Column GrayStripe #19/24
2021-09-23 14:23:26.327 | INFO     | __main__:get_sequence:127 - Column GrayStripe #20/24
2021-09-23 14:23:26.330 | INFO     | __main__:get_sequence:127 - Column GrayStripe #21/24
2021-09-23 14:23:26.333 | INFO     | __main__:get_sequence:127 - Column GrayStripe #22/24
2021-09-23 14:23:26.337 | INFO     | __main__:get_sequence:127 - Column GrayStripe #23/24
2021-09-23 14:23:26.342 | INFO     | __main__:get_sequence:127 - Column GrayStripe #24/24
2021-09-23 14:23:26.345 | INFO     | __main__:get_sequence:146 - Row GrayStripe #1/24
2021-09-23 14:23:26.348 | INFO     | __main__:get_sequence:146 - Row GrayStripe #2/24
2021-09-23 14:23:26.351 | INFO     | __main__:get_sequence:146 - Row GrayStripe #3/24
2021-09-23 14:23:26.354 | INFO     | __main__:get_sequence:146 - Row GrayStripe #4/24
2021-09-23 14:23:26.359 | INFO     | __main__:get_sequence:146 - Row GrayStripe #5/24
2021-09-23 14:23:26.364 | INFO     | __main__:get_sequence:146 - Row GrayStripe #6/24
2021-09-23 14:23:26.367 | INFO     | __main__:get_sequence:146 - Row GrayStripe #7/24
2021-09-23 14:23:26.371 | INFO     | __main__:get_sequence:146 - Row GrayStripe #8/24
2021-09-23 14:23:26.374 | INFO     | __main__:get_sequence:146 - Row GrayStripe #9/24
2021-09-23 14:23:26.380 | INFO     | __main__:get_sequence:146 - Row GrayStripe #10/24
2021-09-23 14:23:26.385 | INFO     | __main__:get_sequence:146 - Row GrayStripe #11/24
2021-09-23 14:23:26.389 | INFO     | __main__:get_sequence:146 - Row GrayStripe #12/24
2021-09-23 14:23:26.392 | INFO     | __main__:get_sequence:146 - Row GrayStripe #13/24
2021-09-23 14:23:26.395 | INFO     | __main__:get_sequence:146 - Row GrayStripe #14/24
2021-09-23 14:23:26.400 | INFO     | __main__:get_sequence:146 - Row GrayStripe #15/24
2021-09-23 14:23:26.403 | INFO     | __main__:get_sequence:146 - Row GrayStripe #16/24
2021-09-23 14:23:26.408 | INFO     | __main__:get_sequence:146 - Row GrayStripe #17/24
2021-09-23 14:23:26.411 | INFO     | __main__:get_sequence:146 - Row GrayStripe #18/24
2021-09-23 14:23:26.414 | INFO     | __main__:get_sequence:146 - Row GrayStripe #19/24
2021-09-23 14:23:26.417 | INFO     | __main__:get_sequence:146 - Row GrayStripe #20/24
2021-09-23 14:23:26.422 | INFO     | __main__:get_sequence:146 - Row GrayStripe #21/24
2021-09-23 14:23:26.426 | INFO     | __main__:get_sequence:146 - Row GrayStripe #22/24
2021-09-23 14:23:26.430 | INFO     | __main__:get_sequence:146 - Row GrayStripe #23/24
2021-09-23 14:23:26.434 | INFO     | __main__:get_sequence:146 - Row GrayStripe #24/24
2021-09-23 14:23:26.441 | INFO     | __main__:main:216 - Decoding Cols
2021-09-23 14:23:26.580 | INFO     | __main__:main:219 - Decoding Rows
2021-09-23 14:26:32.050 | INFO     | __main__:get_code_LUT_decoding_func:69 - Generating Code LUT
2021-09-23 14:26:32.054 | INFO     | __main__:main:199 - Pose01
2021-09-23 14:26:32.055 | INFO     | __main__:get_sequence:120 - All White
2021-09-23 14:26:32.071 | INFO     | __main__:get_sequence:128 - Column GrayStripe #1/24
2021-09-23 14:26:32.074 | INFO     | __main__:get_sequence:128 - Column GrayStripe #2/24
2021-09-23 14:26:32.077 | INFO     | __main__:get_sequence:128 - Column GrayStripe #3/24
2021-09-23 14:26:32.080 | INFO     | __main__:get_sequence:128 - Column GrayStripe #4/24
2021-09-23 14:26:32.085 | INFO     | __main__:get_sequence:128 - Column GrayStripe #5/24
2021-09-23 14:26:32.088 | INFO     | __main__:get_sequence:128 - Column GrayStripe #6/24
2021-09-23 14:26:32.091 | INFO     | __main__:get_sequence:128 - Column GrayStripe #7/24
2021-09-23 14:26:32.094 | INFO     | __main__:get_sequence:128 - Column GrayStripe #8/24
2021-09-23 14:26:32.097 | INFO     | __main__:get_sequence:128 - Column GrayStripe #9/24
2021-09-23 14:26:32.100 | INFO     | __main__:get_sequence:128 - Column GrayStripe #10/24
2021-09-23 14:26:32.104 | INFO     | __main__:get_sequence:128 - Column GrayStripe #11/24
2021-09-23 14:26:32.108 | INFO     | __main__:get_sequence:128 - Column GrayStripe #12/24
2021-09-23 14:26:32.111 | INFO     | __main__:get_sequence:128 - Column GrayStripe #13/24
2021-09-23 14:26:32.115 | INFO     | __main__:get_sequence:128 - Column GrayStripe #14/24
2021-09-23 14:26:32.121 | INFO     | __main__:get_sequence:128 - Column GrayStripe #15/24
2021-09-23 14:26:32.125 | INFO     | __main__:get_sequence:128 - Column GrayStripe #16/24
2021-09-23 14:26:32.131 | INFO     | __main__:get_sequence:128 - Column GrayStripe #17/24
2021-09-23 14:26:32.135 | INFO     | __main__:get_sequence:128 - Column GrayStripe #18/24
2021-09-23 14:26:32.140 | INFO     | __main__:get_sequence:128 - Column GrayStripe #19/24
2021-09-23 14:26:32.144 | INFO     | __main__:get_sequence:128 - Column GrayStripe #20/24
2021-09-23 14:26:32.151 | INFO     | __main__:get_sequence:128 - Column GrayStripe #21/24
2021-09-23 14:26:32.156 | INFO     | __main__:get_sequence:128 - Column GrayStripe #22/24
2021-09-23 14:26:32.160 | INFO     | __main__:get_sequence:128 - Column GrayStripe #23/24
2021-09-23 14:26:32.166 | INFO     | __main__:get_sequence:128 - Column GrayStripe #24/24
2021-09-23 14:26:32.171 | INFO     | __main__:get_sequence:147 - Row GrayStripe #1/24
2021-09-23 14:26:32.176 | INFO     | __main__:get_sequence:147 - Row GrayStripe #2/24
2021-09-23 14:26:32.180 | INFO     | __main__:get_sequence:147 - Row GrayStripe #3/24
2021-09-23 14:26:32.183 | INFO     | __main__:get_sequence:147 - Row GrayStripe #4/24
2021-09-23 14:26:32.188 | INFO     | __main__:get_sequence:147 - Row GrayStripe #5/24
2021-09-23 14:26:32.196 | INFO     | __main__:get_sequence:147 - Row GrayStripe #6/24
2021-09-23 14:26:32.202 | INFO     | __main__:get_sequence:147 - Row GrayStripe #7/24
2021-09-23 14:26:32.208 | INFO     | __main__:get_sequence:147 - Row GrayStripe #8/24
2021-09-23 14:26:32.215 | INFO     | __main__:get_sequence:147 - Row GrayStripe #9/24
2021-09-23 14:26:32.219 | INFO     | __main__:get_sequence:147 - Row GrayStripe #10/24
2021-09-23 14:26:32.224 | INFO     | __main__:get_sequence:147 - Row GrayStripe #11/24
2021-09-23 14:26:32.229 | INFO     | __main__:get_sequence:147 - Row GrayStripe #12/24
2021-09-23 14:26:32.234 | INFO     | __main__:get_sequence:147 - Row GrayStripe #13/24
2021-09-23 14:26:32.240 | INFO     | __main__:get_sequence:147 - Row GrayStripe #14/24
2021-09-23 14:26:32.245 | INFO     | __main__:get_sequence:147 - Row GrayStripe #15/24
2021-09-23 14:26:32.248 | INFO     | __main__:get_sequence:147 - Row GrayStripe #16/24
2021-09-23 14:26:32.254 | INFO     | __main__:get_sequence:147 - Row GrayStripe #17/24
2021-09-23 14:26:32.261 | INFO     | __main__:get_sequence:147 - Row GrayStripe #18/24
2021-09-23 14:26:32.264 | INFO     | __main__:get_sequence:147 - Row GrayStripe #19/24
2021-09-23 14:26:32.269 | INFO     | __main__:get_sequence:147 - Row GrayStripe #20/24
2021-09-23 14:26:32.275 | INFO     | __main__:get_sequence:147 - Row GrayStripe #21/24
2021-09-23 14:26:32.281 | INFO     | __main__:get_sequence:147 - Row GrayStripe #22/24
2021-09-23 14:26:32.285 | INFO     | __main__:get_sequence:147 - Row GrayStripe #23/24
2021-09-23 14:26:32.289 | INFO     | __main__:get_sequence:147 - Row GrayStripe #24/24
2021-09-23 14:26:32.299 | INFO     | __main__:main:217 - Decoding Cols
2021-09-23 14:26:32.442 | INFO     | __main__:main:220 - Decoding Rows
2021-09-23 14:26:38.790 | INFO     | __main__:main:199 - Pose02
2021-09-23 14:26:38.791 | INFO     | __main__:get_sequence:120 - All White
2021-09-23 14:26:45.874 | INFO     | __main__:get_sequence:128 - Column GrayStripe #1/24
2021-09-23 14:27:07.013 | INFO     | __main__:get_sequence:128 - Column GrayStripe #2/24
2021-09-23 14:27:25.900 | INFO     | __main__:get_sequence:128 - Column GrayStripe #3/24
2021-09-23 14:27:45.666 | INFO     | __main__:get_sequence:128 - Column GrayStripe #4/24
2021-09-23 14:28:05.592 | INFO     | __main__:get_sequence:128 - Column GrayStripe #5/24
2021-09-23 14:28:25.330 | INFO     | __main__:get_sequence:128 - Column GrayStripe #6/24
2021-09-23 14:28:43.646 | INFO     | __main__:get_sequence:128 - Column GrayStripe #7/24
2021-09-23 14:29:02.172 | INFO     | __main__:get_sequence:128 - Column GrayStripe #8/24
2021-09-23 14:29:23.471 | INFO     | __main__:get_sequence:128 - Column GrayStripe #9/24
2021-09-23 14:29:45.750 | INFO     | __main__:get_sequence:128 - Column GrayStripe #10/24
2021-09-23 14:30:03.545 | INFO     | __main__:get_sequence:128 - Column GrayStripe #11/24
2021-09-23 14:30:21.463 | INFO     | __main__:get_sequence:128 - Column GrayStripe #12/24
2021-09-23 14:30:38.995 | INFO     | __main__:get_sequence:128 - Column GrayStripe #13/24
2021-09-23 14:30:57.957 | INFO     | __main__:get_sequence:128 - Column GrayStripe #14/24
2021-09-23 14:31:17.477 | INFO     | __main__:get_sequence:128 - Column GrayStripe #15/24
2021-09-23 14:31:36.284 | INFO     | __main__:get_sequence:128 - Column GrayStripe #16/24
2021-09-23 14:31:58.567 | INFO     | __main__:get_sequence:128 - Column GrayStripe #17/24
2021-09-23 14:32:19.256 | INFO     | __main__:get_sequence:128 - Column GrayStripe #18/24
2021-09-23 14:32:40.692 | INFO     | __main__:get_sequence:128 - Column GrayStripe #19/24
2021-09-23 14:33:03.066 | INFO     | __main__:get_sequence:128 - Column GrayStripe #20/24
2021-09-23 14:33:23.422 | INFO     | __main__:get_sequence:128 - Column GrayStripe #21/24
2021-09-23 14:33:42.089 | INFO     | __main__:get_sequence:128 - Column GrayStripe #22/24
2021-09-23 14:34:00.807 | INFO     | __main__:get_sequence:128 - Column GrayStripe #23/24
2021-09-23 14:34:19.277 | INFO     | __main__:get_sequence:128 - Column GrayStripe #24/24
2021-09-23 14:34:37.734 | INFO     | __main__:get_sequence:147 - Row GrayStripe #1/24
2021-09-23 14:34:57.649 | INFO     | __main__:get_sequence:147 - Row GrayStripe #2/24
2021-09-23 14:35:19.873 | INFO     | __main__:get_sequence:147 - Row GrayStripe #3/24
2021-09-23 14:35:39.588 | INFO     | __main__:get_sequence:147 - Row GrayStripe #4/24
2021-09-23 14:35:58.845 | INFO     | __main__:get_sequence:147 - Row GrayStripe #5/24
2021-09-23 14:36:16.853 | INFO     | __main__:get_sequence:147 - Row GrayStripe #6/24
2021-09-23 14:36:34.717 | INFO     | __main__:get_sequence:147 - Row GrayStripe #7/24
2021-09-23 14:36:53.599 | INFO     | __main__:get_sequence:147 - Row GrayStripe #8/24
2021-09-23 14:37:14.091 | INFO     | __main__:get_sequence:147 - Row GrayStripe #9/24
2021-09-23 14:37:33.433 | INFO     | __main__:get_sequence:147 - Row GrayStripe #10/24
2021-09-23 14:38:02.247 | INFO     | __main__:get_sequence:147 - Row GrayStripe #11/24
2021-09-23 14:38:22.964 | INFO     | __main__:get_sequence:147 - Row GrayStripe #12/24
2021-09-23 14:38:44.420 | INFO     | __main__:get_sequence:147 - Row GrayStripe #13/24
2021-09-23 14:39:06.620 | INFO     | __main__:get_sequence:147 - Row GrayStripe #14/24
2021-09-23 14:39:26.609 | INFO     | __main__:get_sequence:147 - Row GrayStripe #15/24
2021-09-23 14:39:45.488 | INFO     | __main__:get_sequence:147 - Row GrayStripe #16/24
2021-09-23 14:40:04.175 | INFO     | __main__:get_sequence:147 - Row GrayStripe #17/24
2021-09-23 14:40:25.442 | INFO     | __main__:get_sequence:147 - Row GrayStripe #18/24
2021-09-23 14:40:43.815 | INFO     | __main__:get_sequence:147 - Row GrayStripe #19/24
2021-09-23 14:41:02.121 | INFO     | __main__:get_sequence:147 - Row GrayStripe #20/24
2021-09-23 14:41:21.286 | INFO     | __main__:get_sequence:147 - Row GrayStripe #21/24
2021-09-23 14:41:43.651 | INFO     | __main__:get_sequence:147 - Row GrayStripe #22/24
2021-09-23 14:42:06.645 | INFO     | __main__:get_sequence:147 - Row GrayStripe #23/24
2021-09-23 14:42:27.233 | INFO     | __main__:get_sequence:147 - Row GrayStripe #24/24
2021-09-23 14:42:45.581 | INFO     | __main__:main:217 - Decoding Cols
2021-09-23 14:42:45.716 | INFO     | __main__:main:220 - Decoding Rows
2021-09-23 14:44:39.069 | INFO     | __main__:main:199 - Pose03
2021-09-23 14:44:39.072 | INFO     | __main__:get_sequence:120 - All White
2021-09-23 14:44:49.784 | INFO     | __main__:get_sequence:128 - Column GrayStripe #1/24
2021-09-23 14:45:11.689 | INFO     | __main__:get_sequence:128 - Column GrayStripe #2/24
2021-09-23 14:45:33.163 | INFO     | __main__:get_sequence:128 - Column GrayStripe #3/24
2021-09-23 14:45:52.506 | INFO     | __main__:get_sequence:128 - Column GrayStripe #4/24
2021-09-23 14:46:12.387 | INFO     | __main__:get_sequence:128 - Column GrayStripe #5/24
2021-09-23 14:46:32.469 | INFO     | __main__:get_sequence:128 - Column GrayStripe #6/24
2021-09-23 14:46:53.057 | INFO     | __main__:get_sequence:128 - Column GrayStripe #7/24
2021-09-23 14:47:14.276 | INFO     | __main__:get_sequence:128 - Column GrayStripe #8/24
2021-09-23 14:47:33.962 | INFO     | __main__:get_sequence:128 - Column GrayStripe #9/24
2021-09-23 14:47:56.749 | INFO     | __main__:get_sequence:128 - Column GrayStripe #10/24
2021-09-23 14:48:21.056 | INFO     | __main__:get_sequence:128 - Column GrayStripe #11/24
2021-09-23 14:48:41.474 | INFO     | __main__:get_sequence:128 - Column GrayStripe #12/24
2021-09-23 14:49:03.588 | INFO     | __main__:get_sequence:128 - Column GrayStripe #13/24
2021-09-23 14:49:25.548 | INFO     | __main__:get_sequence:128 - Column GrayStripe #14/24
2021-09-23 14:49:44.395 | INFO     | __main__:get_sequence:128 - Column GrayStripe #15/24
2021-09-23 14:50:02.904 | INFO     | __main__:get_sequence:128 - Column GrayStripe #16/24
2021-09-23 14:50:23.622 | INFO     | __main__:get_sequence:128 - Column GrayStripe #17/24
2021-09-23 14:50:43.499 | INFO     | __main__:get_sequence:128 - Column GrayStripe #18/24
2021-09-23 14:51:02.053 | INFO     | __main__:get_sequence:128 - Column GrayStripe #19/24
2021-09-23 14:51:21.168 | INFO     | __main__:get_sequence:128 - Column GrayStripe #20/24
2021-09-23 14:51:40.387 | INFO     | __main__:get_sequence:128 - Column GrayStripe #21/24
2021-09-23 14:51:58.941 | INFO     | __main__:get_sequence:128 - Column GrayStripe #22/24
2021-09-23 14:52:20.560 | INFO     | __main__:get_sequence:128 - Column GrayStripe #23/24
2021-09-23 14:52:40.032 | INFO     | __main__:get_sequence:128 - Column GrayStripe #24/24
2021-09-23 14:53:00.803 | INFO     | __main__:get_sequence:147 - Row GrayStripe #1/24
2021-09-23 14:53:21.427 | INFO     | __main__:get_sequence:147 - Row GrayStripe #2/24
2021-09-23 14:53:40.625 | INFO     | __main__:get_sequence:147 - Row GrayStripe #3/24
2021-09-23 14:54:00.235 | INFO     | __main__:get_sequence:147 - Row GrayStripe #4/24
2021-09-23 14:54:20.592 | INFO     | __main__:get_sequence:147 - Row GrayStripe #5/24
2021-09-23 14:54:40.498 | INFO     | __main__:get_sequence:147 - Row GrayStripe #6/24
2021-09-23 14:54:58.693 | INFO     | __main__:get_sequence:147 - Row GrayStripe #7/24
2021-09-23 14:55:16.254 | INFO     | __main__:get_sequence:147 - Row GrayStripe #8/24
2021-09-23 14:55:34.958 | INFO     | __main__:get_sequence:147 - Row GrayStripe #9/24
2021-09-23 14:55:55.122 | INFO     | __main__:get_sequence:147 - Row GrayStripe #10/24
2021-09-23 14:56:18.624 | INFO     | __main__:get_sequence:147 - Row GrayStripe #11/24
2021-09-23 14:56:36.916 | INFO     | __main__:get_sequence:147 - Row GrayStripe #12/24
2021-09-23 14:56:54.620 | INFO     | __main__:get_sequence:147 - Row GrayStripe #13/24
2021-09-23 14:57:13.722 | INFO     | __main__:get_sequence:147 - Row GrayStripe #14/24
2021-09-23 14:57:31.045 | INFO     | __main__:get_sequence:147 - Row GrayStripe #15/24
2021-09-23 14:57:49.341 | INFO     | __main__:get_sequence:147 - Row GrayStripe #16/24
